running develop
Removing /home/pullen65/rat-trak/ros2_ws/install/image_pub/lib/python3.12/site-packages/image-pub.egg-link (link to .)
running egg_info
writing ../../build/image_pub/image_pub.egg-info/PKG-INFO
writing dependency_links to ../../build/image_pub/image_pub.egg-info/dependency_links.txt
writing entry points to ../../build/image_pub/image_pub.egg-info/entry_points.txt
writing requirements to ../../build/image_pub/image_pub.egg-info/requires.txt
writing top-level names to ../../build/image_pub/image_pub.egg-info/top_level.txt
reading manifest file '../../build/image_pub/image_pub.egg-info/SOURCES.txt'
writing manifest file '../../build/image_pub/image_pub.egg-info/SOURCES.txt'
running build
running build_py
running install
running install_lib
creating /home/pullen65/rat-trak/ros2_ws/install/image_pub/lib/python3.12/site-packages/image_pub
copying /home/pullen65/rat-trak/ros2_ws/build/image_pub/build/lib/image_pub/publisher_node.py -> /home/pullen65/rat-trak/ros2_ws/install/image_pub/lib/python3.12/site-packages/image_pub
copying /home/pullen65/rat-trak/ros2_ws/build/image_pub/build/lib/image_pub/__init__.py -> /home/pullen65/rat-trak/ros2_ws/install/image_pub/lib/python3.12/site-packages/image_pub
byte-compiling /home/pullen65/rat-trak/ros2_ws/install/image_pub/lib/python3.12/site-packages/image_pub/publisher_node.py to publisher_node.cpython-312.pyc
byte-compiling /home/pullen65/rat-trak/ros2_ws/install/image_pub/lib/python3.12/site-packages/image_pub/__init__.py to __init__.cpython-312.pyc
running install_data
copying resource/image_pub -> /home/pullen65/rat-trak/ros2_ws/install/image_pub/share/ament_index/resource_index/packages
copying package.xml -> /home/pullen65/rat-trak/ros2_ws/install/image_pub/share/image_pub
running install_egg_info
Copying ../../build/image_pub/image_pub.egg-info to /home/pullen65/rat-trak/ros2_ws/install/image_pub/lib/python3.12/site-packages/image_pub-0.0.0-py3.12.egg-info
running install_scripts
Installing image_publisher script to /home/pullen65/rat-trak/ros2_ws/install/image_pub/lib/image_pub
writing list of installed files to '/home/pullen65/rat-trak/ros2_ws/build/image_pub/install.log'
