[1.741s] Invoking command in '/home/pullen65/rat-trak/ros2_ws/build/image_pub': PYTHONPATH=/home/pullen65/rat-trak/ros2_ws/build/image_pub/prefix_override:/usr/lib/python3/dist-packages/colcon_core/task/python/colcon_distutils_commands:/home/pullen65/rat-trak/ros2_ws/install/image_pub/lib/python3.12/site-packages:${PYTHONPATH} /usr/bin/python3 -W ignore:setup.py install is deprecated setup.py develop --uninstall --editable --build-directory /home/pullen65/rat-trak/ros2_ws/build/image_pub/build
[2.106s] running develop
[2.106s] /usr/lib/python3/dist-packages/setuptools/command/develop.py:40: EasyInstallDeprecationWarning: easy_install command is deprecated.
[2.106s] !!
[2.106s] 
[2.106s]         ********************************************************************************
[2.106s]         Please avoid running ``setup.py`` and ``easy_install``.
[2.106s]         Instead, use pypa/build, pypa/installer or other
[2.106s]         standards-based tools.
[2.106s] 
[2.106s]         See https://github.com/pypa/setuptools/issues/917 for details.
[2.107s]         ********************************************************************************
[2.107s] 
[2.107s] !!
[2.107s]   easy_install.initialize_options(self)
[2.345s] Removing /home/pullen65/rat-trak/ros2_ws/install/image_pub/lib/python3.12/site-packages/image-pub.egg-link (link to .)
[2.397s] Invoked command in '/home/pullen65/rat-trak/ros2_ws/build/image_pub' returned '0': PYTHONPATH=/home/pullen65/rat-trak/ros2_ws/build/image_pub/prefix_override:/usr/lib/python3/dist-packages/colcon_core/task/python/colcon_distutils_commands:/home/pullen65/rat-trak/ros2_ws/install/image_pub/lib/python3.12/site-packages:${PYTHONPATH} /usr/bin/python3 -W ignore:setup.py install is deprecated setup.py develop --uninstall --editable --build-directory /home/pullen65/rat-trak/ros2_ws/build/image_pub/build
[2.398s] Invoking command in '/home/pullen65/rat-trak/ros2_ws/src/image_pub': PYTHONPATH=/home/pullen65/rat-trak/ros2_ws/build/image_pub/prefix_override:/usr/lib/python3/dist-packages/colcon_core/task/python/colcon_distutils_commands:/home/pullen65/rat-trak/ros2_ws/install/image_pub/lib/python3.12/site-packages:${PYTHONPATH} /usr/bin/python3 -W ignore:setup.py install is deprecated setup.py egg_info --egg-base ../../build/image_pub build --build-base /home/pullen65/rat-trak/ros2_ws/build/image_pub/build install --record /home/pullen65/rat-trak/ros2_ws/build/image_pub/install.log --single-version-externally-managed install_data --force
[2.745s] running egg_info
[2.769s] writing ../../build/image_pub/image_pub.egg-info/PKG-INFO
[2.769s] writing dependency_links to ../../build/image_pub/image_pub.egg-info/dependency_links.txt
[2.770s] writing entry points to ../../build/image_pub/image_pub.egg-info/entry_points.txt
[2.770s] writing requirements to ../../build/image_pub/image_pub.egg-info/requires.txt
[2.770s] writing top-level names to ../../build/image_pub/image_pub.egg-info/top_level.txt
[2.811s] reading manifest file '../../build/image_pub/image_pub.egg-info/SOURCES.txt'
[2.812s] writing manifest file '../../build/image_pub/image_pub.egg-info/SOURCES.txt'
[2.812s] running build
[2.812s] running build_py
[2.812s] running install
[2.820s] running install_lib
[2.842s] creating /home/pullen65/rat-trak/ros2_ws/install/image_pub/lib/python3.12/site-packages/image_pub
[2.842s] copying /home/pullen65/rat-trak/ros2_ws/build/image_pub/build/lib/image_pub/publisher_node.py -> /home/pullen65/rat-trak/ros2_ws/install/image_pub/lib/python3.12/site-packages/image_pub
[2.843s] copying /home/pullen65/rat-trak/ros2_ws/build/image_pub/build/lib/image_pub/__init__.py -> /home/pullen65/rat-trak/ros2_ws/install/image_pub/lib/python3.12/site-packages/image_pub
[2.844s] byte-compiling /home/pullen65/rat-trak/ros2_ws/install/image_pub/lib/python3.12/site-packages/image_pub/publisher_node.py to publisher_node.cpython-312.pyc
[2.845s] byte-compiling /home/pullen65/rat-trak/ros2_ws/install/image_pub/lib/python3.12/site-packages/image_pub/__init__.py to __init__.cpython-312.pyc
[2.845s] running install_data
[2.845s] copying resource/image_pub -> /home/pullen65/rat-trak/ros2_ws/install/image_pub/share/ament_index/resource_index/packages
[2.845s] copying package.xml -> /home/pullen65/rat-trak/ros2_ws/install/image_pub/share/image_pub
[2.845s] running install_egg_info
[2.877s] Copying ../../build/image_pub/image_pub.egg-info to /home/pullen65/rat-trak/ros2_ws/install/image_pub/lib/python3.12/site-packages/image_pub-0.0.0-py3.12.egg-info
[2.877s] running install_scripts
[3.022s] Installing image_publisher script to /home/pullen65/rat-trak/ros2_ws/install/image_pub/lib/image_pub
[3.022s] writing list of installed files to '/home/pullen65/rat-trak/ros2_ws/build/image_pub/install.log'
[3.082s] Invoked command in '/home/pullen65/rat-trak/ros2_ws/src/image_pub' returned '0': PYTHONPATH=/home/pullen65/rat-trak/ros2_ws/build/image_pub/prefix_override:/usr/lib/python3/dist-packages/colcon_core/task/python/colcon_distutils_commands:/home/pullen65/rat-trak/ros2_ws/install/image_pub/lib/python3.12/site-packages:${PYTHONPATH} /usr/bin/python3 -W ignore:setup.py install is deprecated setup.py egg_info --egg-base ../../build/image_pub build --build-base /home/pullen65/rat-trak/ros2_ws/build/image_pub/build install --record /home/pullen65/rat-trak/ros2_ws/build/image_pub/install.log --single-version-externally-managed install_data --force
