[2.022s] Invoking command in '/home/rat-trak/rat-trak/ros2_ws/src/image_viewer': DEBUGINFOD_URLS=https://debuginfod.ubuntu.com PYTHONPATH=/home/rat-trak/rat-trak/ros2_ws/build/image_viewer/prefix_override:/usr/lib/python3/dist-packages/colcon_core/task/python/colcon_distutils_commands:/home/rat-trak/rat-trak/ros2_ws/install/image_viewer/lib/python3.12/site-packages:${PYTHONPATH} /usr/bin/python3 -W ignore:setup.py install is deprecated setup.py egg_info --egg-base ../../build/image_viewer build --build-base /home/rat-trak/rat-trak/ros2_ws/build/image_viewer/build install --record /home/rat-trak/rat-trak/ros2_ws/build/image_viewer/install.log --single-version-externally-managed install_data
[2.427s] running egg_info
[2.427s] creating ../../build/image_viewer/image_viewer.egg-info
[2.453s] writing ../../build/image_viewer/image_viewer.egg-info/PKG-INFO
[2.455s] writing dependency_links to ../../build/image_viewer/image_viewer.egg-info/dependency_links.txt
[2.455s] writing entry points to ../../build/image_viewer/image_viewer.egg-info/entry_points.txt
[2.455s] writing requirements to ../../build/image_viewer/image_viewer.egg-info/requires.txt
[2.455s] writing top-level names to ../../build/image_viewer/image_viewer.egg-info/top_level.txt
[2.455s] writing manifest file '../../build/image_viewer/image_viewer.egg-info/SOURCES.txt'
[2.507s] reading manifest file '../../build/image_viewer/image_viewer.egg-info/SOURCES.txt'
[2.508s] writing manifest file '../../build/image_viewer/image_viewer.egg-info/SOURCES.txt'
[2.509s] running build
[2.510s] running build_py
[2.510s] creating /home/rat-trak/rat-trak/ros2_ws/build/image_viewer/build
[2.510s] creating /home/rat-trak/rat-trak/ros2_ws/build/image_viewer/build/lib
[2.510s] creating /home/rat-trak/rat-trak/ros2_ws/build/image_viewer/build/lib/image_viewer
[2.510s] copying image_viewer/__init__.py -> /home/rat-trak/rat-trak/ros2_ws/build/image_viewer/build/lib/image_viewer
[2.510s] copying image_viewer/viewer_node.py -> /home/rat-trak/rat-trak/ros2_ws/build/image_viewer/build/lib/image_viewer
[2.513s] running install
[2.520s] running install_lib
[2.547s] creating /home/rat-trak/rat-trak/ros2_ws/install/image_viewer/lib/python3.12/site-packages/image_viewer
[2.547s] copying /home/rat-trak/rat-trak/ros2_ws/build/image_viewer/build/lib/image_viewer/__init__.py -> /home/rat-trak/rat-trak/ros2_ws/install/image_viewer/lib/python3.12/site-packages/image_viewer
[2.547s] copying /home/rat-trak/rat-trak/ros2_ws/build/image_viewer/build/lib/image_viewer/viewer_node.py -> /home/rat-trak/rat-trak/ros2_ws/install/image_viewer/lib/python3.12/site-packages/image_viewer
[2.548s] byte-compiling /home/rat-trak/rat-trak/ros2_ws/install/image_viewer/lib/python3.12/site-packages/image_viewer/__init__.py to __init__.cpython-312.pyc
[2.549s] byte-compiling /home/rat-trak/rat-trak/ros2_ws/install/image_viewer/lib/python3.12/site-packages/image_viewer/viewer_node.py to viewer_node.cpython-312.pyc
[2.550s] running install_data
[2.550s] creating /home/rat-trak/rat-trak/ros2_ws/install/image_viewer/share/ament_index
[2.551s] creating /home/rat-trak/rat-trak/ros2_ws/install/image_viewer/share/ament_index/resource_index
[2.551s] creating /home/rat-trak/rat-trak/ros2_ws/install/image_viewer/share/ament_index/resource_index/packages
[2.551s] copying resource/image_viewer -> /home/rat-trak/rat-trak/ros2_ws/install/image_viewer/share/ament_index/resource_index/packages
[2.552s] copying package.xml -> /home/rat-trak/rat-trak/ros2_ws/install/image_viewer/share/image_viewer
[2.553s] running install_egg_info
[2.584s] Copying ../../build/image_viewer/image_viewer.egg-info to /home/rat-trak/rat-trak/ros2_ws/install/image_viewer/lib/python3.12/site-packages/image_viewer-0.0.0-py3.12.egg-info
[2.584s] running install_scripts
[2.793s] Installing image_viewer script to /home/rat-trak/rat-trak/ros2_ws/install/image_viewer/lib/image_viewer
[2.803s] writing list of installed files to '/home/rat-trak/rat-trak/ros2_ws/build/image_viewer/install.log'
[2.946s] Invoked command in '/home/rat-trak/rat-trak/ros2_ws/src/image_viewer' returned '0': DEBUGINFOD_URLS=https://debuginfod.ubuntu.com PYTHONPATH=/home/rat-trak/rat-trak/ros2_ws/build/image_viewer/prefix_override:/usr/lib/python3/dist-packages/colcon_core/task/python/colcon_distutils_commands:/home/rat-trak/rat-trak/ros2_ws/install/image_viewer/lib/python3.12/site-packages:${PYTHONPATH} /usr/bin/python3 -W ignore:setup.py install is deprecated setup.py egg_info --egg-base ../../build/image_viewer build --build-base /home/rat-trak/rat-trak/ros2_ws/build/image_viewer/build install --record /home/rat-trak/rat-trak/ros2_ws/build/image_viewer/install.log --single-version-externally-managed install_data
