[1.881s] Invoking command in '/home/rat-trak/rat-trak/ros2_ws/src/image_pub': DEBUGINFOD_URLS=https://debuginfod.ubuntu.com PYTHONPATH=/home/rat-trak/rat-trak/ros2_ws/build/image_pub/prefix_override:/usr/lib/python3/dist-packages/colcon_core/task/python/colcon_distutils_commands:/home/rat-trak/rat-trak/ros2_ws/install/image_pub/lib/python3.12/site-packages:${PYTHONPATH} /usr/bin/python3 -W ignore:setup.py install is deprecated setup.py egg_info --egg-base ../../build/image_pub build --build-base /home/rat-trak/rat-trak/ros2_ws/build/image_pub/build install --record /home/rat-trak/rat-trak/ros2_ws/build/image_pub/install.log --single-version-externally-managed install_data
[2.251s] running egg_info
[2.251s] creating ../../build/image_pub/image_pub.egg-info
[2.276s] writing ../../build/image_pub/image_pub.egg-info/PKG-INFO
[2.278s] writing dependency_links to ../../build/image_pub/image_pub.egg-info/dependency_links.txt
[2.278s] writing entry points to ../../build/image_pub/image_pub.egg-info/entry_points.txt
[2.278s] writing requirements to ../../build/image_pub/image_pub.egg-info/requires.txt
[2.278s] writing top-level names to ../../build/image_pub/image_pub.egg-info/top_level.txt
[2.278s] writing manifest file '../../build/image_pub/image_pub.egg-info/SOURCES.txt'
[2.329s] reading manifest file '../../build/image_pub/image_pub.egg-info/SOURCES.txt'
[2.329s] writing manifest file '../../build/image_pub/image_pub.egg-info/SOURCES.txt'
[2.330s] running build
[2.330s] running build_py
[2.330s] creating /home/rat-trak/rat-trak/ros2_ws/build/image_pub/build
[2.330s] creating /home/rat-trak/rat-trak/ros2_ws/build/image_pub/build/lib
[2.330s] creating /home/rat-trak/rat-trak/ros2_ws/build/image_pub/build/lib/image_pub
[2.330s] copying image_pub/__init__.py -> /home/rat-trak/rat-trak/ros2_ws/build/image_pub/build/lib/image_pub
[2.331s] copying image_pub/publisher_node.py -> /home/rat-trak/rat-trak/ros2_ws/build/image_pub/build/lib/image_pub
[2.331s] running install
[2.341s] running install_lib
[2.366s] creating /home/rat-trak/rat-trak/ros2_ws/install/image_pub/lib/python3.12/site-packages/image_pub
[2.366s] copying /home/rat-trak/rat-trak/ros2_ws/build/image_pub/build/lib/image_pub/__init__.py -> /home/rat-trak/rat-trak/ros2_ws/install/image_pub/lib/python3.12/site-packages/image_pub
[2.366s] copying /home/rat-trak/rat-trak/ros2_ws/build/image_pub/build/lib/image_pub/publisher_node.py -> /home/rat-trak/rat-trak/ros2_ws/install/image_pub/lib/python3.12/site-packages/image_pub
[2.367s] byte-compiling /home/rat-trak/rat-trak/ros2_ws/install/image_pub/lib/python3.12/site-packages/image_pub/__init__.py to __init__.cpython-312.pyc
[2.368s] byte-compiling /home/rat-trak/rat-trak/ros2_ws/install/image_pub/lib/python3.12/site-packages/image_pub/publisher_node.py to publisher_node.cpython-312.pyc
[2.369s] running install_data
[2.369s] creating /home/rat-trak/rat-trak/ros2_ws/install/image_pub/share/ament_index
[2.369s] creating /home/rat-trak/rat-trak/ros2_ws/install/image_pub/share/ament_index/resource_index
[2.369s] creating /home/rat-trak/rat-trak/ros2_ws/install/image_pub/share/ament_index/resource_index/packages
[2.369s] copying resource/image_pub -> /home/rat-trak/rat-trak/ros2_ws/install/image_pub/share/ament_index/resource_index/packages
[2.369s] copying package.xml -> /home/rat-trak/rat-trak/ros2_ws/install/image_pub/share/image_pub
[2.369s] running install_egg_info
[2.397s] Copying ../../build/image_pub/image_pub.egg-info to /home/rat-trak/rat-trak/ros2_ws/install/image_pub/lib/python3.12/site-packages/image_pub-0.0.0-py3.12.egg-info
[2.398s] running install_scripts
[2.587s] Installing image_publisher script to /home/rat-trak/rat-trak/ros2_ws/install/image_pub/lib/image_pub
[2.588s] writing list of installed files to '/home/rat-trak/rat-trak/ros2_ws/build/image_pub/install.log'
[2.696s] Invoked command in '/home/rat-trak/rat-trak/ros2_ws/src/image_pub' returned '0': DEBUGINFOD_URLS=https://debuginfod.ubuntu.com PYTHONPATH=/home/rat-trak/rat-trak/ros2_ws/build/image_pub/prefix_override:/usr/lib/python3/dist-packages/colcon_core/task/python/colcon_distutils_commands:/home/rat-trak/rat-trak/ros2_ws/install/image_pub/lib/python3.12/site-packages:${PYTHONPATH} /usr/bin/python3 -W ignore:setup.py install is deprecated setup.py egg_info --egg-base ../../build/image_pub build --build-base /home/rat-trak/rat-trak/ros2_ws/build/image_pub/build install --record /home/rat-trak/rat-trak/ros2_ws/build/image_pub/install.log --single-version-externally-managed install_data
