[1.960s] Invoking command in '/home/pullen65/rat-trak/ros2_ws/build/image_pub': PYTHONPATH=/home/pullen65/rat-trak/ros2_ws/build/image_pub/prefix_override:/usr/lib/python3/dist-packages/colcon_core/task/python/colcon_distutils_commands:/home/pullen65/rat-trak/ros2_ws/install/image_pub/lib/python3.12/site-packages:${PYTHONPATH} /usr/bin/python3 -W ignore:setup.py install is deprecated setup.py develop --editable --build-directory /home/pullen65/rat-trak/ros2_ws/build/image_pub/build --no-deps symlink_data --force
[2.355s] running develop
[2.355s] /usr/lib/python3/dist-packages/setuptools/command/develop.py:40: EasyInstallDeprecationWarning: easy_install command is deprecated.
[2.355s] !!
[2.355s] 
[2.355s]         ********************************************************************************
[2.356s]         Please avoid running ``setup.py`` and ``easy_install``.
[2.356s]         Instead, use pypa/build, pypa/installer or other
[2.356s]         standards-based tools.
[2.356s] 
[2.356s]         See https://github.com/pypa/setuptools/issues/917 for details.
[2.356s]         ********************************************************************************
[2.356s] 
[2.356s] !!
[2.356s]   easy_install.initialize_options(self)
[2.605s] running egg_info
[2.624s] writing image_pub.egg-info/PKG-INFO
[2.624s] writing dependency_links to image_pub.egg-info/dependency_links.txt
[2.625s] writing entry points to image_pub.egg-info/entry_points.txt
[2.625s] writing requirements to image_pub.egg-info/requires.txt
[2.626s] writing top-level names to image_pub.egg-info/top_level.txt
[2.666s] reading manifest file 'image_pub.egg-info/SOURCES.txt'
[2.667s] writing manifest file 'image_pub.egg-info/SOURCES.txt'
[2.690s] running build_ext
[2.690s] Creating /home/pullen65/rat-trak/ros2_ws/install/image_pub/lib/python3.12/site-packages/image-pub.egg-link (link to .)
[2.691s] Installing image_publisher script to /home/pullen65/rat-trak/ros2_ws/install/image_pub/lib/image_pub
[2.692s] 
[2.692s] Installed /home/pullen65/rat-trak/ros2_ws/build/image_pub
[2.693s] running symlink_data
[2.693s] symbolically linking /home/pullen65/rat-trak/ros2_ws/build/image_pub/resource/image_pub -> /home/pullen65/rat-trak/ros2_ws/install/image_pub/share/ament_index/resource_index/packages
[2.693s] symbolically linking /home/pullen65/rat-trak/ros2_ws/build/image_pub/package.xml -> /home/pullen65/rat-trak/ros2_ws/install/image_pub/share/image_pub
[2.782s] Invoked command in '/home/pullen65/rat-trak/ros2_ws/build/image_pub' returned '0': PYTHONPATH=/home/pullen65/rat-trak/ros2_ws/build/image_pub/prefix_override:/usr/lib/python3/dist-packages/colcon_core/task/python/colcon_distutils_commands:/home/pullen65/rat-trak/ros2_ws/install/image_pub/lib/python3.12/site-packages:${PYTHONPATH} /usr/bin/python3 -W ignore:setup.py install is deprecated setup.py develop --editable --build-directory /home/pullen65/rat-trak/ros2_ws/build/image_pub/build --no-deps symlink_data --force
