[1.269s] Invoking command in '/home/pullen65/rat-trak/ros2_ws/src/motor_control_pkg': PYTHONPATH=/home/pullen65/rat-trak/ros2_ws/build/motor_control_pkg/prefix_override:/usr/lib/python3/dist-packages/colcon_core/task/python/colcon_distutils_commands:/home/pullen65/rat-trak/ros2_ws/install/motor_control_pkg/lib/python3.12/site-packages: /usr/bin/python3 -W ignore:setup.py install is deprecated setup.py egg_info --egg-base ../../build/motor_control_pkg build --build-base /home/pullen65/rat-trak/ros2_ws/build/motor_control_pkg/build install --record /home/pullen65/rat-trak/ros2_ws/build/motor_control_pkg/install.log --single-version-externally-managed install_data
[1.534s] running egg_info
[1.548s] writing ../../build/motor_control_pkg/motor_control_pkg.egg-info/PKG-INFO
[1.549s] writing dependency_links to ../../build/motor_control_pkg/motor_control_pkg.egg-info/dependency_links.txt
[1.549s] writing entry points to ../../build/motor_control_pkg/motor_control_pkg.egg-info/entry_points.txt
[1.550s] writing requirements to ../../build/motor_control_pkg/motor_control_pkg.egg-info/requires.txt
[1.550s] writing top-level names to ../../build/motor_control_pkg/motor_control_pkg.egg-info/top_level.txt
[1.585s] reading manifest file '../../build/motor_control_pkg/motor_control_pkg.egg-info/SOURCES.txt'
[1.586s] writing manifest file '../../build/motor_control_pkg/motor_control_pkg.egg-info/SOURCES.txt'
[1.587s] running build
[1.587s] running build_py
[1.587s] running install
[1.598s] running install_lib
[1.615s] running install_data
[1.615s] running install_egg_info
[1.636s] removing '/home/pullen65/rat-trak/ros2_ws/install/motor_control_pkg/lib/python3.12/site-packages/motor_control_pkg-0.0.0-py3.12.egg-info' (and everything under it)
[1.637s] Copying ../../build/motor_control_pkg/motor_control_pkg.egg-info to /home/pullen65/rat-trak/ros2_ws/install/motor_control_pkg/lib/python3.12/site-packages/motor_control_pkg-0.0.0-py3.12.egg-info
[1.638s] running install_scripts
[1.759s] Installing pwm_controller script to /home/pullen65/rat-trak/ros2_ws/install/motor_control_pkg/lib/motor_control_pkg
[1.759s] writing list of installed files to '/home/pullen65/rat-trak/ros2_ws/build/motor_control_pkg/install.log'
[1.849s] Invoked command in '/home/pullen65/rat-trak/ros2_ws/src/motor_control_pkg' returned '0': PYTHONPATH=/home/pullen65/rat-trak/ros2_ws/build/motor_control_pkg/prefix_override:/usr/lib/python3/dist-packages/colcon_core/task/python/colcon_distutils_commands:/home/pullen65/rat-trak/ros2_ws/install/motor_control_pkg/lib/python3.12/site-packages: /usr/bin/python3 -W ignore:setup.py install is deprecated setup.py egg_info --egg-base ../../build/motor_control_pkg build --build-base /home/pullen65/rat-trak/ros2_ws/build/motor_control_pkg/build install --record /home/pullen65/rat-trak/ros2_ws/build/motor_control_pkg/install.log --single-version-externally-managed install_data
