[2.452s] Invoking command in '/home/rat-trak/rat-trak/ros2_ws/src/rat_tracking': DEBUGINFOD_URLS=https://debuginfod.ubuntu.com PYTHONPATH=/home/rat-trak/rat-trak/ros2_ws/build/rat_tracking/prefix_override:/usr/lib/python3/dist-packages/colcon_core/task/python/colcon_distutils_commands:/home/rat-trak/rat-trak/ros2_ws/install/rat_tracking/lib/python3.12/site-packages:${PYTHONPATH} /usr/bin/python3 -W ignore:setup.py install is deprecated setup.py egg_info --egg-base ../../build/rat_tracking build --build-base /home/rat-trak/rat-trak/ros2_ws/build/rat_tracking/build install --record /home/rat-trak/rat-trak/ros2_ws/build/rat_tracking/install.log --single-version-externally-managed install_data
[2.910s] running egg_info
[2.938s] writing ../../build/rat_tracking/rat_tracking.egg-info/PKG-INFO
[2.938s] writing dependency_links to ../../build/rat_tracking/rat_tracking.egg-info/dependency_links.txt
[2.939s] writing entry points to ../../build/rat_tracking/rat_tracking.egg-info/entry_points.txt
[2.941s] writing requirements to ../../build/rat_tracking/rat_tracking.egg-info/requires.txt
[2.942s] writing top-level names to ../../build/rat_tracking/rat_tracking.egg-info/top_level.txt
[3.016s] reading manifest file '../../build/rat_tracking/rat_tracking.egg-info/SOURCES.txt'
[3.017s] writing manifest file '../../build/rat_tracking/rat_tracking.egg-info/SOURCES.txt'
[3.017s] running build
[3.017s] running build_py
[3.020s] running install
[3.027s] running install_lib
[3.054s] running install_data
[3.054s] running install_egg_info
[3.084s] removing '/home/rat-trak/rat-trak/ros2_ws/install/rat_tracking/lib/python3.12/site-packages/rat_tracking-0.0.0-py3.12.egg-info' (and everything under it)
[3.084s] Copying ../../build/rat_tracking/rat_tracking.egg-info to /home/rat-trak/rat-trak/ros2_ws/install/rat_tracking/lib/python3.12/site-packages/rat_tracking-0.0.0-py3.12.egg-info
[3.087s] running install_scripts
[3.291s] Installing rat_tracker script to /home/rat-trak/rat-trak/ros2_ws/install/rat_tracking/lib/rat_tracking
[3.292s] writing list of installed files to '/home/rat-trak/rat-trak/ros2_ws/build/rat_tracking/install.log'
[3.414s] Invoked command in '/home/rat-trak/rat-trak/ros2_ws/src/rat_tracking' returned '0': DEBUGINFOD_URLS=https://debuginfod.ubuntu.com PYTHONPATH=/home/rat-trak/rat-trak/ros2_ws/build/rat_tracking/prefix_override:/usr/lib/python3/dist-packages/colcon_core/task/python/colcon_distutils_commands:/home/rat-trak/rat-trak/ros2_ws/install/rat_tracking/lib/python3.12/site-packages:${PYTHONPATH} /usr/bin/python3 -W ignore:setup.py install is deprecated setup.py egg_info --egg-base ../../build/rat_tracking build --build-base /home/rat-trak/rat-trak/ros2_ws/build/rat_tracking/build install --record /home/rat-trak/rat-trak/ros2_ws/build/rat_tracking/install.log --single-version-externally-managed install_data
