[2.160s] Invoking command in '/home/rat-trak/rat-trak/ros2_ws/src/image_pub': DEBUGINFOD_URLS=https://debuginfod.ubuntu.com PYTHONPATH=/home/rat-trak/rat-trak/ros2_ws/build/image_pub/prefix_override:/usr/lib/python3/dist-packages/colcon_core/task/python/colcon_distutils_commands:/home/rat-trak/rat-trak/ros2_ws/install/image_pub/lib/python3.12/site-packages:${PYTHONPATH} /usr/bin/python3 -W ignore:setup.py install is deprecated setup.py egg_info --egg-base ../../build/image_pub build --build-base /home/rat-trak/rat-trak/ros2_ws/build/image_pub/build install --record /home/rat-trak/rat-trak/ros2_ws/build/image_pub/install.log --single-version-externally-managed install_data
[2.586s] running egg_info
[2.617s] writing ../../build/image_pub/image_pub.egg-info/PKG-INFO
[2.617s] writing dependency_links to ../../build/image_pub/image_pub.egg-info/dependency_links.txt
[2.618s] writing entry points to ../../build/image_pub/image_pub.egg-info/entry_points.txt
[2.618s] writing requirements to ../../build/image_pub/image_pub.egg-info/requires.txt
[2.621s] writing top-level names to ../../build/image_pub/image_pub.egg-info/top_level.txt
[2.674s] reading manifest file '../../build/image_pub/image_pub.egg-info/SOURCES.txt'
[2.675s] writing manifest file '../../build/image_pub/image_pub.egg-info/SOURCES.txt'
[2.675s] running build
[2.675s] running build_py
[2.676s] copying image_pub/publisher_node.py -> /home/rat-trak/rat-trak/ros2_ws/build/image_pub/build/lib/image_pub
[2.676s] running install
[2.686s] running install_lib
[2.717s] copying /home/rat-trak/rat-trak/ros2_ws/build/image_pub/build/lib/image_pub/publisher_node.py -> /home/rat-trak/rat-trak/ros2_ws/install/image_pub/lib/python3.12/site-packages/image_pub
[2.719s] byte-compiling /home/rat-trak/rat-trak/ros2_ws/install/image_pub/lib/python3.12/site-packages/image_pub/publisher_node.py to publisher_node.cpython-312.pyc
[2.721s] running install_data
[2.721s] running install_egg_info
[2.749s] removing '/home/rat-trak/rat-trak/ros2_ws/install/image_pub/lib/python3.12/site-packages/image_pub-0.0.0-py3.12.egg-info' (and everything under it)
[2.749s] Copying ../../build/image_pub/image_pub.egg-info to /home/rat-trak/rat-trak/ros2_ws/install/image_pub/lib/python3.12/site-packages/image_pub-0.0.0-py3.12.egg-info
[2.751s] running install_scripts
[2.955s] Installing image_publisher script to /home/rat-trak/rat-trak/ros2_ws/install/image_pub/lib/image_pub
[2.956s] writing list of installed files to '/home/rat-trak/rat-trak/ros2_ws/build/image_pub/install.log'
[3.166s] Invoked command in '/home/rat-trak/rat-trak/ros2_ws/src/image_pub' returned '0': DEBUGINFOD_URLS=https://debuginfod.ubuntu.com PYTHONPATH=/home/rat-trak/rat-trak/ros2_ws/build/image_pub/prefix_override:/usr/lib/python3/dist-packages/colcon_core/task/python/colcon_distutils_commands:/home/rat-trak/rat-trak/ros2_ws/install/image_pub/lib/python3.12/site-packages:${PYTHONPATH} /usr/bin/python3 -W ignore:setup.py install is deprecated setup.py egg_info --egg-base ../../build/image_pub build --build-base /home/rat-trak/rat-trak/ros2_ws/build/image_pub/build install --record /home/rat-trak/rat-trak/ros2_ws/build/image_pub/install.log --single-version-externally-managed install_data
