running egg_info
writing ../../build/rat_tracking/rat_tracking.egg-info/PKG-INFO
writing dependency_links to ../../build/rat_tracking/rat_tracking.egg-info/dependency_links.txt
writing entry points to ../../build/rat_tracking/rat_tracking.egg-info/entry_points.txt
writing requirements to ../../build/rat_tracking/rat_tracking.egg-info/requires.txt
writing top-level names to ../../build/rat_tracking/rat_tracking.egg-info/top_level.txt
reading manifest file '../../build/rat_tracking/rat_tracking.egg-info/SOURCES.txt'
writing manifest file '../../build/rat_tracking/rat_tracking.egg-info/SOURCES.txt'
running build
running build_py
copying rat_tracking/rat_tracking.py -> /home/pullen65/rat-trak/ros2_ws/build/rat_tracking/build/lib/rat_tracking
running install
running install_lib
copying /home/pullen65/rat-trak/ros2_ws/build/rat_tracking/build/lib/rat_tracking/rat_tracking.py -> /home/pullen65/rat-trak/ros2_ws/install/rat_tracking/lib/python3.12/site-packages/rat_tracking
byte-compiling /home/pullen65/rat-trak/ros2_ws/install/rat_tracking/lib/python3.12/site-packages/rat_tracking/rat_tracking.py to rat_tracking.cpython-312.pyc
running install_data
running install_egg_info
removing '/home/pullen65/rat-trak/ros2_ws/install/rat_tracking/lib/python3.12/site-packages/rat_tracking-0.0.0-py3.12.egg-info' (and everything under it)
Copying ../../build/rat_tracking/rat_tracking.egg-info to /home/pullen65/rat-trak/ros2_ws/install/rat_tracking/lib/python3.12/site-packages/rat_tracking-0.0.0-py3.12.egg-info
running install_scripts
Installing rat_tracker script to /home/pullen65/rat-trak/ros2_ws/install/rat_tracking/lib/rat_tracking
writing list of installed files to '/home/pullen65/rat-trak/ros2_ws/build/rat_tracking/install.log'
