[0.527s] DEBUG:colcon:Command line arguments: ['/usr/bin/colcon', 'build']
[0.527s] DEBUG:colcon:Parsed command line arguments: Namespace(log_base=None, log_level=None, verb_name='build', build_base='build', install_base='install', merge_install=False, symlink_install=False, test_result_base=None, continue_on_error=False, executor='parallel', parallel_workers=16, event_handlers=None, ignore_user_meta=False, metas=['./colcon.meta'], base_paths=['.'], packages_ignore=None, packages_ignore_regex=None, paths=None, packages_up_to=None, packages_up_to_regex=None, packages_above=None, packages_above_and_dependencies=None, packages_above_depth=None, packages_select_by_dep=None, packages_skip_by_dep=None, packages_skip_up_to=None, packages_select_build_failed=False, packages_skip_build_finished=False, packages_select_test_failures=False, packages_skip_test_passed=False, packages_select=None, packages_skip=None, packages_select_regex=None, packages_skip_regex=None, packages_start=None, packages_end=None, allow_overriding=[], cmake_args=None, cmake_target=None, cmake_target_skip_unavailable=False, cmake_clean_cache=False, cmake_clean_first=False, cmake_force_configure=False, ament_cmake_args=None, catkin_cmake_args=None, catkin_skip_building_tests=False, mixin_files=None, mixin=None, verb_parser=<colcon_mixin.mixin.mixin_argument.MixinArgumentDecorator object at 0x7fe4ba4f6ff0>, verb_extension=<colcon_core.verb.build.BuildVerb object at 0x7fe4ba4f6d50>, main=<bound method BuildVerb.main of <colcon_core.verb.build.BuildVerb object at 0x7fe4ba4f6d50>>, mixin_verb=('build',))
[0.586s] Level 1:colcon.colcon_core.package_discovery:discover_packages(colcon_meta) check parameters
[0.586s] Level 1:colcon.colcon_core.package_discovery:discover_packages(recursive) check parameters
[0.586s] Level 1:colcon.colcon_core.package_discovery:discover_packages(ignore) check parameters
[0.586s] Level 1:colcon.colcon_core.package_discovery:discover_packages(path) check parameters
[0.586s] Level 1:colcon.colcon_core.package_discovery:discover_packages(colcon_meta) discover
[0.587s] Level 1:colcon.colcon_core.package_discovery:discover_packages(recursive) discover
[0.587s] INFO:colcon.colcon_core.package_discovery:Crawling recursively for packages in '/home/pullen65/rat-trak/ros2_ws'
[0.587s] Level 1:colcon.colcon_core.package_identification:_identify(.) by extensions ['ignore', 'ignore_ament_install']
[0.587s] Level 1:colcon.colcon_core.package_identification:_identify(.) by extension 'ignore'
[0.587s] Level 1:colcon.colcon_core.package_identification:_identify(.) by extension 'ignore_ament_install'
[0.587s] Level 1:colcon.colcon_core.package_identification:_identify(.) by extensions ['colcon_pkg']
[0.588s] Level 1:colcon.colcon_core.package_identification:_identify(.) by extension 'colcon_pkg'
[0.588s] Level 1:colcon.colcon_core.package_identification:_identify(.) by extensions ['colcon_meta']
[0.588s] Level 1:colcon.colcon_core.package_identification:_identify(.) by extension 'colcon_meta'
[0.588s] Level 1:colcon.colcon_core.package_identification:_identify(.) by extensions ['ros']
[0.588s] Level 1:colcon.colcon_core.package_identification:_identify(.) by extension 'ros'
[0.622s] Level 1:colcon.colcon_core.package_identification:_identify(.) by extensions ['cmake', 'python']
[0.622s] Level 1:colcon.colcon_core.package_identification:_identify(.) by extension 'cmake'
[0.622s] Level 1:colcon.colcon_core.package_identification:_identify(.) by extension 'python'
[0.622s] Level 1:colcon.colcon_core.package_identification:_identify(.) by extensions ['python_setup_py']
[0.622s] Level 1:colcon.colcon_core.package_identification:_identify(.) by extension 'python_setup_py'
[0.622s] Level 1:colcon.colcon_core.package_identification:_identify(build) by extensions ['ignore', 'ignore_ament_install']
[0.622s] Level 1:colcon.colcon_core.package_identification:_identify(build) by extension 'ignore'
[0.622s] Level 1:colcon.colcon_core.package_identification:_identify(build) ignored
[0.623s] Level 1:colcon.colcon_core.package_identification:_identify(install) by extensions ['ignore', 'ignore_ament_install']
[0.623s] Level 1:colcon.colcon_core.package_identification:_identify(install) by extension 'ignore'
[0.623s] Level 1:colcon.colcon_core.package_identification:_identify(install) ignored
[0.623s] Level 1:colcon.colcon_core.package_identification:_identify(log) by extensions ['ignore', 'ignore_ament_install']
[0.623s] Level 1:colcon.colcon_core.package_identification:_identify(log) by extension 'ignore'
[0.623s] Level 1:colcon.colcon_core.package_identification:_identify(log) ignored
[0.623s] Level 1:colcon.colcon_core.package_identification:_identify(src) by extensions ['ignore', 'ignore_ament_install']
[0.623s] Level 1:colcon.colcon_core.package_identification:_identify(src) by extension 'ignore'
[0.624s] Level 1:colcon.colcon_core.package_identification:_identify(src) by extension 'ignore_ament_install'
[0.624s] Level 1:colcon.colcon_core.package_identification:_identify(src) by extensions ['colcon_pkg']
[0.624s] Level 1:colcon.colcon_core.package_identification:_identify(src) by extension 'colcon_pkg'
[0.624s] Level 1:colcon.colcon_core.package_identification:_identify(src) by extensions ['colcon_meta']
[0.624s] Level 1:colcon.colcon_core.package_identification:_identify(src) by extension 'colcon_meta'
[0.624s] Level 1:colcon.colcon_core.package_identification:_identify(src) by extensions ['ros']
[0.624s] Level 1:colcon.colcon_core.package_identification:_identify(src) by extension 'ros'
[0.624s] Level 1:colcon.colcon_core.package_identification:_identify(src) by extensions ['cmake', 'python']
[0.624s] Level 1:colcon.colcon_core.package_identification:_identify(src) by extension 'cmake'
[0.624s] Level 1:colcon.colcon_core.package_identification:_identify(src) by extension 'python'
[0.624s] Level 1:colcon.colcon_core.package_identification:_identify(src) by extensions ['python_setup_py']
[0.624s] Level 1:colcon.colcon_core.package_identification:_identify(src) by extension 'python_setup_py'
[0.624s] Level 1:colcon.colcon_core.package_identification:_identify(src/image_pub) by extensions ['ignore', 'ignore_ament_install']
[0.624s] Level 1:colcon.colcon_core.package_identification:_identify(src/image_pub) by extension 'ignore'
[0.624s] Level 1:colcon.colcon_core.package_identification:_identify(src/image_pub) by extension 'ignore_ament_install'
[0.625s] Level 1:colcon.colcon_core.package_identification:_identify(src/image_pub) by extensions ['colcon_pkg']
[0.625s] Level 1:colcon.colcon_core.package_identification:_identify(src/image_pub) by extension 'colcon_pkg'
[0.625s] Level 1:colcon.colcon_core.package_identification:_identify(src/image_pub) by extensions ['colcon_meta']
[0.625s] Level 1:colcon.colcon_core.package_identification:_identify(src/image_pub) by extension 'colcon_meta'
[0.625s] Level 1:colcon.colcon_core.package_identification:_identify(src/image_pub) by extensions ['ros']
[0.625s] Level 1:colcon.colcon_core.package_identification:_identify(src/image_pub) by extension 'ros'
[0.628s] DEBUG:colcon.colcon_core.package_identification:Package 'src/image_pub' with type 'ros.ament_python' and name 'image_pub'
[0.629s] Level 1:colcon.colcon_core.package_identification:_identify(src/image_viewer) by extensions ['ignore', 'ignore_ament_install']
[0.629s] Level 1:colcon.colcon_core.package_identification:_identify(src/image_viewer) by extension 'ignore'
[0.629s] Level 1:colcon.colcon_core.package_identification:_identify(src/image_viewer) by extension 'ignore_ament_install'
[0.629s] Level 1:colcon.colcon_core.package_identification:_identify(src/image_viewer) by extensions ['colcon_pkg']
[0.629s] Level 1:colcon.colcon_core.package_identification:_identify(src/image_viewer) by extension 'colcon_pkg'
[0.629s] Level 1:colcon.colcon_core.package_identification:_identify(src/image_viewer) by extensions ['colcon_meta']
[0.629s] Level 1:colcon.colcon_core.package_identification:_identify(src/image_viewer) by extension 'colcon_meta'
[0.629s] Level 1:colcon.colcon_core.package_identification:_identify(src/image_viewer) by extensions ['ros']
[0.629s] Level 1:colcon.colcon_core.package_identification:_identify(src/image_viewer) by extension 'ros'
[0.630s] DEBUG:colcon.colcon_core.package_identification:Package 'src/image_viewer' with type 'ros.ament_python' and name 'image_viewer'
[0.630s] Level 1:colcon.colcon_core.package_identification:_identify(src/motor_control_pkg) by extensions ['ignore', 'ignore_ament_install']
[0.630s] Level 1:colcon.colcon_core.package_identification:_identify(src/motor_control_pkg) by extension 'ignore'
[0.630s] Level 1:colcon.colcon_core.package_identification:_identify(src/motor_control_pkg) by extension 'ignore_ament_install'
[0.630s] Level 1:colcon.colcon_core.package_identification:_identify(src/motor_control_pkg) by extensions ['colcon_pkg']
[0.630s] Level 1:colcon.colcon_core.package_identification:_identify(src/motor_control_pkg) by extension 'colcon_pkg'
[0.630s] Level 1:colcon.colcon_core.package_identification:_identify(src/motor_control_pkg) by extensions ['colcon_meta']
[0.630s] Level 1:colcon.colcon_core.package_identification:_identify(src/motor_control_pkg) by extension 'colcon_meta'
[0.630s] Level 1:colcon.colcon_core.package_identification:_identify(src/motor_control_pkg) by extensions ['ros']
[0.630s] Level 1:colcon.colcon_core.package_identification:_identify(src/motor_control_pkg) by extension 'ros'
[0.631s] DEBUG:colcon.colcon_core.package_identification:Package 'src/motor_control_pkg' with type 'ros.ament_python' and name 'motor_control_pkg'
[0.631s] Level 1:colcon.colcon_core.package_identification:_identify(src/rat_tracking) by extensions ['ignore', 'ignore_ament_install']
[0.631s] Level 1:colcon.colcon_core.package_identification:_identify(src/rat_tracking) by extension 'ignore'
[0.631s] Level 1:colcon.colcon_core.package_identification:_identify(src/rat_tracking) by extension 'ignore_ament_install'
[0.631s] Level 1:colcon.colcon_core.package_identification:_identify(src/rat_tracking) by extensions ['colcon_pkg']
[0.631s] Level 1:colcon.colcon_core.package_identification:_identify(src/rat_tracking) by extension 'colcon_pkg'
[0.631s] Level 1:colcon.colcon_core.package_identification:_identify(src/rat_tracking) by extensions ['colcon_meta']
[0.631s] Level 1:colcon.colcon_core.package_identification:_identify(src/rat_tracking) by extension 'colcon_meta'
[0.631s] Level 1:colcon.colcon_core.package_identification:_identify(src/rat_tracking) by extensions ['ros']
[0.631s] Level 1:colcon.colcon_core.package_identification:_identify(src/rat_tracking) by extension 'ros'
[0.632s] DEBUG:colcon.colcon_core.package_identification:Package 'src/rat_tracking' with type 'ros.ament_python' and name 'rat_tracking'
[0.632s] Level 1:colcon.colcon_core.package_discovery:discover_packages(recursive) using defaults
[0.633s] Level 1:colcon.colcon_core.package_discovery:discover_packages(ignore) discover
[0.633s] Level 1:colcon.colcon_core.package_discovery:discover_packages(ignore) using defaults
[0.633s] Level 1:colcon.colcon_core.package_discovery:discover_packages(path) discover
[0.633s] Level 1:colcon.colcon_core.package_discovery:discover_packages(path) using defaults
[0.654s] Level 1:colcon.colcon_core.package_discovery:discover_packages(prefix_path) check parameters
[0.655s] Level 1:colcon.colcon_core.package_discovery:discover_packages(prefix_path) discover
[0.658s] DEBUG:colcon.colcon_installed_package_information.package_discovery:Found 285 installed packages in /opt/ros/jazzy
[0.659s] Level 1:colcon.colcon_core.package_discovery:discover_packages(prefix_path) using defaults
[0.707s] Level 5:colcon.colcon_core.verb:set package 'image_pub' build argument 'cmake_args' from command line to 'None'
[0.707s] Level 5:colcon.colcon_core.verb:set package 'image_pub' build argument 'cmake_target' from command line to 'None'
[0.707s] Level 5:colcon.colcon_core.verb:set package 'image_pub' build argument 'cmake_target_skip_unavailable' from command line to 'False'
[0.707s] Level 5:colcon.colcon_core.verb:set package 'image_pub' build argument 'cmake_clean_cache' from command line to 'False'
[0.707s] Level 5:colcon.colcon_core.verb:set package 'image_pub' build argument 'cmake_clean_first' from command line to 'False'
[0.707s] Level 5:colcon.colcon_core.verb:set package 'image_pub' build argument 'cmake_force_configure' from command line to 'False'
[0.707s] Level 5:colcon.colcon_core.verb:set package 'image_pub' build argument 'ament_cmake_args' from command line to 'None'
[0.707s] Level 5:colcon.colcon_core.verb:set package 'image_pub' build argument 'catkin_cmake_args' from command line to 'None'
[0.707s] Level 5:colcon.colcon_core.verb:set package 'image_pub' build argument 'catkin_skip_building_tests' from command line to 'False'
[0.707s] DEBUG:colcon.colcon_core.verb:Building package 'image_pub' with the following arguments: {'ament_cmake_args': None, 'build_base': '/home/pullen65/rat-trak/ros2_ws/build/image_pub', 'catkin_cmake_args': None, 'catkin_skip_building_tests': False, 'cmake_args': None, 'cmake_clean_cache': False, 'cmake_clean_first': False, 'cmake_force_configure': False, 'cmake_target': None, 'cmake_target_skip_unavailable': False, 'install_base': '/home/pullen65/rat-trak/ros2_ws/install/image_pub', 'merge_install': False, 'path': '/home/pullen65/rat-trak/ros2_ws/src/image_pub', 'symlink_install': False, 'test_result_base': None}
[0.708s] Level 5:colcon.colcon_core.verb:set package 'image_viewer' build argument 'cmake_args' from command line to 'None'
[0.708s] Level 5:colcon.colcon_core.verb:set package 'image_viewer' build argument 'cmake_target' from command line to 'None'
[0.708s] Level 5:colcon.colcon_core.verb:set package 'image_viewer' build argument 'cmake_target_skip_unavailable' from command line to 'False'
[0.708s] Level 5:colcon.colcon_core.verb:set package 'image_viewer' build argument 'cmake_clean_cache' from command line to 'False'
[0.708s] Level 5:colcon.colcon_core.verb:set package 'image_viewer' build argument 'cmake_clean_first' from command line to 'False'
[0.708s] Level 5:colcon.colcon_core.verb:set package 'image_viewer' build argument 'cmake_force_configure' from command line to 'False'
[0.708s] Level 5:colcon.colcon_core.verb:set package 'image_viewer' build argument 'ament_cmake_args' from command line to 'None'
[0.708s] Level 5:colcon.colcon_core.verb:set package 'image_viewer' build argument 'catkin_cmake_args' from command line to 'None'
[0.708s] Level 5:colcon.colcon_core.verb:set package 'image_viewer' build argument 'catkin_skip_building_tests' from command line to 'False'
[0.708s] DEBUG:colcon.colcon_core.verb:Building package 'image_viewer' with the following arguments: {'ament_cmake_args': None, 'build_base': '/home/pullen65/rat-trak/ros2_ws/build/image_viewer', 'catkin_cmake_args': None, 'catkin_skip_building_tests': False, 'cmake_args': None, 'cmake_clean_cache': False, 'cmake_clean_first': False, 'cmake_force_configure': False, 'cmake_target': None, 'cmake_target_skip_unavailable': False, 'install_base': '/home/pullen65/rat-trak/ros2_ws/install/image_viewer', 'merge_install': False, 'path': '/home/pullen65/rat-trak/ros2_ws/src/image_viewer', 'symlink_install': False, 'test_result_base': None}
[0.708s] Level 5:colcon.colcon_core.verb:set package 'motor_control_pkg' build argument 'cmake_args' from command line to 'None'
[0.708s] Level 5:colcon.colcon_core.verb:set package 'motor_control_pkg' build argument 'cmake_target' from command line to 'None'
[0.708s] Level 5:colcon.colcon_core.verb:set package 'motor_control_pkg' build argument 'cmake_target_skip_unavailable' from command line to 'False'
[0.708s] Level 5:colcon.colcon_core.verb:set package 'motor_control_pkg' build argument 'cmake_clean_cache' from command line to 'False'
[0.708s] Level 5:colcon.colcon_core.verb:set package 'motor_control_pkg' build argument 'cmake_clean_first' from command line to 'False'
[0.708s] Level 5:colcon.colcon_core.verb:set package 'motor_control_pkg' build argument 'cmake_force_configure' from command line to 'False'
[0.708s] Level 5:colcon.colcon_core.verb:set package 'motor_control_pkg' build argument 'ament_cmake_args' from command line to 'None'
[0.708s] Level 5:colcon.colcon_core.verb:set package 'motor_control_pkg' build argument 'catkin_cmake_args' from command line to 'None'
[0.708s] Level 5:colcon.colcon_core.verb:set package 'motor_control_pkg' build argument 'catkin_skip_building_tests' from command line to 'False'
[0.708s] DEBUG:colcon.colcon_core.verb:Building package 'motor_control_pkg' with the following arguments: {'ament_cmake_args': None, 'build_base': '/home/pullen65/rat-trak/ros2_ws/build/motor_control_pkg', 'catkin_cmake_args': None, 'catkin_skip_building_tests': False, 'cmake_args': None, 'cmake_clean_cache': False, 'cmake_clean_first': False, 'cmake_force_configure': False, 'cmake_target': None, 'cmake_target_skip_unavailable': False, 'install_base': '/home/pullen65/rat-trak/ros2_ws/install/motor_control_pkg', 'merge_install': False, 'path': '/home/pullen65/rat-trak/ros2_ws/src/motor_control_pkg', 'symlink_install': False, 'test_result_base': None}
[0.709s] Level 5:colcon.colcon_core.verb:set package 'rat_tracking' build argument 'cmake_args' from command line to 'None'
[0.709s] Level 5:colcon.colcon_core.verb:set package 'rat_tracking' build argument 'cmake_target' from command line to 'None'
[0.709s] Level 5:colcon.colcon_core.verb:set package 'rat_tracking' build argument 'cmake_target_skip_unavailable' from command line to 'False'
[0.709s] Level 5:colcon.colcon_core.verb:set package 'rat_tracking' build argument 'cmake_clean_cache' from command line to 'False'
[0.709s] Level 5:colcon.colcon_core.verb:set package 'rat_tracking' build argument 'cmake_clean_first' from command line to 'False'
[0.709s] Level 5:colcon.colcon_core.verb:set package 'rat_tracking' build argument 'cmake_force_configure' from command line to 'False'
[0.709s] Level 5:colcon.colcon_core.verb:set package 'rat_tracking' build argument 'ament_cmake_args' from command line to 'None'
[0.709s] Level 5:colcon.colcon_core.verb:set package 'rat_tracking' build argument 'catkin_cmake_args' from command line to 'None'
[0.709s] Level 5:colcon.colcon_core.verb:set package 'rat_tracking' build argument 'catkin_skip_building_tests' from command line to 'False'
[0.709s] DEBUG:colcon.colcon_core.verb:Building package 'rat_tracking' with the following arguments: {'ament_cmake_args': None, 'build_base': '/home/pullen65/rat-trak/ros2_ws/build/rat_tracking', 'catkin_cmake_args': None, 'catkin_skip_building_tests': False, 'cmake_args': None, 'cmake_clean_cache': False, 'cmake_clean_first': False, 'cmake_force_configure': False, 'cmake_target': None, 'cmake_target_skip_unavailable': False, 'install_base': '/home/pullen65/rat-trak/ros2_ws/install/rat_tracking', 'merge_install': False, 'path': '/home/pullen65/rat-trak/ros2_ws/src/rat_tracking', 'symlink_install': False, 'test_result_base': None}
[0.709s] INFO:colcon.colcon_core.executor:Executing jobs using 'parallel' executor
[0.710s] DEBUG:colcon.colcon_parallel_executor.executor.parallel:run_until_complete
[0.711s] INFO:colcon.colcon_ros.task.ament_python.build:Building ROS package in '/home/pullen65/rat-trak/ros2_ws/src/image_pub' with build type 'ament_python'
[0.711s] Level 1:colcon.colcon_core.shell:create_environment_hook('image_pub', 'ament_prefix_path')
[0.713s] INFO:colcon.colcon_core.plugin_system:Skipping extension 'colcon_core.shell.bat': Not used on non-Windows systems
[0.714s] INFO:colcon.colcon_core.shell:Creating environment hook '/home/pullen65/rat-trak/ros2_ws/install/image_pub/share/image_pub/hook/ament_prefix_path.ps1'
[0.714s] INFO:colcon.colcon_core.shell:Creating environment descriptor '/home/pullen65/rat-trak/ros2_ws/install/image_pub/share/image_pub/hook/ament_prefix_path.dsv'
[0.715s] INFO:colcon.colcon_core.shell:Creating environment hook '/home/pullen65/rat-trak/ros2_ws/install/image_pub/share/image_pub/hook/ament_prefix_path.sh'
[0.715s] INFO:colcon.colcon_core.shell:Skip shell extension 'powershell' for command environment: Not usable outside of PowerShell
[0.715s] DEBUG:colcon.colcon_core.shell:Skip shell extension 'dsv' for command environment
[0.720s] INFO:colcon.colcon_ros.task.ament_python.build:Building ROS package in '/home/pullen65/rat-trak/ros2_ws/src/image_viewer' with build type 'ament_python'
[0.721s] Level 1:colcon.colcon_core.shell:create_environment_hook('image_viewer', 'ament_prefix_path')
[0.722s] INFO:colcon.colcon_core.shell:Creating environment hook '/home/pullen65/rat-trak/ros2_ws/install/image_viewer/share/image_viewer/hook/ament_prefix_path.ps1'
[0.723s] INFO:colcon.colcon_core.shell:Creating environment descriptor '/home/pullen65/rat-trak/ros2_ws/install/image_viewer/share/image_viewer/hook/ament_prefix_path.dsv'
[0.723s] INFO:colcon.colcon_core.shell:Creating environment hook '/home/pullen65/rat-trak/ros2_ws/install/image_viewer/share/image_viewer/hook/ament_prefix_path.sh'
[0.724s] INFO:colcon.colcon_core.shell:Skip shell extension 'powershell' for command environment: Not usable outside of PowerShell
[0.724s] DEBUG:colcon.colcon_core.shell:Skip shell extension 'dsv' for command environment
[0.728s] INFO:colcon.colcon_ros.task.ament_python.build:Building ROS package in '/home/pullen65/rat-trak/ros2_ws/src/motor_control_pkg' with build type 'ament_python'
[0.728s] Level 1:colcon.colcon_core.shell:create_environment_hook('motor_control_pkg', 'ament_prefix_path')
[0.728s] INFO:colcon.colcon_core.shell:Creating environment hook '/home/pullen65/rat-trak/ros2_ws/install/motor_control_pkg/share/motor_control_pkg/hook/ament_prefix_path.ps1'
[0.729s] INFO:colcon.colcon_core.shell:Creating environment descriptor '/home/pullen65/rat-trak/ros2_ws/install/motor_control_pkg/share/motor_control_pkg/hook/ament_prefix_path.dsv'
[0.730s] INFO:colcon.colcon_core.shell:Creating environment hook '/home/pullen65/rat-trak/ros2_ws/install/motor_control_pkg/share/motor_control_pkg/hook/ament_prefix_path.sh'
[0.731s] INFO:colcon.colcon_core.shell:Skip shell extension 'powershell' for command environment: Not usable outside of PowerShell
[0.731s] DEBUG:colcon.colcon_core.shell:Skip shell extension 'dsv' for command environment
[0.735s] INFO:colcon.colcon_ros.task.ament_python.build:Building ROS package in '/home/pullen65/rat-trak/ros2_ws/src/rat_tracking' with build type 'ament_python'
[0.735s] Level 1:colcon.colcon_core.shell:create_environment_hook('rat_tracking', 'ament_prefix_path')
[0.735s] INFO:colcon.colcon_core.shell:Creating environment hook '/home/pullen65/rat-trak/ros2_ws/install/rat_tracking/share/rat_tracking/hook/ament_prefix_path.ps1'
[0.736s] INFO:colcon.colcon_core.shell:Creating environment descriptor '/home/pullen65/rat-trak/ros2_ws/install/rat_tracking/share/rat_tracking/hook/ament_prefix_path.dsv'
[0.737s] INFO:colcon.colcon_core.shell:Creating environment hook '/home/pullen65/rat-trak/ros2_ws/install/rat_tracking/share/rat_tracking/hook/ament_prefix_path.sh'
[0.738s] INFO:colcon.colcon_core.shell:Skip shell extension 'powershell' for command environment: Not usable outside of PowerShell
[0.738s] DEBUG:colcon.colcon_core.shell:Skip shell extension 'dsv' for command environment
[1.002s] INFO:colcon.colcon_core.task.python.build:Building Python package in '/home/pullen65/rat-trak/ros2_ws/src/image_pub'
[1.003s] INFO:colcon.colcon_core.shell:Skip shell extension 'powershell' for command environment: Not usable outside of PowerShell
[1.003s] DEBUG:colcon.colcon_core.shell:Skip shell extension 'dsv' for command environment
[1.260s] INFO:colcon.colcon_core.task.python.build:Building Python package in '/home/pullen65/rat-trak/ros2_ws/src/image_viewer'
[1.261s] INFO:colcon.colcon_core.shell:Skip shell extension 'powershell' for command environment: Not usable outside of PowerShell
[1.261s] DEBUG:colcon.colcon_core.shell:Skip shell extension 'dsv' for command environment
[1.509s] INFO:colcon.colcon_core.task.python.build:Building Python package in '/home/pullen65/rat-trak/ros2_ws/src/motor_control_pkg'
[1.510s] INFO:colcon.colcon_core.shell:Skip shell extension 'powershell' for command environment: Not usable outside of PowerShell
[1.510s] DEBUG:colcon.colcon_core.shell:Skip shell extension 'dsv' for command environment
[1.759s] INFO:colcon.colcon_core.task.python.build:Building Python package in '/home/pullen65/rat-trak/ros2_ws/src/rat_tracking'
[1.760s] INFO:colcon.colcon_core.shell:Skip shell extension 'powershell' for command environment: Not usable outside of PowerShell
[1.760s] DEBUG:colcon.colcon_core.shell:Skip shell extension 'dsv' for command environment
[2.453s] DEBUG:colcon.colcon_core.event_handler.log_command:Invoking command in '/home/pullen65/rat-trak/ros2_ws/build/image_pub': PYTHONPATH=/home/pullen65/rat-trak/ros2_ws/build/image_pub/prefix_override:/usr/lib/python3/dist-packages/colcon_core/task/python/colcon_distutils_commands:/home/pullen65/rat-trak/ros2_ws/install/image_pub/lib/python3.12/site-packages:${PYTHONPATH} /usr/bin/python3 -W ignore:setup.py install is deprecated setup.py develop --uninstall --editable --build-directory /home/pullen65/rat-trak/ros2_ws/build/image_pub/build
[2.481s] DEBUG:colcon.colcon_core.event_handler.log_command:Invoking command in '/home/pullen65/rat-trak/ros2_ws/build/image_viewer': PYTHONPATH=/home/pullen65/rat-trak/ros2_ws/build/image_viewer/prefix_override:/usr/lib/python3/dist-packages/colcon_core/task/python/colcon_distutils_commands:/home/pullen65/rat-trak/ros2_ws/install/image_viewer/lib/python3.12/site-packages:${PYTHONPATH} /usr/bin/python3 -W ignore:setup.py install is deprecated setup.py develop --uninstall --editable --build-directory /home/pullen65/rat-trak/ros2_ws/build/image_viewer/build
[2.517s] DEBUG:colcon.colcon_core.event_handler.log_command:Invoking command in '/home/pullen65/rat-trak/ros2_ws/build/motor_control_pkg': PYTHONPATH=/home/pullen65/rat-trak/ros2_ws/build/motor_control_pkg/prefix_override:/usr/lib/python3/dist-packages/colcon_core/task/python/colcon_distutils_commands:/home/pullen65/rat-trak/ros2_ws/install/motor_control_pkg/lib/python3.12/site-packages:${PYTHONPATH} /usr/bin/python3 -W ignore:setup.py install is deprecated setup.py develop --uninstall --editable --build-directory /home/pullen65/rat-trak/ros2_ws/build/motor_control_pkg/build
[2.529s] DEBUG:colcon.colcon_core.event_handler.log_command:Invoking command in '/home/pullen65/rat-trak/ros2_ws/build/rat_tracking': PYTHONPATH=/home/pullen65/rat-trak/ros2_ws/build/rat_tracking/prefix_override:/usr/lib/python3/dist-packages/colcon_core/task/python/colcon_distutils_commands:/home/pullen65/rat-trak/ros2_ws/install/rat_tracking/lib/python3.12/site-packages:${PYTHONPATH} /usr/bin/python3 -W ignore:setup.py install is deprecated setup.py develop --uninstall --editable --build-directory /home/pullen65/rat-trak/ros2_ws/build/rat_tracking/build
[3.109s] DEBUG:colcon.colcon_core.event_handler.log_command:Invoked command in '/home/pullen65/rat-trak/ros2_ws/build/image_pub' returned '0': PYTHONPATH=/home/pullen65/rat-trak/ros2_ws/build/image_pub/prefix_override:/usr/lib/python3/dist-packages/colcon_core/task/python/colcon_distutils_commands:/home/pullen65/rat-trak/ros2_ws/install/image_pub/lib/python3.12/site-packages:${PYTHONPATH} /usr/bin/python3 -W ignore:setup.py install is deprecated setup.py develop --uninstall --editable --build-directory /home/pullen65/rat-trak/ros2_ws/build/image_pub/build
[3.110s] DEBUG:colcon.colcon_core.event_handler.log_command:Invoking command in '/home/pullen65/rat-trak/ros2_ws/src/image_pub': PYTHONPATH=/home/pullen65/rat-trak/ros2_ws/build/image_pub/prefix_override:/usr/lib/python3/dist-packages/colcon_core/task/python/colcon_distutils_commands:/home/pullen65/rat-trak/ros2_ws/install/image_pub/lib/python3.12/site-packages:${PYTHONPATH} /usr/bin/python3 -W ignore:setup.py install is deprecated setup.py egg_info --egg-base ../../build/image_pub build --build-base /home/pullen65/rat-trak/ros2_ws/build/image_pub/build install --record /home/pullen65/rat-trak/ros2_ws/build/image_pub/install.log --single-version-externally-managed install_data --force
[3.133s] DEBUG:colcon.colcon_core.event_handler.log_command:Invoked command in '/home/pullen65/rat-trak/ros2_ws/build/image_viewer' returned '0': PYTHONPATH=/home/pullen65/rat-trak/ros2_ws/build/image_viewer/prefix_override:/usr/lib/python3/dist-packages/colcon_core/task/python/colcon_distutils_commands:/home/pullen65/rat-trak/ros2_ws/install/image_viewer/lib/python3.12/site-packages:${PYTHONPATH} /usr/bin/python3 -W ignore:setup.py install is deprecated setup.py develop --uninstall --editable --build-directory /home/pullen65/rat-trak/ros2_ws/build/image_viewer/build
[3.134s] DEBUG:colcon.colcon_core.event_handler.log_command:Invoking command in '/home/pullen65/rat-trak/ros2_ws/src/image_viewer': PYTHONPATH=/home/pullen65/rat-trak/ros2_ws/build/image_viewer/prefix_override:/usr/lib/python3/dist-packages/colcon_core/task/python/colcon_distutils_commands:/home/pullen65/rat-trak/ros2_ws/install/image_viewer/lib/python3.12/site-packages:${PYTHONPATH} /usr/bin/python3 -W ignore:setup.py install is deprecated setup.py egg_info --egg-base ../../build/image_viewer build --build-base /home/pullen65/rat-trak/ros2_ws/build/image_viewer/build install --record /home/pullen65/rat-trak/ros2_ws/build/image_viewer/install.log --single-version-externally-managed install_data --force
[3.147s] DEBUG:colcon.colcon_core.event_handler.log_command:Invoked command in '/home/pullen65/rat-trak/ros2_ws/build/motor_control_pkg' returned '0': PYTHONPATH=/home/pullen65/rat-trak/ros2_ws/build/motor_control_pkg/prefix_override:/usr/lib/python3/dist-packages/colcon_core/task/python/colcon_distutils_commands:/home/pullen65/rat-trak/ros2_ws/install/motor_control_pkg/lib/python3.12/site-packages:${PYTHONPATH} /usr/bin/python3 -W ignore:setup.py install is deprecated setup.py develop --uninstall --editable --build-directory /home/pullen65/rat-trak/ros2_ws/build/motor_control_pkg/build
[3.151s] DEBUG:colcon.colcon_core.event_handler.log_command:Invoking command in '/home/pullen65/rat-trak/ros2_ws/src/motor_control_pkg': PYTHONPATH=/home/pullen65/rat-trak/ros2_ws/build/motor_control_pkg/prefix_override:/usr/lib/python3/dist-packages/colcon_core/task/python/colcon_distutils_commands:/home/pullen65/rat-trak/ros2_ws/install/motor_control_pkg/lib/python3.12/site-packages:${PYTHONPATH} /usr/bin/python3 -W ignore:setup.py install is deprecated setup.py egg_info --egg-base ../../build/motor_control_pkg build --build-base /home/pullen65/rat-trak/ros2_ws/build/motor_control_pkg/build install --record /home/pullen65/rat-trak/ros2_ws/build/motor_control_pkg/install.log --single-version-externally-managed install_data --force
[3.163s] DEBUG:colcon.colcon_core.event_handler.log_command:Invoked command in '/home/pullen65/rat-trak/ros2_ws/build/rat_tracking' returned '0': PYTHONPATH=/home/pullen65/rat-trak/ros2_ws/build/rat_tracking/prefix_override:/usr/lib/python3/dist-packages/colcon_core/task/python/colcon_distutils_commands:/home/pullen65/rat-trak/ros2_ws/install/rat_tracking/lib/python3.12/site-packages:${PYTHONPATH} /usr/bin/python3 -W ignore:setup.py install is deprecated setup.py develop --uninstall --editable --build-directory /home/pullen65/rat-trak/ros2_ws/build/rat_tracking/build
[3.165s] DEBUG:colcon.colcon_core.event_handler.log_command:Invoking command in '/home/pullen65/rat-trak/ros2_ws/src/rat_tracking': PYTHONPATH=/home/pullen65/rat-trak/ros2_ws/build/rat_tracking/prefix_override:/usr/lib/python3/dist-packages/colcon_core/task/python/colcon_distutils_commands:/home/pullen65/rat-trak/ros2_ws/install/rat_tracking/lib/python3.12/site-packages:${PYTHONPATH} /usr/bin/python3 -W ignore:setup.py install is deprecated setup.py egg_info --egg-base ../../build/rat_tracking build --build-base /home/pullen65/rat-trak/ros2_ws/build/rat_tracking/build install --record /home/pullen65/rat-trak/ros2_ws/build/rat_tracking/install.log --single-version-externally-managed install_data --force
[3.767s] DEBUG:colcon.colcon_core.event_handler.log_command:Invoked command in '/home/pullen65/rat-trak/ros2_ws/src/image_viewer' returned '0': PYTHONPATH=/home/pullen65/rat-trak/ros2_ws/build/image_viewer/prefix_override:/usr/lib/python3/dist-packages/colcon_core/task/python/colcon_distutils_commands:/home/pullen65/rat-trak/ros2_ws/install/image_viewer/lib/python3.12/site-packages:${PYTHONPATH} /usr/bin/python3 -W ignore:setup.py install is deprecated setup.py egg_info --egg-base ../../build/image_viewer build --build-base /home/pullen65/rat-trak/ros2_ws/build/image_viewer/build install --record /home/pullen65/rat-trak/ros2_ws/build/image_viewer/install.log --single-version-externally-managed install_data --force
[3.770s] Level 1:colcon.colcon_core.environment:checking '/home/pullen65/rat-trak/ros2_ws/install/image_viewer' for CMake module files
[3.770s] Level 1:colcon.colcon_core.environment:checking '/home/pullen65/rat-trak/ros2_ws/install/image_viewer' for CMake config files
[3.771s] Level 1:colcon.colcon_core.environment:checking '/home/pullen65/rat-trak/ros2_ws/install/image_viewer/lib'
[3.771s] Level 1:colcon.colcon_core.environment:checking '/home/pullen65/rat-trak/ros2_ws/install/image_viewer/bin'
[3.771s] Level 1:colcon.colcon_core.environment:checking '/home/pullen65/rat-trak/ros2_ws/install/image_viewer/lib/pkgconfig/image_viewer.pc'
[3.772s] Level 1:colcon.colcon_core.environment:checking '/home/pullen65/rat-trak/ros2_ws/install/image_viewer/lib/python3.12/site-packages'
[3.772s] Level 1:colcon.colcon_core.shell:create_environment_hook('image_viewer', 'pythonpath')
[3.772s] INFO:colcon.colcon_core.shell:Creating environment hook '/home/pullen65/rat-trak/ros2_ws/install/image_viewer/share/image_viewer/hook/pythonpath.ps1'
[3.773s] INFO:colcon.colcon_core.shell:Creating environment descriptor '/home/pullen65/rat-trak/ros2_ws/install/image_viewer/share/image_viewer/hook/pythonpath.dsv'
[3.773s] INFO:colcon.colcon_core.shell:Creating environment hook '/home/pullen65/rat-trak/ros2_ws/install/image_viewer/share/image_viewer/hook/pythonpath.sh'
[3.774s] Level 1:colcon.colcon_core.environment:checking '/home/pullen65/rat-trak/ros2_ws/install/image_viewer/bin'
[3.774s] Level 1:colcon.colcon_core.environment:create_environment_scripts_only(image_viewer)
[3.775s] INFO:colcon.colcon_core.shell:Creating package script '/home/pullen65/rat-trak/ros2_ws/install/image_viewer/share/image_viewer/package.ps1'
[3.776s] INFO:colcon.colcon_core.shell:Creating package descriptor '/home/pullen65/rat-trak/ros2_ws/install/image_viewer/share/image_viewer/package.dsv'
[3.776s] INFO:colcon.colcon_core.shell:Creating package script '/home/pullen65/rat-trak/ros2_ws/install/image_viewer/share/image_viewer/package.sh'
[3.777s] INFO:colcon.colcon_core.shell:Creating package script '/home/pullen65/rat-trak/ros2_ws/install/image_viewer/share/image_viewer/package.bash'
[3.778s] INFO:colcon.colcon_core.shell:Creating package script '/home/pullen65/rat-trak/ros2_ws/install/image_viewer/share/image_viewer/package.zsh'
[3.779s] Level 1:colcon.colcon_core.environment:create_file_with_runtime_dependencies(/home/pullen65/rat-trak/ros2_ws/install/image_viewer/share/colcon-core/packages/image_viewer)
[3.781s] Level 1:colcon.colcon_core.environment:checking '/home/pullen65/rat-trak/ros2_ws/install/motor_control_pkg' for CMake module files
[3.782s] Level 1:colcon.colcon_core.environment:checking '/home/pullen65/rat-trak/ros2_ws/install/motor_control_pkg' for CMake config files
[3.783s] DEBUG:colcon.colcon_core.event_handler.log_command:Invoked command in '/home/pullen65/rat-trak/ros2_ws/src/motor_control_pkg' returned '0': PYTHONPATH=/home/pullen65/rat-trak/ros2_ws/build/motor_control_pkg/prefix_override:/usr/lib/python3/dist-packages/colcon_core/task/python/colcon_distutils_commands:/home/pullen65/rat-trak/ros2_ws/install/motor_control_pkg/lib/python3.12/site-packages:${PYTHONPATH} /usr/bin/python3 -W ignore:setup.py install is deprecated setup.py egg_info --egg-base ../../build/motor_control_pkg build --build-base /home/pullen65/rat-trak/ros2_ws/build/motor_control_pkg/build install --record /home/pullen65/rat-trak/ros2_ws/build/motor_control_pkg/install.log --single-version-externally-managed install_data --force
[3.783s] Level 1:colcon.colcon_core.environment:checking '/home/pullen65/rat-trak/ros2_ws/install/motor_control_pkg/lib'
[3.783s] Level 1:colcon.colcon_core.environment:checking '/home/pullen65/rat-trak/ros2_ws/install/motor_control_pkg/bin'
[3.783s] Level 1:colcon.colcon_core.environment:checking '/home/pullen65/rat-trak/ros2_ws/install/motor_control_pkg/lib/pkgconfig/motor_control_pkg.pc'
[3.783s] Level 1:colcon.colcon_core.environment:checking '/home/pullen65/rat-trak/ros2_ws/install/motor_control_pkg/lib/python3.12/site-packages'
[3.784s] Level 1:colcon.colcon_core.shell:create_environment_hook('motor_control_pkg', 'pythonpath')
[3.784s] INFO:colcon.colcon_core.shell:Creating environment hook '/home/pullen65/rat-trak/ros2_ws/install/motor_control_pkg/share/motor_control_pkg/hook/pythonpath.ps1'
[3.784s] INFO:colcon.colcon_core.shell:Creating environment descriptor '/home/pullen65/rat-trak/ros2_ws/install/motor_control_pkg/share/motor_control_pkg/hook/pythonpath.dsv'
[3.785s] INFO:colcon.colcon_core.shell:Creating environment hook '/home/pullen65/rat-trak/ros2_ws/install/motor_control_pkg/share/motor_control_pkg/hook/pythonpath.sh'
[3.786s] Level 1:colcon.colcon_core.environment:checking '/home/pullen65/rat-trak/ros2_ws/install/motor_control_pkg/bin'
[3.786s] Level 1:colcon.colcon_core.environment:create_environment_scripts_only(motor_control_pkg)
[3.786s] INFO:colcon.colcon_core.shell:Creating package script '/home/pullen65/rat-trak/ros2_ws/install/motor_control_pkg/share/motor_control_pkg/package.ps1'
[3.787s] INFO:colcon.colcon_core.shell:Creating package descriptor '/home/pullen65/rat-trak/ros2_ws/install/motor_control_pkg/share/motor_control_pkg/package.dsv'
[3.788s] INFO:colcon.colcon_core.shell:Creating package script '/home/pullen65/rat-trak/ros2_ws/install/motor_control_pkg/share/motor_control_pkg/package.sh'
[3.788s] INFO:colcon.colcon_core.shell:Creating package script '/home/pullen65/rat-trak/ros2_ws/install/motor_control_pkg/share/motor_control_pkg/package.bash'
[3.789s] INFO:colcon.colcon_core.shell:Creating package script '/home/pullen65/rat-trak/ros2_ws/install/motor_control_pkg/share/motor_control_pkg/package.zsh'
[3.789s] Level 1:colcon.colcon_core.environment:create_file_with_runtime_dependencies(/home/pullen65/rat-trak/ros2_ws/install/motor_control_pkg/share/colcon-core/packages/motor_control_pkg)
[3.793s] Level 1:colcon.colcon_core.environment:checking '/home/pullen65/rat-trak/ros2_ws/install/image_pub' for CMake module files
[3.794s] DEBUG:colcon.colcon_core.event_handler.log_command:Invoked command in '/home/pullen65/rat-trak/ros2_ws/src/image_pub' returned '0': PYTHONPATH=/home/pullen65/rat-trak/ros2_ws/build/image_pub/prefix_override:/usr/lib/python3/dist-packages/colcon_core/task/python/colcon_distutils_commands:/home/pullen65/rat-trak/ros2_ws/install/image_pub/lib/python3.12/site-packages:${PYTHONPATH} /usr/bin/python3 -W ignore:setup.py install is deprecated setup.py egg_info --egg-base ../../build/image_pub build --build-base /home/pullen65/rat-trak/ros2_ws/build/image_pub/build install --record /home/pullen65/rat-trak/ros2_ws/build/image_pub/install.log --single-version-externally-managed install_data --force
[3.795s] Level 1:colcon.colcon_core.environment:checking '/home/pullen65/rat-trak/ros2_ws/install/image_pub' for CMake config files
[3.796s] Level 1:colcon.colcon_core.environment:checking '/home/pullen65/rat-trak/ros2_ws/install/image_pub/lib'
[3.796s] Level 1:colcon.colcon_core.environment:checking '/home/pullen65/rat-trak/ros2_ws/install/image_pub/bin'
[3.796s] Level 1:colcon.colcon_core.environment:checking '/home/pullen65/rat-trak/ros2_ws/install/image_pub/lib/pkgconfig/image_pub.pc'
[3.796s] Level 1:colcon.colcon_core.environment:checking '/home/pullen65/rat-trak/ros2_ws/install/image_pub/lib/python3.12/site-packages'
[3.796s] Level 1:colcon.colcon_core.shell:create_environment_hook('image_pub', 'pythonpath')
[3.797s] INFO:colcon.colcon_core.shell:Creating environment hook '/home/pullen65/rat-trak/ros2_ws/install/image_pub/share/image_pub/hook/pythonpath.ps1'
[3.797s] INFO:colcon.colcon_core.shell:Creating environment descriptor '/home/pullen65/rat-trak/ros2_ws/install/image_pub/share/image_pub/hook/pythonpath.dsv'
[3.798s] INFO:colcon.colcon_core.shell:Creating environment hook '/home/pullen65/rat-trak/ros2_ws/install/image_pub/share/image_pub/hook/pythonpath.sh'
[3.799s] Level 1:colcon.colcon_core.environment:checking '/home/pullen65/rat-trak/ros2_ws/install/image_pub/bin'
[3.799s] Level 1:colcon.colcon_core.environment:create_environment_scripts_only(image_pub)
[3.799s] INFO:colcon.colcon_core.shell:Creating package script '/home/pullen65/rat-trak/ros2_ws/install/image_pub/share/image_pub/package.ps1'
[3.800s] INFO:colcon.colcon_core.shell:Creating package descriptor '/home/pullen65/rat-trak/ros2_ws/install/image_pub/share/image_pub/package.dsv'
[3.800s] INFO:colcon.colcon_core.shell:Creating package script '/home/pullen65/rat-trak/ros2_ws/install/image_pub/share/image_pub/package.sh'
[3.801s] INFO:colcon.colcon_core.shell:Creating package script '/home/pullen65/rat-trak/ros2_ws/install/image_pub/share/image_pub/package.bash'
[3.801s] INFO:colcon.colcon_core.shell:Creating package script '/home/pullen65/rat-trak/ros2_ws/install/image_pub/share/image_pub/package.zsh'
[3.802s] Level 1:colcon.colcon_core.environment:create_file_with_runtime_dependencies(/home/pullen65/rat-trak/ros2_ws/install/image_pub/share/colcon-core/packages/image_pub)
[3.806s] Level 1:colcon.colcon_core.environment:checking '/home/pullen65/rat-trak/ros2_ws/install/rat_tracking' for CMake module files
[3.807s] DEBUG:colcon.colcon_core.event_handler.log_command:Invoked command in '/home/pullen65/rat-trak/ros2_ws/src/rat_tracking' returned '0': PYTHONPATH=/home/pullen65/rat-trak/ros2_ws/build/rat_tracking/prefix_override:/usr/lib/python3/dist-packages/colcon_core/task/python/colcon_distutils_commands:/home/pullen65/rat-trak/ros2_ws/install/rat_tracking/lib/python3.12/site-packages:${PYTHONPATH} /usr/bin/python3 -W ignore:setup.py install is deprecated setup.py egg_info --egg-base ../../build/rat_tracking build --build-base /home/pullen65/rat-trak/ros2_ws/build/rat_tracking/build install --record /home/pullen65/rat-trak/ros2_ws/build/rat_tracking/install.log --single-version-externally-managed install_data --force
[3.807s] Level 1:colcon.colcon_core.environment:checking '/home/pullen65/rat-trak/ros2_ws/install/rat_tracking' for CMake config files
[3.808s] Level 1:colcon.colcon_core.environment:checking '/home/pullen65/rat-trak/ros2_ws/install/rat_tracking/lib'
[3.808s] Level 1:colcon.colcon_core.environment:checking '/home/pullen65/rat-trak/ros2_ws/install/rat_tracking/bin'
[3.808s] Level 1:colcon.colcon_core.environment:checking '/home/pullen65/rat-trak/ros2_ws/install/rat_tracking/lib/pkgconfig/rat_tracking.pc'
[3.808s] Level 1:colcon.colcon_core.environment:checking '/home/pullen65/rat-trak/ros2_ws/install/rat_tracking/lib/python3.12/site-packages'
[3.809s] Level 1:colcon.colcon_core.shell:create_environment_hook('rat_tracking', 'pythonpath')
[3.809s] INFO:colcon.colcon_core.shell:Creating environment hook '/home/pullen65/rat-trak/ros2_ws/install/rat_tracking/share/rat_tracking/hook/pythonpath.ps1'
[3.809s] INFO:colcon.colcon_core.shell:Creating environment descriptor '/home/pullen65/rat-trak/ros2_ws/install/rat_tracking/share/rat_tracking/hook/pythonpath.dsv'
[3.810s] INFO:colcon.colcon_core.shell:Creating environment hook '/home/pullen65/rat-trak/ros2_ws/install/rat_tracking/share/rat_tracking/hook/pythonpath.sh'
[3.810s] Level 1:colcon.colcon_core.environment:checking '/home/pullen65/rat-trak/ros2_ws/install/rat_tracking/bin'
[3.810s] Level 1:colcon.colcon_core.environment:create_environment_scripts_only(rat_tracking)
[3.811s] INFO:colcon.colcon_core.shell:Creating package script '/home/pullen65/rat-trak/ros2_ws/install/rat_tracking/share/rat_tracking/package.ps1'
[3.811s] INFO:colcon.colcon_core.shell:Creating package descriptor '/home/pullen65/rat-trak/ros2_ws/install/rat_tracking/share/rat_tracking/package.dsv'
[3.812s] INFO:colcon.colcon_core.shell:Creating package script '/home/pullen65/rat-trak/ros2_ws/install/rat_tracking/share/rat_tracking/package.sh'
[3.813s] INFO:colcon.colcon_core.shell:Creating package script '/home/pullen65/rat-trak/ros2_ws/install/rat_tracking/share/rat_tracking/package.bash'
[3.813s] INFO:colcon.colcon_core.shell:Creating package script '/home/pullen65/rat-trak/ros2_ws/install/rat_tracking/share/rat_tracking/package.zsh'
[3.813s] Level 1:colcon.colcon_core.environment:create_file_with_runtime_dependencies(/home/pullen65/rat-trak/ros2_ws/install/rat_tracking/share/colcon-core/packages/rat_tracking)
[3.814s] DEBUG:colcon.colcon_parallel_executor.executor.parallel:closing loop
[3.814s] DEBUG:colcon.colcon_parallel_executor.executor.parallel:loop closed
[3.815s] DEBUG:colcon.colcon_parallel_executor.executor.parallel:run_until_complete finished with '0'
[3.816s] DEBUG:colcon.colcon_core.event_reactor:joining thread
[3.927s] INFO:colcon.colcon_core.plugin_system:Skipping extension 'colcon_notification.desktop_notification.notify_send': Could not find 'notify-send'
[3.927s] INFO:colcon.colcon_core.plugin_system:Skipping extension 'colcon_notification.desktop_notification.terminal_notifier': Not used on non-Darwin systems
[3.927s] INFO:colcon.colcon_core.plugin_system:Skipping extension 'colcon_notification.desktop_notification.win32': Not used on non-Windows systems
[3.928s] INFO:colcon.colcon_notification.desktop_notification:Sending desktop notification using 'notify2'
[3.929s] DEBUG:colcon.colcon_notification.desktop_notification.notify2:Failed to initialize notify2: org.freedesktop.DBus.Error.ServiceUnknown: The name org.freedesktop.Notifications was not provided by any .service files
[3.930s] DEBUG:colcon.colcon_core.event_reactor:joined thread
[3.930s] INFO:colcon.colcon_core.shell:Creating prefix script '/home/pullen65/rat-trak/ros2_ws/install/local_setup.ps1'
[3.932s] INFO:colcon.colcon_core.shell:Creating prefix util module '/home/pullen65/rat-trak/ros2_ws/install/_local_setup_util_ps1.py'
[3.934s] INFO:colcon.colcon_core.shell:Creating prefix chain script '/home/pullen65/rat-trak/ros2_ws/install/setup.ps1'
[3.935s] INFO:colcon.colcon_core.shell:Creating prefix script '/home/pullen65/rat-trak/ros2_ws/install/local_setup.sh'
[3.936s] INFO:colcon.colcon_core.shell:Creating prefix util module '/home/pullen65/rat-trak/ros2_ws/install/_local_setup_util_sh.py'
[3.937s] INFO:colcon.colcon_core.shell:Creating prefix chain script '/home/pullen65/rat-trak/ros2_ws/install/setup.sh'
[3.938s] INFO:colcon.colcon_core.shell:Creating prefix script '/home/pullen65/rat-trak/ros2_ws/install/local_setup.bash'
[3.939s] INFO:colcon.colcon_core.shell:Creating prefix chain script '/home/pullen65/rat-trak/ros2_ws/install/setup.bash'
[3.940s] INFO:colcon.colcon_core.shell:Creating prefix script '/home/pullen65/rat-trak/ros2_ws/install/local_setup.zsh'
[3.941s] INFO:colcon.colcon_core.shell:Creating prefix chain script '/home/pullen65/rat-trak/ros2_ws/install/setup.zsh'
