[0.194s] DEBUG:colcon:Command line arguments: ['/usr/bin/colcon', 'build']
[0.195s] DEBUG:colcon:Parsed command line arguments: Namespace(log_base=None, log_level=None, verb_name='build', build_base='build', install_base='install', merge_install=False, symlink_install=False, test_result_base=None, continue_on_error=False, executor='parallel', parallel_workers=4, event_handlers=None, ignore_user_meta=False, metas=['./colcon.meta'], base_paths=['.'], packages_ignore=None, packages_ignore_regex=None, paths=None, packages_up_to=None, packages_up_to_regex=None, packages_above=None, packages_above_and_dependencies=None, packages_above_depth=None, packages_select_by_dep=None, packages_skip_by_dep=None, packages_skip_up_to=None, packages_select_build_failed=False, packages_skip_build_finished=False, packages_select_test_failures=False, packages_skip_test_passed=False, packages_select=None, packages_skip=None, packages_select_regex=None, packages_skip_regex=None, packages_start=None, packages_end=None, allow_overriding=[], cmake_args=None, cmake_target=None, cmake_target_skip_unavailable=False, cmake_clean_cache=False, cmake_clean_first=False, cmake_force_configure=False, ament_cmake_args=None, catkin_cmake_args=None, catkin_skip_building_tests=False, mixin_files=None, mixin=None, verb_parser=<colcon_mixin.mixin.mixin_argument.MixinArgumentDecorator object at 0xffffb637db20>, verb_extension=<colcon_core.verb.build.BuildVerb object at 0xffffb64a4dd0>, main=<bound method BuildVerb.main of <colcon_core.verb.build.BuildVerb object at 0xffffb64a4dd0>>, mixin_verb=('build',))
[0.252s] Level 1:colcon.colcon_core.package_discovery:discover_packages(colcon_meta) check parameters
[0.252s] Level 1:colcon.colcon_core.package_discovery:discover_packages(recursive) check parameters
[0.252s] Level 1:colcon.colcon_core.package_discovery:discover_packages(ignore) check parameters
[0.252s] Level 1:colcon.colcon_core.package_discovery:discover_packages(path) check parameters
[0.252s] Level 1:colcon.colcon_core.package_discovery:discover_packages(colcon_meta) discover
[0.252s] Level 1:colcon.colcon_core.package_discovery:discover_packages(recursive) discover
[0.252s] INFO:colcon.colcon_core.package_discovery:Crawling recursively for packages in '/home/rat-trak/rat-trak/ros2_ws'
[0.252s] Level 1:colcon.colcon_core.package_identification:_identify(.) by extensions ['ignore', 'ignore_ament_install']
[0.252s] Level 1:colcon.colcon_core.package_identification:_identify(.) by extension 'ignore'
[0.252s] Level 1:colcon.colcon_core.package_identification:_identify(.) by extension 'ignore_ament_install'
[0.253s] Level 1:colcon.colcon_core.package_identification:_identify(.) by extensions ['colcon_pkg']
[0.253s] Level 1:colcon.colcon_core.package_identification:_identify(.) by extension 'colcon_pkg'
[0.253s] Level 1:colcon.colcon_core.package_identification:_identify(.) by extensions ['colcon_meta']
[0.253s] Level 1:colcon.colcon_core.package_identification:_identify(.) by extension 'colcon_meta'
[0.253s] Level 1:colcon.colcon_core.package_identification:_identify(.) by extensions ['ros']
[0.253s] Level 1:colcon.colcon_core.package_identification:_identify(.) by extension 'ros'
[0.290s] Level 1:colcon.colcon_core.package_identification:_identify(.) by extensions ['cmake', 'python']
[0.290s] Level 1:colcon.colcon_core.package_identification:_identify(.) by extension 'cmake'
[0.290s] Level 1:colcon.colcon_core.package_identification:_identify(.) by extension 'python'
[0.290s] Level 1:colcon.colcon_core.package_identification:_identify(.) by extensions ['python_setup_py']
[0.290s] Level 1:colcon.colcon_core.package_identification:_identify(.) by extension 'python_setup_py'
[0.291s] Level 1:colcon.colcon_core.package_identification:_identify(build) by extensions ['ignore', 'ignore_ament_install']
[0.291s] Level 1:colcon.colcon_core.package_identification:_identify(build) by extension 'ignore'
[0.291s] Level 1:colcon.colcon_core.package_identification:_identify(build) ignored
[0.291s] Level 1:colcon.colcon_core.package_identification:_identify(install) by extensions ['ignore', 'ignore_ament_install']
[0.291s] Level 1:colcon.colcon_core.package_identification:_identify(install) by extension 'ignore'
[0.291s] Level 1:colcon.colcon_core.package_identification:_identify(install) ignored
[0.291s] Level 1:colcon.colcon_core.package_identification:_identify(log) by extensions ['ignore', 'ignore_ament_install']
[0.292s] Level 1:colcon.colcon_core.package_identification:_identify(log) by extension 'ignore'
[0.292s] Level 1:colcon.colcon_core.package_identification:_identify(log) ignored
[0.292s] Level 1:colcon.colcon_core.package_identification:_identify(src) by extensions ['ignore', 'ignore_ament_install']
[0.292s] Level 1:colcon.colcon_core.package_identification:_identify(src) by extension 'ignore'
[0.292s] Level 1:colcon.colcon_core.package_identification:_identify(src) by extension 'ignore_ament_install'
[0.292s] Level 1:colcon.colcon_core.package_identification:_identify(src) by extensions ['colcon_pkg']
[0.292s] Level 1:colcon.colcon_core.package_identification:_identify(src) by extension 'colcon_pkg'
[0.292s] Level 1:colcon.colcon_core.package_identification:_identify(src) by extensions ['colcon_meta']
[0.292s] Level 1:colcon.colcon_core.package_identification:_identify(src) by extension 'colcon_meta'
[0.292s] Level 1:colcon.colcon_core.package_identification:_identify(src) by extensions ['ros']
[0.292s] Level 1:colcon.colcon_core.package_identification:_identify(src) by extension 'ros'
[0.292s] Level 1:colcon.colcon_core.package_identification:_identify(src) by extensions ['cmake', 'python']
[0.292s] Level 1:colcon.colcon_core.package_identification:_identify(src) by extension 'cmake'
[0.293s] Level 1:colcon.colcon_core.package_identification:_identify(src) by extension 'python'
[0.293s] Level 1:colcon.colcon_core.package_identification:_identify(src) by extensions ['python_setup_py']
[0.293s] Level 1:colcon.colcon_core.package_identification:_identify(src) by extension 'python_setup_py'
[0.293s] Level 1:colcon.colcon_core.package_identification:_identify(src/camera_launch) by extensions ['ignore', 'ignore_ament_install']
[0.293s] Level 1:colcon.colcon_core.package_identification:_identify(src/camera_launch) by extension 'ignore'
[0.293s] Level 1:colcon.colcon_core.package_identification:_identify(src/camera_launch) by extension 'ignore_ament_install'
[0.293s] Level 1:colcon.colcon_core.package_identification:_identify(src/camera_launch) by extensions ['colcon_pkg']
[0.293s] Level 1:colcon.colcon_core.package_identification:_identify(src/camera_launch) by extension 'colcon_pkg'
[0.293s] Level 1:colcon.colcon_core.package_identification:_identify(src/camera_launch) by extensions ['colcon_meta']
[0.293s] Level 1:colcon.colcon_core.package_identification:_identify(src/camera_launch) by extension 'colcon_meta'
[0.293s] Level 1:colcon.colcon_core.package_identification:_identify(src/camera_launch) by extensions ['ros']
[0.293s] Level 1:colcon.colcon_core.package_identification:_identify(src/camera_launch) by extension 'ros'
[0.293s] Level 1:colcon.colcon_core.package_identification:_identify(src/camera_launch) by extensions ['cmake', 'python']
[0.293s] Level 1:colcon.colcon_core.package_identification:_identify(src/camera_launch) by extension 'cmake'
[0.293s] Level 1:colcon.colcon_core.package_identification:_identify(src/camera_launch) by extension 'python'
[0.293s] Level 1:colcon.colcon_core.package_identification:_identify(src/camera_launch) by extensions ['python_setup_py']
[0.293s] Level 1:colcon.colcon_core.package_identification:_identify(src/camera_launch) by extension 'python_setup_py'
[0.294s] Level 1:colcon.colcon_core.package_identification:_identify(src/image_pub) by extensions ['ignore', 'ignore_ament_install']
[0.294s] Level 1:colcon.colcon_core.package_identification:_identify(src/image_pub) by extension 'ignore'
[0.294s] Level 1:colcon.colcon_core.package_identification:_identify(src/image_pub) by extension 'ignore_ament_install'
[0.294s] Level 1:colcon.colcon_core.package_identification:_identify(src/image_pub) by extensions ['colcon_pkg']
[0.294s] Level 1:colcon.colcon_core.package_identification:_identify(src/image_pub) by extension 'colcon_pkg'
[0.294s] Level 1:colcon.colcon_core.package_identification:_identify(src/image_pub) by extensions ['colcon_meta']
[0.294s] Level 1:colcon.colcon_core.package_identification:_identify(src/image_pub) by extension 'colcon_meta'
[0.294s] Level 1:colcon.colcon_core.package_identification:_identify(src/image_pub) by extensions ['ros']
[0.294s] Level 1:colcon.colcon_core.package_identification:_identify(src/image_pub) by extension 'ros'
[0.297s] DEBUG:colcon.colcon_core.package_identification:Package 'src/image_pub' with type 'ros.ament_python' and name 'image_pub'
[0.297s] Level 1:colcon.colcon_core.package_identification:_identify(src/image_viewer) by extensions ['ignore', 'ignore_ament_install']
[0.297s] Level 1:colcon.colcon_core.package_identification:_identify(src/image_viewer) by extension 'ignore'
[0.298s] Level 1:colcon.colcon_core.package_identification:_identify(src/image_viewer) by extension 'ignore_ament_install'
[0.298s] Level 1:colcon.colcon_core.package_identification:_identify(src/image_viewer) by extensions ['colcon_pkg']
[0.298s] Level 1:colcon.colcon_core.package_identification:_identify(src/image_viewer) by extension 'colcon_pkg'
[0.298s] Level 1:colcon.colcon_core.package_identification:_identify(src/image_viewer) by extensions ['colcon_meta']
[0.298s] Level 1:colcon.colcon_core.package_identification:_identify(src/image_viewer) by extension 'colcon_meta'
[0.298s] Level 1:colcon.colcon_core.package_identification:_identify(src/image_viewer) by extensions ['ros']
[0.298s] Level 1:colcon.colcon_core.package_identification:_identify(src/image_viewer) by extension 'ros'
[0.298s] DEBUG:colcon.colcon_core.package_identification:Package 'src/image_viewer' with type 'ros.ament_python' and name 'image_viewer'
[0.299s] Level 1:colcon.colcon_core.package_identification:_identify(src/motor_control_pkg) by extensions ['ignore', 'ignore_ament_install']
[0.299s] Level 1:colcon.colcon_core.package_identification:_identify(src/motor_control_pkg) by extension 'ignore'
[0.299s] Level 1:colcon.colcon_core.package_identification:_identify(src/motor_control_pkg) by extension 'ignore_ament_install'
[0.299s] Level 1:colcon.colcon_core.package_identification:_identify(src/motor_control_pkg) by extensions ['colcon_pkg']
[0.299s] Level 1:colcon.colcon_core.package_identification:_identify(src/motor_control_pkg) by extension 'colcon_pkg'
[0.299s] Level 1:colcon.colcon_core.package_identification:_identify(src/motor_control_pkg) by extensions ['colcon_meta']
[0.299s] Level 1:colcon.colcon_core.package_identification:_identify(src/motor_control_pkg) by extension 'colcon_meta'
[0.299s] Level 1:colcon.colcon_core.package_identification:_identify(src/motor_control_pkg) by extensions ['ros']
[0.299s] Level 1:colcon.colcon_core.package_identification:_identify(src/motor_control_pkg) by extension 'ros'
[0.300s] DEBUG:colcon.colcon_core.package_identification:Package 'src/motor_control_pkg' with type 'ros.ament_python' and name 'motor_control_pkg'
[0.300s] Level 1:colcon.colcon_core.package_discovery:discover_packages(recursive) using defaults
[0.300s] Level 1:colcon.colcon_core.package_discovery:discover_packages(ignore) discover
[0.300s] Level 1:colcon.colcon_core.package_discovery:discover_packages(ignore) using defaults
[0.300s] Level 1:colcon.colcon_core.package_discovery:discover_packages(path) discover
[0.300s] Level 1:colcon.colcon_core.package_discovery:discover_packages(path) using defaults
[0.332s] Level 1:colcon.colcon_core.package_discovery:discover_packages(prefix_path) check parameters
[0.333s] Level 1:colcon.colcon_core.package_discovery:discover_packages(prefix_path) discover
[0.338s] DEBUG:colcon.colcon_installed_package_information.package_discovery:Found 285 installed packages in /opt/ros/jazzy
[0.339s] Level 1:colcon.colcon_core.package_discovery:discover_packages(prefix_path) using defaults
[0.399s] Level 5:colcon.colcon_core.verb:set package 'image_pub' build argument 'cmake_args' from command line to 'None'
[0.400s] Level 5:colcon.colcon_core.verb:set package 'image_pub' build argument 'cmake_target' from command line to 'None'
[0.400s] Level 5:colcon.colcon_core.verb:set package 'image_pub' build argument 'cmake_target_skip_unavailable' from command line to 'False'
[0.400s] Level 5:colcon.colcon_core.verb:set package 'image_pub' build argument 'cmake_clean_cache' from command line to 'False'
[0.400s] Level 5:colcon.colcon_core.verb:set package 'image_pub' build argument 'cmake_clean_first' from command line to 'False'
[0.400s] Level 5:colcon.colcon_core.verb:set package 'image_pub' build argument 'cmake_force_configure' from command line to 'False'
[0.400s] Level 5:colcon.colcon_core.verb:set package 'image_pub' build argument 'ament_cmake_args' from command line to 'None'
[0.400s] Level 5:colcon.colcon_core.verb:set package 'image_pub' build argument 'catkin_cmake_args' from command line to 'None'
[0.400s] Level 5:colcon.colcon_core.verb:set package 'image_pub' build argument 'catkin_skip_building_tests' from command line to 'False'
[0.400s] DEBUG:colcon.colcon_core.verb:Building package 'image_pub' with the following arguments: {'ament_cmake_args': None, 'build_base': '/home/rat-trak/rat-trak/ros2_ws/build/image_pub', 'catkin_cmake_args': None, 'catkin_skip_building_tests': False, 'cmake_args': None, 'cmake_clean_cache': False, 'cmake_clean_first': False, 'cmake_force_configure': False, 'cmake_target': None, 'cmake_target_skip_unavailable': False, 'install_base': '/home/rat-trak/rat-trak/ros2_ws/install/image_pub', 'merge_install': False, 'path': '/home/rat-trak/rat-trak/ros2_ws/src/image_pub', 'symlink_install': False, 'test_result_base': None}
[0.400s] Level 5:colcon.colcon_core.verb:set package 'image_viewer' build argument 'cmake_args' from command line to 'None'
[0.400s] Level 5:colcon.colcon_core.verb:set package 'image_viewer' build argument 'cmake_target' from command line to 'None'
[0.400s] Level 5:colcon.colcon_core.verb:set package 'image_viewer' build argument 'cmake_target_skip_unavailable' from command line to 'False'
[0.400s] Level 5:colcon.colcon_core.verb:set package 'image_viewer' build argument 'cmake_clean_cache' from command line to 'False'
[0.401s] Level 5:colcon.colcon_core.verb:set package 'image_viewer' build argument 'cmake_clean_first' from command line to 'False'
[0.401s] Level 5:colcon.colcon_core.verb:set package 'image_viewer' build argument 'cmake_force_configure' from command line to 'False'
[0.401s] Level 5:colcon.colcon_core.verb:set package 'image_viewer' build argument 'ament_cmake_args' from command line to 'None'
[0.401s] Level 5:colcon.colcon_core.verb:set package 'image_viewer' build argument 'catkin_cmake_args' from command line to 'None'
[0.401s] Level 5:colcon.colcon_core.verb:set package 'image_viewer' build argument 'catkin_skip_building_tests' from command line to 'False'
[0.401s] DEBUG:colcon.colcon_core.verb:Building package 'image_viewer' with the following arguments: {'ament_cmake_args': None, 'build_base': '/home/rat-trak/rat-trak/ros2_ws/build/image_viewer', 'catkin_cmake_args': None, 'catkin_skip_building_tests': False, 'cmake_args': None, 'cmake_clean_cache': False, 'cmake_clean_first': False, 'cmake_force_configure': False, 'cmake_target': None, 'cmake_target_skip_unavailable': False, 'install_base': '/home/rat-trak/rat-trak/ros2_ws/install/image_viewer', 'merge_install': False, 'path': '/home/rat-trak/rat-trak/ros2_ws/src/image_viewer', 'symlink_install': False, 'test_result_base': None}
[0.401s] Level 5:colcon.colcon_core.verb:set package 'motor_control_pkg' build argument 'cmake_args' from command line to 'None'
[0.401s] Level 5:colcon.colcon_core.verb:set package 'motor_control_pkg' build argument 'cmake_target' from command line to 'None'
[0.401s] Level 5:colcon.colcon_core.verb:set package 'motor_control_pkg' build argument 'cmake_target_skip_unavailable' from command line to 'False'
[0.401s] Level 5:colcon.colcon_core.verb:set package 'motor_control_pkg' build argument 'cmake_clean_cache' from command line to 'False'
[0.401s] Level 5:colcon.colcon_core.verb:set package 'motor_control_pkg' build argument 'cmake_clean_first' from command line to 'False'
[0.401s] Level 5:colcon.colcon_core.verb:set package 'motor_control_pkg' build argument 'cmake_force_configure' from command line to 'False'
[0.401s] Level 5:colcon.colcon_core.verb:set package 'motor_control_pkg' build argument 'ament_cmake_args' from command line to 'None'
[0.401s] Level 5:colcon.colcon_core.verb:set package 'motor_control_pkg' build argument 'catkin_cmake_args' from command line to 'None'
[0.401s] Level 5:colcon.colcon_core.verb:set package 'motor_control_pkg' build argument 'catkin_skip_building_tests' from command line to 'False'
[0.401s] DEBUG:colcon.colcon_core.verb:Building package 'motor_control_pkg' with the following arguments: {'ament_cmake_args': None, 'build_base': '/home/rat-trak/rat-trak/ros2_ws/build/motor_control_pkg', 'catkin_cmake_args': None, 'catkin_skip_building_tests': False, 'cmake_args': None, 'cmake_clean_cache': False, 'cmake_clean_first': False, 'cmake_force_configure': False, 'cmake_target': None, 'cmake_target_skip_unavailable': False, 'install_base': '/home/rat-trak/rat-trak/ros2_ws/install/motor_control_pkg', 'merge_install': False, 'path': '/home/rat-trak/rat-trak/ros2_ws/src/motor_control_pkg', 'symlink_install': False, 'test_result_base': None}
[0.401s] INFO:colcon.colcon_core.executor:Executing jobs using 'parallel' executor
[0.403s] DEBUG:colcon.colcon_parallel_executor.executor.parallel:run_until_complete
[0.403s] INFO:colcon.colcon_ros.task.ament_python.build:Building ROS package in '/home/rat-trak/rat-trak/ros2_ws/src/image_pub' with build type 'ament_python'
[0.403s] Level 1:colcon.colcon_core.shell:create_environment_hook('image_pub', 'ament_prefix_path')
[0.408s] INFO:colcon.colcon_core.plugin_system:Skipping extension 'colcon_core.shell.bat': Not used on non-Windows systems
[0.408s] INFO:colcon.colcon_core.shell:Creating environment hook '/home/rat-trak/rat-trak/ros2_ws/install/image_pub/share/image_pub/hook/ament_prefix_path.ps1'
[0.410s] INFO:colcon.colcon_core.shell:Creating environment descriptor '/home/rat-trak/rat-trak/ros2_ws/install/image_pub/share/image_pub/hook/ament_prefix_path.dsv'
[0.412s] INFO:colcon.colcon_core.shell:Creating environment hook '/home/rat-trak/rat-trak/ros2_ws/install/image_pub/share/image_pub/hook/ament_prefix_path.sh'
[0.416s] INFO:colcon.colcon_core.shell:Skip shell extension 'powershell' for command environment: Not usable outside of PowerShell
[0.416s] DEBUG:colcon.colcon_core.shell:Skip shell extension 'dsv' for command environment
[0.420s] INFO:colcon.colcon_ros.task.ament_python.build:Building ROS package in '/home/rat-trak/rat-trak/ros2_ws/src/image_viewer' with build type 'ament_python'
[0.421s] Level 1:colcon.colcon_core.shell:create_environment_hook('image_viewer', 'ament_prefix_path')
[0.421s] INFO:colcon.colcon_core.shell:Creating environment hook '/home/rat-trak/rat-trak/ros2_ws/install/image_viewer/share/image_viewer/hook/ament_prefix_path.ps1'
[0.424s] INFO:colcon.colcon_core.shell:Creating environment descriptor '/home/rat-trak/rat-trak/ros2_ws/install/image_viewer/share/image_viewer/hook/ament_prefix_path.dsv'
[0.424s] INFO:colcon.colcon_core.shell:Creating environment hook '/home/rat-trak/rat-trak/ros2_ws/install/image_viewer/share/image_viewer/hook/ament_prefix_path.sh'
[0.425s] INFO:colcon.colcon_core.shell:Skip shell extension 'powershell' for command environment: Not usable outside of PowerShell
[0.425s] DEBUG:colcon.colcon_core.shell:Skip shell extension 'dsv' for command environment
[0.429s] INFO:colcon.colcon_ros.task.ament_python.build:Building ROS package in '/home/rat-trak/rat-trak/ros2_ws/src/motor_control_pkg' with build type 'ament_python'
[0.430s] Level 1:colcon.colcon_core.shell:create_environment_hook('motor_control_pkg', 'ament_prefix_path')
[0.430s] INFO:colcon.colcon_core.shell:Creating environment hook '/home/rat-trak/rat-trak/ros2_ws/install/motor_control_pkg/share/motor_control_pkg/hook/ament_prefix_path.ps1'
[0.431s] INFO:colcon.colcon_core.shell:Creating environment descriptor '/home/rat-trak/rat-trak/ros2_ws/install/motor_control_pkg/share/motor_control_pkg/hook/ament_prefix_path.dsv'
[0.432s] INFO:colcon.colcon_core.shell:Creating environment hook '/home/rat-trak/rat-trak/ros2_ws/install/motor_control_pkg/share/motor_control_pkg/hook/ament_prefix_path.sh'
[0.433s] INFO:colcon.colcon_core.shell:Skip shell extension 'powershell' for command environment: Not usable outside of PowerShell
[0.433s] DEBUG:colcon.colcon_core.shell:Skip shell extension 'dsv' for command environment
[0.752s] INFO:colcon.colcon_core.task.python.build:Building Python package in '/home/rat-trak/rat-trak/ros2_ws/src/image_pub'
[0.753s] INFO:colcon.colcon_core.shell:Skip shell extension 'powershell' for command environment: Not usable outside of PowerShell
[0.753s] DEBUG:colcon.colcon_core.shell:Skip shell extension 'dsv' for command environment
[1.075s] INFO:colcon.colcon_core.task.python.build:Building Python package in '/home/rat-trak/rat-trak/ros2_ws/src/image_viewer'
[1.076s] INFO:colcon.colcon_core.shell:Skip shell extension 'powershell' for command environment: Not usable outside of PowerShell
[1.076s] DEBUG:colcon.colcon_core.shell:Skip shell extension 'dsv' for command environment
[1.391s] INFO:colcon.colcon_core.task.python.build:Building Python package in '/home/rat-trak/rat-trak/ros2_ws/src/motor_control_pkg'
[1.391s] INFO:colcon.colcon_core.shell:Skip shell extension 'powershell' for command environment: Not usable outside of PowerShell
[1.391s] DEBUG:colcon.colcon_core.shell:Skip shell extension 'dsv' for command environment
[2.693s] DEBUG:colcon.colcon_core.event_handler.log_command:Invoking command in '/home/rat-trak/rat-trak/ros2_ws/src/image_pub': DEBUGINFOD_URLS=https://debuginfod.ubuntu.com PYTHONPATH=/home/rat-trak/rat-trak/ros2_ws/build/image_pub/prefix_override:/usr/lib/python3/dist-packages/colcon_core/task/python/colcon_distutils_commands:/home/rat-trak/rat-trak/ros2_ws/install/image_pub/lib/python3.12/site-packages:${PYTHONPATH} /usr/bin/python3 -W ignore:setup.py install is deprecated setup.py egg_info --egg-base ../../build/image_pub build --build-base /home/rat-trak/rat-trak/ros2_ws/build/image_pub/build install --record /home/rat-trak/rat-trak/ros2_ws/build/image_pub/install.log --single-version-externally-managed install_data
[2.699s] DEBUG:colcon.colcon_core.event_handler.log_command:Invoking command in '/home/rat-trak/rat-trak/ros2_ws/src/motor_control_pkg': DEBUGINFOD_URLS=https://debuginfod.ubuntu.com PYTHONPATH=/home/rat-trak/rat-trak/ros2_ws/build/motor_control_pkg/prefix_override:/usr/lib/python3/dist-packages/colcon_core/task/python/colcon_distutils_commands:/home/rat-trak/rat-trak/ros2_ws/install/motor_control_pkg/lib/python3.12/site-packages:${PYTHONPATH} /usr/bin/python3 -W ignore:setup.py install is deprecated setup.py egg_info --egg-base ../../build/motor_control_pkg build --build-base /home/rat-trak/rat-trak/ros2_ws/build/motor_control_pkg/build install --record /home/rat-trak/rat-trak/ros2_ws/build/motor_control_pkg/install.log --single-version-externally-managed install_data
[2.704s] DEBUG:colcon.colcon_core.event_handler.log_command:Invoking command in '/home/rat-trak/rat-trak/ros2_ws/src/image_viewer': DEBUGINFOD_URLS=https://debuginfod.ubuntu.com PYTHONPATH=/home/rat-trak/rat-trak/ros2_ws/build/image_viewer/prefix_override:/usr/lib/python3/dist-packages/colcon_core/task/python/colcon_distutils_commands:/home/rat-trak/rat-trak/ros2_ws/install/image_viewer/lib/python3.12/site-packages:${PYTHONPATH} /usr/bin/python3 -W ignore:setup.py install is deprecated setup.py egg_info --egg-base ../../build/image_viewer build --build-base /home/rat-trak/rat-trak/ros2_ws/build/image_viewer/build install --record /home/rat-trak/rat-trak/ros2_ws/build/image_viewer/install.log --single-version-externally-managed install_data
[3.608s] DEBUG:colcon.colcon_core.event_handler.log_command:Invoked command in '/home/rat-trak/rat-trak/ros2_ws/src/image_pub' returned '0': DEBUGINFOD_URLS=https://debuginfod.ubuntu.com PYTHONPATH=/home/rat-trak/rat-trak/ros2_ws/build/image_pub/prefix_override:/usr/lib/python3/dist-packages/colcon_core/task/python/colcon_distutils_commands:/home/rat-trak/rat-trak/ros2_ws/install/image_pub/lib/python3.12/site-packages:${PYTHONPATH} /usr/bin/python3 -W ignore:setup.py install is deprecated setup.py egg_info --egg-base ../../build/image_pub build --build-base /home/rat-trak/rat-trak/ros2_ws/build/image_pub/build install --record /home/rat-trak/rat-trak/ros2_ws/build/image_pub/install.log --single-version-externally-managed install_data
[3.615s] Level 1:colcon.colcon_core.environment:checking '/home/rat-trak/rat-trak/ros2_ws/install/image_pub' for CMake module files
[3.616s] Level 1:colcon.colcon_core.environment:checking '/home/rat-trak/rat-trak/ros2_ws/install/image_pub' for CMake config files
[3.617s] Level 1:colcon.colcon_core.environment:checking '/home/rat-trak/rat-trak/ros2_ws/install/image_pub/lib'
[3.617s] Level 1:colcon.colcon_core.environment:checking '/home/rat-trak/rat-trak/ros2_ws/install/image_pub/bin'
[3.617s] Level 1:colcon.colcon_core.environment:checking '/home/rat-trak/rat-trak/ros2_ws/install/image_pub/lib/pkgconfig/image_pub.pc'
[3.618s] Level 1:colcon.colcon_core.environment:checking '/home/rat-trak/rat-trak/ros2_ws/install/image_pub/lib/python3.12/site-packages'
[3.618s] Level 1:colcon.colcon_core.shell:create_environment_hook('image_pub', 'pythonpath')
[3.618s] INFO:colcon.colcon_core.shell:Creating environment hook '/home/rat-trak/rat-trak/ros2_ws/install/image_pub/share/image_pub/hook/pythonpath.ps1'
[3.619s] INFO:colcon.colcon_core.shell:Creating environment descriptor '/home/rat-trak/rat-trak/ros2_ws/install/image_pub/share/image_pub/hook/pythonpath.dsv'
[3.620s] INFO:colcon.colcon_core.shell:Creating environment hook '/home/rat-trak/rat-trak/ros2_ws/install/image_pub/share/image_pub/hook/pythonpath.sh'
[3.621s] Level 1:colcon.colcon_core.environment:checking '/home/rat-trak/rat-trak/ros2_ws/install/image_pub/bin'
[3.621s] Level 1:colcon.colcon_core.environment:create_environment_scripts_only(image_pub)
[3.622s] INFO:colcon.colcon_core.shell:Creating package script '/home/rat-trak/rat-trak/ros2_ws/install/image_pub/share/image_pub/package.ps1'
[3.624s] INFO:colcon.colcon_core.shell:Creating package descriptor '/home/rat-trak/rat-trak/ros2_ws/install/image_pub/share/image_pub/package.dsv'
[3.626s] INFO:colcon.colcon_core.shell:Creating package script '/home/rat-trak/rat-trak/ros2_ws/install/image_pub/share/image_pub/package.sh'
[3.629s] INFO:colcon.colcon_core.shell:Creating package script '/home/rat-trak/rat-trak/ros2_ws/install/image_pub/share/image_pub/package.bash'
[3.633s] INFO:colcon.colcon_core.shell:Creating package script '/home/rat-trak/rat-trak/ros2_ws/install/image_pub/share/image_pub/package.zsh'
[3.635s] Level 1:colcon.colcon_core.environment:create_file_with_runtime_dependencies(/home/rat-trak/rat-trak/ros2_ws/install/image_pub/share/colcon-core/packages/image_pub)
[3.637s] Level 1:colcon.colcon_core.environment:checking '/home/rat-trak/rat-trak/ros2_ws/install/motor_control_pkg' for CMake module files
[3.638s] Level 1:colcon.colcon_core.environment:checking '/home/rat-trak/rat-trak/ros2_ws/install/motor_control_pkg' for CMake config files
[3.639s] Level 1:colcon.colcon_core.environment:checking '/home/rat-trak/rat-trak/ros2_ws/install/motor_control_pkg/lib'
[3.639s] Level 1:colcon.colcon_core.environment:checking '/home/rat-trak/rat-trak/ros2_ws/install/motor_control_pkg/bin'
[3.639s] Level 1:colcon.colcon_core.environment:checking '/home/rat-trak/rat-trak/ros2_ws/install/motor_control_pkg/lib/pkgconfig/motor_control_pkg.pc'
[3.639s] Level 1:colcon.colcon_core.environment:checking '/home/rat-trak/rat-trak/ros2_ws/install/motor_control_pkg/lib/python3.12/site-packages'
[3.640s] Level 1:colcon.colcon_core.shell:create_environment_hook('motor_control_pkg', 'pythonpath')
[3.640s] INFO:colcon.colcon_core.shell:Creating environment hook '/home/rat-trak/rat-trak/ros2_ws/install/motor_control_pkg/share/motor_control_pkg/hook/pythonpath.ps1'
[3.641s] DEBUG:colcon.colcon_core.event_handler.log_command:Invoked command in '/home/rat-trak/rat-trak/ros2_ws/src/motor_control_pkg' returned '0': DEBUGINFOD_URLS=https://debuginfod.ubuntu.com PYTHONPATH=/home/rat-trak/rat-trak/ros2_ws/build/motor_control_pkg/prefix_override:/usr/lib/python3/dist-packages/colcon_core/task/python/colcon_distutils_commands:/home/rat-trak/rat-trak/ros2_ws/install/motor_control_pkg/lib/python3.12/site-packages:${PYTHONPATH} /usr/bin/python3 -W ignore:setup.py install is deprecated setup.py egg_info --egg-base ../../build/motor_control_pkg build --build-base /home/rat-trak/rat-trak/ros2_ws/build/motor_control_pkg/build install --record /home/rat-trak/rat-trak/ros2_ws/build/motor_control_pkg/install.log --single-version-externally-managed install_data
[3.641s] INFO:colcon.colcon_core.shell:Creating environment descriptor '/home/rat-trak/rat-trak/ros2_ws/install/motor_control_pkg/share/motor_control_pkg/hook/pythonpath.dsv'
[3.642s] INFO:colcon.colcon_core.shell:Creating environment hook '/home/rat-trak/rat-trak/ros2_ws/install/motor_control_pkg/share/motor_control_pkg/hook/pythonpath.sh'
[3.644s] Level 1:colcon.colcon_core.environment:checking '/home/rat-trak/rat-trak/ros2_ws/install/motor_control_pkg/bin'
[3.644s] Level 1:colcon.colcon_core.environment:create_environment_scripts_only(motor_control_pkg)
[3.644s] INFO:colcon.colcon_core.shell:Creating package script '/home/rat-trak/rat-trak/ros2_ws/install/motor_control_pkg/share/motor_control_pkg/package.ps1'
[3.645s] INFO:colcon.colcon_core.shell:Creating package descriptor '/home/rat-trak/rat-trak/ros2_ws/install/motor_control_pkg/share/motor_control_pkg/package.dsv'
[3.646s] INFO:colcon.colcon_core.shell:Creating package script '/home/rat-trak/rat-trak/ros2_ws/install/motor_control_pkg/share/motor_control_pkg/package.sh'
[3.647s] INFO:colcon.colcon_core.shell:Creating package script '/home/rat-trak/rat-trak/ros2_ws/install/motor_control_pkg/share/motor_control_pkg/package.bash'
[3.649s] INFO:colcon.colcon_core.shell:Creating package script '/home/rat-trak/rat-trak/ros2_ws/install/motor_control_pkg/share/motor_control_pkg/package.zsh'
[3.650s] Level 1:colcon.colcon_core.environment:create_file_with_runtime_dependencies(/home/rat-trak/rat-trak/ros2_ws/install/motor_control_pkg/share/colcon-core/packages/motor_control_pkg)
[3.652s] Level 1:colcon.colcon_core.environment:checking '/home/rat-trak/rat-trak/ros2_ws/install/image_viewer' for CMake module files
[3.653s] DEBUG:colcon.colcon_core.event_handler.log_command:Invoked command in '/home/rat-trak/rat-trak/ros2_ws/src/image_viewer' returned '0': DEBUGINFOD_URLS=https://debuginfod.ubuntu.com PYTHONPATH=/home/rat-trak/rat-trak/ros2_ws/build/image_viewer/prefix_override:/usr/lib/python3/dist-packages/colcon_core/task/python/colcon_distutils_commands:/home/rat-trak/rat-trak/ros2_ws/install/image_viewer/lib/python3.12/site-packages:${PYTHONPATH} /usr/bin/python3 -W ignore:setup.py install is deprecated setup.py egg_info --egg-base ../../build/image_viewer build --build-base /home/rat-trak/rat-trak/ros2_ws/build/image_viewer/build install --record /home/rat-trak/rat-trak/ros2_ws/build/image_viewer/install.log --single-version-externally-managed install_data
[3.653s] Level 1:colcon.colcon_core.environment:checking '/home/rat-trak/rat-trak/ros2_ws/install/image_viewer' for CMake config files
[3.654s] Level 1:colcon.colcon_core.environment:checking '/home/rat-trak/rat-trak/ros2_ws/install/image_viewer/lib'
[3.654s] Level 1:colcon.colcon_core.environment:checking '/home/rat-trak/rat-trak/ros2_ws/install/image_viewer/bin'
[3.654s] Level 1:colcon.colcon_core.environment:checking '/home/rat-trak/rat-trak/ros2_ws/install/image_viewer/lib/pkgconfig/image_viewer.pc'
[3.655s] Level 1:colcon.colcon_core.environment:checking '/home/rat-trak/rat-trak/ros2_ws/install/image_viewer/lib/python3.12/site-packages'
[3.655s] Level 1:colcon.colcon_core.shell:create_environment_hook('image_viewer', 'pythonpath')
[3.655s] INFO:colcon.colcon_core.shell:Creating environment hook '/home/rat-trak/rat-trak/ros2_ws/install/image_viewer/share/image_viewer/hook/pythonpath.ps1'
[3.656s] INFO:colcon.colcon_core.shell:Creating environment descriptor '/home/rat-trak/rat-trak/ros2_ws/install/image_viewer/share/image_viewer/hook/pythonpath.dsv'
[3.657s] INFO:colcon.colcon_core.shell:Creating environment hook '/home/rat-trak/rat-trak/ros2_ws/install/image_viewer/share/image_viewer/hook/pythonpath.sh'
[3.659s] Level 1:colcon.colcon_core.environment:checking '/home/rat-trak/rat-trak/ros2_ws/install/image_viewer/bin'
[3.659s] Level 1:colcon.colcon_core.environment:create_environment_scripts_only(image_viewer)
[3.660s] INFO:colcon.colcon_core.shell:Creating package script '/home/rat-trak/rat-trak/ros2_ws/install/image_viewer/share/image_viewer/package.ps1'
[3.660s] INFO:colcon.colcon_core.shell:Creating package descriptor '/home/rat-trak/rat-trak/ros2_ws/install/image_viewer/share/image_viewer/package.dsv'
[3.662s] INFO:colcon.colcon_core.shell:Creating package script '/home/rat-trak/rat-trak/ros2_ws/install/image_viewer/share/image_viewer/package.sh'
[3.666s] INFO:colcon.colcon_core.shell:Creating package script '/home/rat-trak/rat-trak/ros2_ws/install/image_viewer/share/image_viewer/package.bash'
[3.666s] INFO:colcon.colcon_core.shell:Creating package script '/home/rat-trak/rat-trak/ros2_ws/install/image_viewer/share/image_viewer/package.zsh'
[3.667s] Level 1:colcon.colcon_core.environment:create_file_with_runtime_dependencies(/home/rat-trak/rat-trak/ros2_ws/install/image_viewer/share/colcon-core/packages/image_viewer)
[3.668s] DEBUG:colcon.colcon_parallel_executor.executor.parallel:closing loop
[3.668s] DEBUG:colcon.colcon_parallel_executor.executor.parallel:loop closed
[3.669s] DEBUG:colcon.colcon_parallel_executor.executor.parallel:run_until_complete finished with '0'
[3.669s] DEBUG:colcon.colcon_core.event_reactor:joining thread
[3.679s] INFO:colcon.colcon_core.plugin_system:Skipping extension 'colcon_notification.desktop_notification.terminal_notifier': Not used on non-Darwin systems
[3.680s] INFO:colcon.colcon_core.plugin_system:Skipping extension 'colcon_notification.desktop_notification.win32': Not used on non-Windows systems
[3.680s] INFO:colcon.colcon_notification.desktop_notification:Sending desktop notification using 'notify2'
[3.698s] DEBUG:colcon.colcon_core.event_reactor:joined thread
[3.699s] INFO:colcon.colcon_core.shell:Creating prefix script '/home/rat-trak/rat-trak/ros2_ws/install/local_setup.ps1'
[3.702s] INFO:colcon.colcon_core.shell:Creating prefix util module '/home/rat-trak/rat-trak/ros2_ws/install/_local_setup_util_ps1.py'
[3.742s] INFO:colcon.colcon_core.shell:Creating prefix chain script '/home/rat-trak/rat-trak/ros2_ws/install/setup.ps1'
[3.769s] INFO:colcon.colcon_core.shell:Creating prefix script '/home/rat-trak/rat-trak/ros2_ws/install/local_setup.sh'
[3.774s] INFO:colcon.colcon_core.shell:Creating prefix util module '/home/rat-trak/rat-trak/ros2_ws/install/_local_setup_util_sh.py'
[3.776s] INFO:colcon.colcon_core.shell:Creating prefix chain script '/home/rat-trak/rat-trak/ros2_ws/install/setup.sh'
[3.787s] INFO:colcon.colcon_core.shell:Creating prefix script '/home/rat-trak/rat-trak/ros2_ws/install/local_setup.bash'
[3.800s] INFO:colcon.colcon_core.shell:Creating prefix chain script '/home/rat-trak/rat-trak/ros2_ws/install/setup.bash'
[3.826s] INFO:colcon.colcon_core.shell:Creating prefix script '/home/rat-trak/rat-trak/ros2_ws/install/local_setup.zsh'
[3.832s] INFO:colcon.colcon_core.shell:Creating prefix chain script '/home/rat-trak/rat-trak/ros2_ws/install/setup.zsh'
