[0.144s] DEBUG:colcon:Command line arguments: ['/usr/bin/colcon', 'build']
[0.145s] DEBUG:colcon:Parsed command line arguments: Namespace(log_base=None, log_level=None, verb_name='build', build_base='build', install_base='install', merge_install=False, symlink_install=False, test_result_base=None, continue_on_error=False, executor='parallel', parallel_workers=4, event_handlers=None, ignore_user_meta=False, metas=['./colcon.meta'], base_paths=['.'], packages_ignore=None, packages_ignore_regex=None, paths=None, packages_up_to=None, packages_up_to_regex=None, packages_above=None, packages_above_and_dependencies=None, packages_above_depth=None, packages_select_by_dep=None, packages_skip_by_dep=None, packages_skip_up_to=None, packages_select_build_failed=False, packages_skip_build_finished=False, packages_select_test_failures=False, packages_skip_test_passed=False, packages_select=None, packages_skip=None, packages_select_regex=None, packages_skip_regex=None, packages_start=None, packages_end=None, allow_overriding=[], cmake_args=None, cmake_target=None, cmake_target_skip_unavailable=False, cmake_clean_cache=False, cmake_clean_first=False, cmake_force_configure=False, ament_cmake_args=None, catkin_cmake_args=None, catkin_skip_building_tests=False, mixin_files=None, mixin=None, verb_parser=<colcon_mixin.mixin.mixin_argument.MixinArgumentDecorator object at 0xffff8d0f1d00>, verb_extension=<colcon_core.verb.build.BuildVerb object at 0xffff8d2a8fb0>, main=<bound method BuildVerb.main of <colcon_core.verb.build.BuildVerb object at 0xffff8d2a8fb0>>, mixin_verb=('build',))
[0.195s] Level 1:colcon.colcon_core.package_discovery:discover_packages(colcon_meta) check parameters
[0.196s] Level 1:colcon.colcon_core.package_discovery:discover_packages(recursive) check parameters
[0.196s] Level 1:colcon.colcon_core.package_discovery:discover_packages(ignore) check parameters
[0.196s] Level 1:colcon.colcon_core.package_discovery:discover_packages(path) check parameters
[0.196s] Level 1:colcon.colcon_core.package_discovery:discover_packages(colcon_meta) discover
[0.196s] Level 1:colcon.colcon_core.package_discovery:discover_packages(recursive) discover
[0.196s] INFO:colcon.colcon_core.package_discovery:Crawling recursively for packages in '/home/rat-trak/rat-trak/ros2_ws'
[0.196s] Level 1:colcon.colcon_core.package_identification:_identify(.) by extensions ['ignore', 'ignore_ament_install']
[0.196s] Level 1:colcon.colcon_core.package_identification:_identify(.) by extension 'ignore'
[0.196s] Level 1:colcon.colcon_core.package_identification:_identify(.) by extension 'ignore_ament_install'
[0.196s] Level 1:colcon.colcon_core.package_identification:_identify(.) by extensions ['colcon_pkg']
[0.196s] Level 1:colcon.colcon_core.package_identification:_identify(.) by extension 'colcon_pkg'
[0.196s] Level 1:colcon.colcon_core.package_identification:_identify(.) by extensions ['colcon_meta']
[0.196s] Level 1:colcon.colcon_core.package_identification:_identify(.) by extension 'colcon_meta'
[0.196s] Level 1:colcon.colcon_core.package_identification:_identify(.) by extensions ['ros']
[0.196s] Level 1:colcon.colcon_core.package_identification:_identify(.) by extension 'ros'
[0.235s] Level 1:colcon.colcon_core.package_identification:_identify(.) by extensions ['cmake', 'python']
[0.235s] Level 1:colcon.colcon_core.package_identification:_identify(.) by extension 'cmake'
[0.235s] Level 1:colcon.colcon_core.package_identification:_identify(.) by extension 'python'
[0.235s] Level 1:colcon.colcon_core.package_identification:_identify(.) by extensions ['python_setup_py']
[0.235s] Level 1:colcon.colcon_core.package_identification:_identify(.) by extension 'python_setup_py'
[0.235s] Level 1:colcon.colcon_core.package_identification:_identify(build) by extensions ['ignore', 'ignore_ament_install']
[0.235s] Level 1:colcon.colcon_core.package_identification:_identify(build) by extension 'ignore'
[0.235s] Level 1:colcon.colcon_core.package_identification:_identify(build) ignored
[0.236s] Level 1:colcon.colcon_core.package_identification:_identify(install) by extensions ['ignore', 'ignore_ament_install']
[0.236s] Level 1:colcon.colcon_core.package_identification:_identify(install) by extension 'ignore'
[0.236s] Level 1:colcon.colcon_core.package_identification:_identify(install) ignored
[0.236s] Level 1:colcon.colcon_core.package_identification:_identify(log) by extensions ['ignore', 'ignore_ament_install']
[0.236s] Level 1:colcon.colcon_core.package_identification:_identify(log) by extension 'ignore'
[0.236s] Level 1:colcon.colcon_core.package_identification:_identify(log) ignored
[0.236s] Level 1:colcon.colcon_core.package_identification:_identify(src) by extensions ['ignore', 'ignore_ament_install']
[0.236s] Level 1:colcon.colcon_core.package_identification:_identify(src) by extension 'ignore'
[0.236s] Level 1:colcon.colcon_core.package_identification:_identify(src) by extension 'ignore_ament_install'
[0.236s] Level 1:colcon.colcon_core.package_identification:_identify(src) by extensions ['colcon_pkg']
[0.236s] Level 1:colcon.colcon_core.package_identification:_identify(src) by extension 'colcon_pkg'
[0.236s] Level 1:colcon.colcon_core.package_identification:_identify(src) by extensions ['colcon_meta']
[0.236s] Level 1:colcon.colcon_core.package_identification:_identify(src) by extension 'colcon_meta'
[0.236s] Level 1:colcon.colcon_core.package_identification:_identify(src) by extensions ['ros']
[0.236s] Level 1:colcon.colcon_core.package_identification:_identify(src) by extension 'ros'
[0.237s] Level 1:colcon.colcon_core.package_identification:_identify(src) by extensions ['cmake', 'python']
[0.237s] Level 1:colcon.colcon_core.package_identification:_identify(src) by extension 'cmake'
[0.237s] Level 1:colcon.colcon_core.package_identification:_identify(src) by extension 'python'
[0.237s] Level 1:colcon.colcon_core.package_identification:_identify(src) by extensions ['python_setup_py']
[0.237s] Level 1:colcon.colcon_core.package_identification:_identify(src) by extension 'python_setup_py'
[0.237s] Level 1:colcon.colcon_core.package_identification:_identify(src/image_pub) by extensions ['ignore', 'ignore_ament_install']
[0.237s] Level 1:colcon.colcon_core.package_identification:_identify(src/image_pub) by extension 'ignore'
[0.237s] Level 1:colcon.colcon_core.package_identification:_identify(src/image_pub) by extension 'ignore_ament_install'
[0.237s] Level 1:colcon.colcon_core.package_identification:_identify(src/image_pub) by extensions ['colcon_pkg']
[0.237s] Level 1:colcon.colcon_core.package_identification:_identify(src/image_pub) by extension 'colcon_pkg'
[0.237s] Level 1:colcon.colcon_core.package_identification:_identify(src/image_pub) by extensions ['colcon_meta']
[0.237s] Level 1:colcon.colcon_core.package_identification:_identify(src/image_pub) by extension 'colcon_meta'
[0.237s] Level 1:colcon.colcon_core.package_identification:_identify(src/image_pub) by extensions ['ros']
[0.237s] Level 1:colcon.colcon_core.package_identification:_identify(src/image_pub) by extension 'ros'
[0.240s] DEBUG:colcon.colcon_core.package_identification:Package 'src/image_pub' with type 'ros.ament_python' and name 'image_pub'
[0.240s] Level 1:colcon.colcon_core.package_identification:_identify(src/image_viewer) by extensions ['ignore', 'ignore_ament_install']
[0.241s] Level 1:colcon.colcon_core.package_identification:_identify(src/image_viewer) by extension 'ignore'
[0.241s] Level 1:colcon.colcon_core.package_identification:_identify(src/image_viewer) by extension 'ignore_ament_install'
[0.241s] Level 1:colcon.colcon_core.package_identification:_identify(src/image_viewer) by extensions ['colcon_pkg']
[0.241s] Level 1:colcon.colcon_core.package_identification:_identify(src/image_viewer) by extension 'colcon_pkg'
[0.241s] Level 1:colcon.colcon_core.package_identification:_identify(src/image_viewer) by extensions ['colcon_meta']
[0.241s] Level 1:colcon.colcon_core.package_identification:_identify(src/image_viewer) by extension 'colcon_meta'
[0.241s] Level 1:colcon.colcon_core.package_identification:_identify(src/image_viewer) by extensions ['ros']
[0.241s] Level 1:colcon.colcon_core.package_identification:_identify(src/image_viewer) by extension 'ros'
[0.242s] DEBUG:colcon.colcon_core.package_identification:Package 'src/image_viewer' with type 'ros.ament_python' and name 'image_veiwer'
[0.242s] Level 1:colcon.colcon_core.package_identification:_identify(src/motor_control_pkg) by extensions ['ignore', 'ignore_ament_install']
[0.242s] Level 1:colcon.colcon_core.package_identification:_identify(src/motor_control_pkg) by extension 'ignore'
[0.242s] Level 1:colcon.colcon_core.package_identification:_identify(src/motor_control_pkg) by extension 'ignore_ament_install'
[0.242s] Level 1:colcon.colcon_core.package_identification:_identify(src/motor_control_pkg) by extensions ['colcon_pkg']
[0.242s] Level 1:colcon.colcon_core.package_identification:_identify(src/motor_control_pkg) by extension 'colcon_pkg'
[0.242s] Level 1:colcon.colcon_core.package_identification:_identify(src/motor_control_pkg) by extensions ['colcon_meta']
[0.242s] Level 1:colcon.colcon_core.package_identification:_identify(src/motor_control_pkg) by extension 'colcon_meta'
[0.242s] Level 1:colcon.colcon_core.package_identification:_identify(src/motor_control_pkg) by extensions ['ros']
[0.242s] Level 1:colcon.colcon_core.package_identification:_identify(src/motor_control_pkg) by extension 'ros'
[0.243s] DEBUG:colcon.colcon_core.package_identification:Package 'src/motor_control_pkg' with type 'ros.ament_python' and name 'motor_control_pkg'
[0.243s] Level 1:colcon.colcon_core.package_discovery:discover_packages(recursive) using defaults
[0.243s] Level 1:colcon.colcon_core.package_discovery:discover_packages(ignore) discover
[0.243s] Level 1:colcon.colcon_core.package_discovery:discover_packages(ignore) using defaults
[0.243s] Level 1:colcon.colcon_core.package_discovery:discover_packages(path) discover
[0.243s] Level 1:colcon.colcon_core.package_discovery:discover_packages(path) using defaults
[0.267s] Level 1:colcon.colcon_core.package_discovery:discover_packages(prefix_path) check parameters
[0.267s] Level 1:colcon.colcon_core.package_discovery:discover_packages(prefix_path) discover
[0.270s] DEBUG:colcon.colcon_installed_package_information.package_discovery:Found 285 installed packages in /opt/ros/jazzy
[0.271s] Level 1:colcon.colcon_core.package_discovery:discover_packages(prefix_path) using defaults
[0.334s] Level 5:colcon.colcon_core.verb:set package 'image_pub' build argument 'cmake_args' from command line to 'None'
[0.334s] Level 5:colcon.colcon_core.verb:set package 'image_pub' build argument 'cmake_target' from command line to 'None'
[0.334s] Level 5:colcon.colcon_core.verb:set package 'image_pub' build argument 'cmake_target_skip_unavailable' from command line to 'False'
[0.334s] Level 5:colcon.colcon_core.verb:set package 'image_pub' build argument 'cmake_clean_cache' from command line to 'False'
[0.334s] Level 5:colcon.colcon_core.verb:set package 'image_pub' build argument 'cmake_clean_first' from command line to 'False'
[0.334s] Level 5:colcon.colcon_core.verb:set package 'image_pub' build argument 'cmake_force_configure' from command line to 'False'
[0.334s] Level 5:colcon.colcon_core.verb:set package 'image_pub' build argument 'ament_cmake_args' from command line to 'None'
[0.334s] Level 5:colcon.colcon_core.verb:set package 'image_pub' build argument 'catkin_cmake_args' from command line to 'None'
[0.334s] Level 5:colcon.colcon_core.verb:set package 'image_pub' build argument 'catkin_skip_building_tests' from command line to 'False'
[0.334s] DEBUG:colcon.colcon_core.verb:Building package 'image_pub' with the following arguments: {'ament_cmake_args': None, 'build_base': '/home/rat-trak/rat-trak/ros2_ws/build/image_pub', 'catkin_cmake_args': None, 'catkin_skip_building_tests': False, 'cmake_args': None, 'cmake_clean_cache': False, 'cmake_clean_first': False, 'cmake_force_configure': False, 'cmake_target': None, 'cmake_target_skip_unavailable': False, 'install_base': '/home/rat-trak/rat-trak/ros2_ws/install/image_pub', 'merge_install': False, 'path': '/home/rat-trak/rat-trak/ros2_ws/src/image_pub', 'symlink_install': False, 'test_result_base': None}
[0.335s] Level 5:colcon.colcon_core.verb:set package 'image_veiwer' build argument 'cmake_args' from command line to 'None'
[0.335s] Level 5:colcon.colcon_core.verb:set package 'image_veiwer' build argument 'cmake_target' from command line to 'None'
[0.335s] Level 5:colcon.colcon_core.verb:set package 'image_veiwer' build argument 'cmake_target_skip_unavailable' from command line to 'False'
[0.335s] Level 5:colcon.colcon_core.verb:set package 'image_veiwer' build argument 'cmake_clean_cache' from command line to 'False'
[0.335s] Level 5:colcon.colcon_core.verb:set package 'image_veiwer' build argument 'cmake_clean_first' from command line to 'False'
[0.335s] Level 5:colcon.colcon_core.verb:set package 'image_veiwer' build argument 'cmake_force_configure' from command line to 'False'
[0.335s] Level 5:colcon.colcon_core.verb:set package 'image_veiwer' build argument 'ament_cmake_args' from command line to 'None'
[0.335s] Level 5:colcon.colcon_core.verb:set package 'image_veiwer' build argument 'catkin_cmake_args' from command line to 'None'
[0.335s] Level 5:colcon.colcon_core.verb:set package 'image_veiwer' build argument 'catkin_skip_building_tests' from command line to 'False'
[0.335s] DEBUG:colcon.colcon_core.verb:Building package 'image_veiwer' with the following arguments: {'ament_cmake_args': None, 'build_base': '/home/rat-trak/rat-trak/ros2_ws/build/image_veiwer', 'catkin_cmake_args': None, 'catkin_skip_building_tests': False, 'cmake_args': None, 'cmake_clean_cache': False, 'cmake_clean_first': False, 'cmake_force_configure': False, 'cmake_target': None, 'cmake_target_skip_unavailable': False, 'install_base': '/home/rat-trak/rat-trak/ros2_ws/install/image_veiwer', 'merge_install': False, 'path': '/home/rat-trak/rat-trak/ros2_ws/src/image_viewer', 'symlink_install': False, 'test_result_base': None}
[0.336s] Level 5:colcon.colcon_core.verb:set package 'motor_control_pkg' build argument 'cmake_args' from command line to 'None'
[0.336s] Level 5:colcon.colcon_core.verb:set package 'motor_control_pkg' build argument 'cmake_target' from command line to 'None'
[0.336s] Level 5:colcon.colcon_core.verb:set package 'motor_control_pkg' build argument 'cmake_target_skip_unavailable' from command line to 'False'
[0.336s] Level 5:colcon.colcon_core.verb:set package 'motor_control_pkg' build argument 'cmake_clean_cache' from command line to 'False'
[0.336s] Level 5:colcon.colcon_core.verb:set package 'motor_control_pkg' build argument 'cmake_clean_first' from command line to 'False'
[0.336s] Level 5:colcon.colcon_core.verb:set package 'motor_control_pkg' build argument 'cmake_force_configure' from command line to 'False'
[0.336s] Level 5:colcon.colcon_core.verb:set package 'motor_control_pkg' build argument 'ament_cmake_args' from command line to 'None'
[0.336s] Level 5:colcon.colcon_core.verb:set package 'motor_control_pkg' build argument 'catkin_cmake_args' from command line to 'None'
[0.336s] Level 5:colcon.colcon_core.verb:set package 'motor_control_pkg' build argument 'catkin_skip_building_tests' from command line to 'False'
[0.336s] DEBUG:colcon.colcon_core.verb:Building package 'motor_control_pkg' with the following arguments: {'ament_cmake_args': None, 'build_base': '/home/rat-trak/rat-trak/ros2_ws/build/motor_control_pkg', 'catkin_cmake_args': None, 'catkin_skip_building_tests': False, 'cmake_args': None, 'cmake_clean_cache': False, 'cmake_clean_first': False, 'cmake_force_configure': False, 'cmake_target': None, 'cmake_target_skip_unavailable': False, 'install_base': '/home/rat-trak/rat-trak/ros2_ws/install/motor_control_pkg', 'merge_install': False, 'path': '/home/rat-trak/rat-trak/ros2_ws/src/motor_control_pkg', 'symlink_install': False, 'test_result_base': None}
[0.336s] INFO:colcon.colcon_core.executor:Executing jobs using 'parallel' executor
[0.338s] DEBUG:colcon.colcon_parallel_executor.executor.parallel:run_until_complete
[0.339s] INFO:colcon.colcon_ros.task.ament_python.build:Building ROS package in '/home/rat-trak/rat-trak/ros2_ws/src/image_pub' with build type 'ament_python'
[0.339s] Level 1:colcon.colcon_core.shell:create_environment_hook('image_pub', 'ament_prefix_path')
[0.342s] INFO:colcon.colcon_core.plugin_system:Skipping extension 'colcon_core.shell.bat': Not used on non-Windows systems
[0.342s] INFO:colcon.colcon_core.shell:Creating environment hook '/home/rat-trak/rat-trak/ros2_ws/install/image_pub/share/image_pub/hook/ament_prefix_path.ps1'
[0.343s] INFO:colcon.colcon_core.shell:Creating environment descriptor '/home/rat-trak/rat-trak/ros2_ws/install/image_pub/share/image_pub/hook/ament_prefix_path.dsv'
[0.344s] INFO:colcon.colcon_core.shell:Creating environment hook '/home/rat-trak/rat-trak/ros2_ws/install/image_pub/share/image_pub/hook/ament_prefix_path.sh'
[0.346s] INFO:colcon.colcon_core.shell:Skip shell extension 'powershell' for command environment: Not usable outside of PowerShell
[0.346s] DEBUG:colcon.colcon_core.shell:Skip shell extension 'dsv' for command environment
[0.350s] INFO:colcon.colcon_ros.task.ament_python.build:Building ROS package in '/home/rat-trak/rat-trak/ros2_ws/src/image_viewer' with build type 'ament_python'
[0.351s] Level 1:colcon.colcon_core.shell:create_environment_hook('image_veiwer', 'ament_prefix_path')
[0.351s] INFO:colcon.colcon_core.shell:Creating environment hook '/home/rat-trak/rat-trak/ros2_ws/install/image_veiwer/share/image_veiwer/hook/ament_prefix_path.ps1'
[0.352s] INFO:colcon.colcon_core.shell:Creating environment descriptor '/home/rat-trak/rat-trak/ros2_ws/install/image_veiwer/share/image_veiwer/hook/ament_prefix_path.dsv'
[0.354s] INFO:colcon.colcon_core.shell:Creating environment hook '/home/rat-trak/rat-trak/ros2_ws/install/image_veiwer/share/image_veiwer/hook/ament_prefix_path.sh'
[0.355s] INFO:colcon.colcon_core.shell:Skip shell extension 'powershell' for command environment: Not usable outside of PowerShell
[0.355s] DEBUG:colcon.colcon_core.shell:Skip shell extension 'dsv' for command environment
[0.359s] INFO:colcon.colcon_ros.task.ament_python.build:Building ROS package in '/home/rat-trak/rat-trak/ros2_ws/src/motor_control_pkg' with build type 'ament_python'
[0.360s] Level 1:colcon.colcon_core.shell:create_environment_hook('motor_control_pkg', 'ament_prefix_path')
[0.360s] INFO:colcon.colcon_core.shell:Creating environment hook '/home/rat-trak/rat-trak/ros2_ws/install/motor_control_pkg/share/motor_control_pkg/hook/ament_prefix_path.ps1'
[0.361s] INFO:colcon.colcon_core.shell:Creating environment descriptor '/home/rat-trak/rat-trak/ros2_ws/install/motor_control_pkg/share/motor_control_pkg/hook/ament_prefix_path.dsv'
[0.363s] INFO:colcon.colcon_core.shell:Creating environment hook '/home/rat-trak/rat-trak/ros2_ws/install/motor_control_pkg/share/motor_control_pkg/hook/ament_prefix_path.sh'
[0.364s] INFO:colcon.colcon_core.shell:Skip shell extension 'powershell' for command environment: Not usable outside of PowerShell
[0.364s] DEBUG:colcon.colcon_core.shell:Skip shell extension 'dsv' for command environment
[0.695s] INFO:colcon.colcon_core.task.python.build:Building Python package in '/home/rat-trak/rat-trak/ros2_ws/src/image_pub'
[0.695s] INFO:colcon.colcon_core.shell:Skip shell extension 'powershell' for command environment: Not usable outside of PowerShell
[0.695s] DEBUG:colcon.colcon_core.shell:Skip shell extension 'dsv' for command environment
[1.029s] WARNING:colcon.colcon_ros.task.ament_python.build:Package 'image_veiwer' doesn't explicitly install a marker in the package index (colcon-ros currently does it implicitly but that fallback will be removed in the future)
[1.030s] WARNING:colcon.colcon_ros.task.ament_python.build:Package 'image_veiwer' doesn't explicitly install the 'package.xml' file (colcon-ros currently does it implicitly but that fallback will be removed in the future)
[1.030s] INFO:colcon.colcon_core.task.python.build:Building Python package in '/home/rat-trak/rat-trak/ros2_ws/src/image_viewer'
[1.030s] INFO:colcon.colcon_core.shell:Skip shell extension 'powershell' for command environment: Not usable outside of PowerShell
[1.031s] DEBUG:colcon.colcon_core.shell:Skip shell extension 'dsv' for command environment
[1.359s] INFO:colcon.colcon_core.task.python.build:Building Python package in '/home/rat-trak/rat-trak/ros2_ws/src/motor_control_pkg'
[1.360s] INFO:colcon.colcon_core.shell:Skip shell extension 'powershell' for command environment: Not usable outside of PowerShell
[1.360s] DEBUG:colcon.colcon_core.shell:Skip shell extension 'dsv' for command environment
[2.353s] DEBUG:colcon.colcon_core.event_handler.log_command:Invoking command in '/home/rat-trak/rat-trak/ros2_ws/src/image_pub': DEBUGINFOD_URLS=https://debuginfod.ubuntu.com PYTHONPATH=/home/rat-trak/rat-trak/ros2_ws/build/image_pub/prefix_override:/usr/lib/python3/dist-packages/colcon_core/task/python/colcon_distutils_commands:/home/rat-trak/rat-trak/ros2_ws/install/image_pub/lib/python3.12/site-packages:${PYTHONPATH} /usr/bin/python3 -W ignore:setup.py install is deprecated setup.py egg_info --egg-base ../../build/image_pub build --build-base /home/rat-trak/rat-trak/ros2_ws/build/image_pub/build install --record /home/rat-trak/rat-trak/ros2_ws/build/image_pub/install.log --single-version-externally-managed install_data
[2.369s] DEBUG:colcon.colcon_core.event_handler.log_command:Invoking command in '/home/rat-trak/rat-trak/ros2_ws/src/image_viewer': DEBUGINFOD_URLS=https://debuginfod.ubuntu.com PYTHONPATH=/home/rat-trak/rat-trak/ros2_ws/build/image_veiwer/prefix_override:/usr/lib/python3/dist-packages/colcon_core/task/python/colcon_distutils_commands:/home/rat-trak/rat-trak/ros2_ws/install/image_veiwer/lib/python3.12/site-packages:${PYTHONPATH} /usr/bin/python3 -W ignore:setup.py install is deprecated setup.py egg_info --egg-base ../../build/image_veiwer build --build-base /home/rat-trak/rat-trak/ros2_ws/build/image_veiwer/build install --record /home/rat-trak/rat-trak/ros2_ws/build/image_veiwer/install.log --single-version-externally-managed install_data
[2.376s] DEBUG:colcon.colcon_core.event_handler.log_command:Invoking command in '/home/rat-trak/rat-trak/ros2_ws/src/motor_control_pkg': DEBUGINFOD_URLS=https://debuginfod.ubuntu.com PYTHONPATH=/home/rat-trak/rat-trak/ros2_ws/build/motor_control_pkg/prefix_override:/usr/lib/python3/dist-packages/colcon_core/task/python/colcon_distutils_commands:/home/rat-trak/rat-trak/ros2_ws/install/motor_control_pkg/lib/python3.12/site-packages:${PYTHONPATH} /usr/bin/python3 -W ignore:setup.py install is deprecated setup.py egg_info --egg-base ../../build/motor_control_pkg build --build-base /home/rat-trak/rat-trak/ros2_ws/build/motor_control_pkg/build install --record /home/rat-trak/rat-trak/ros2_ws/build/motor_control_pkg/install.log --single-version-externally-managed install_data
[2.995s] DEBUG:colcon.colcon_core.event_handler.log_command:Invoked command in '/home/rat-trak/rat-trak/ros2_ws/src/image_viewer' returned '1': DEBUGINFOD_URLS=https://debuginfod.ubuntu.com PYTHONPATH=/home/rat-trak/rat-trak/ros2_ws/build/image_veiwer/prefix_override:/usr/lib/python3/dist-packages/colcon_core/task/python/colcon_distutils_commands:/home/rat-trak/rat-trak/ros2_ws/install/image_veiwer/lib/python3.12/site-packages:${PYTHONPATH} /usr/bin/python3 -W ignore:setup.py install is deprecated setup.py egg_info --egg-base ../../build/image_veiwer build --build-base /home/rat-trak/rat-trak/ros2_ws/build/image_veiwer/build install --record /home/rat-trak/rat-trak/ros2_ws/build/image_veiwer/install.log --single-version-externally-managed install_data
[3.319s] DEBUG:colcon.colcon_parallel_executor.executor.parallel:closing loop
[3.319s] DEBUG:colcon.colcon_parallel_executor.executor.parallel:loop closed
[3.319s] DEBUG:colcon.colcon_parallel_executor.executor.parallel:run_until_complete finished with '1'
[3.320s] DEBUG:colcon.colcon_core.event_reactor:joining thread
[3.328s] INFO:colcon.colcon_core.plugin_system:Skipping extension 'colcon_notification.desktop_notification.terminal_notifier': Not used on non-Darwin systems
[3.328s] INFO:colcon.colcon_core.plugin_system:Skipping extension 'colcon_notification.desktop_notification.win32': Not used on non-Windows systems
[3.328s] INFO:colcon.colcon_notification.desktop_notification:Sending desktop notification using 'notify2'
[3.372s] DEBUG:colcon.colcon_core.event_reactor:joined thread
[3.372s] INFO:colcon.colcon_core.shell:Creating prefix script '/home/rat-trak/rat-trak/ros2_ws/install/local_setup.ps1'
[3.374s] INFO:colcon.colcon_core.shell:Creating prefix util module '/home/rat-trak/rat-trak/ros2_ws/install/_local_setup_util_ps1.py'
[3.376s] INFO:colcon.colcon_core.shell:Creating prefix chain script '/home/rat-trak/rat-trak/ros2_ws/install/setup.ps1'
[3.380s] INFO:colcon.colcon_core.shell:Creating prefix script '/home/rat-trak/rat-trak/ros2_ws/install/local_setup.sh'
[3.382s] INFO:colcon.colcon_core.shell:Creating prefix util module '/home/rat-trak/rat-trak/ros2_ws/install/_local_setup_util_sh.py'
[3.383s] INFO:colcon.colcon_core.shell:Creating prefix chain script '/home/rat-trak/rat-trak/ros2_ws/install/setup.sh'
[3.385s] INFO:colcon.colcon_core.shell:Creating prefix script '/home/rat-trak/rat-trak/ros2_ws/install/local_setup.bash'
[3.386s] INFO:colcon.colcon_core.shell:Creating prefix chain script '/home/rat-trak/rat-trak/ros2_ws/install/setup.bash'
[3.387s] INFO:colcon.colcon_core.shell:Creating prefix script '/home/rat-trak/rat-trak/ros2_ws/install/local_setup.zsh'
[3.388s] INFO:colcon.colcon_core.shell:Creating prefix chain script '/home/rat-trak/rat-trak/ros2_ws/install/setup.zsh'
