running egg_info
creating ../build/motor_control_pkg/motor_control_pkg.egg-info
writing ../build/motor_control_pkg/motor_control_pkg.egg-info/PKG-INFO
writing dependency_links to ../build/motor_control_pkg/motor_control_pkg.egg-info/dependency_links.txt
writing entry points to ../build/motor_control_pkg/motor_control_pkg.egg-info/entry_points.txt
writing requirements to ../build/motor_control_pkg/motor_control_pkg.egg-info/requires.txt
writing top-level names to ../build/motor_control_pkg/motor_control_pkg.egg-info/top_level.txt
writing manifest file '../build/motor_control_pkg/motor_control_pkg.egg-info/SOURCES.txt'
reading manifest file '../build/motor_control_pkg/motor_control_pkg.egg-info/SOURCES.txt'
writing manifest file '../build/motor_control_pkg/motor_control_pkg.egg-info/SOURCES.txt'
running build
running build_py
creating /home/rat-trak/rat-trak/ros2_ws/build/motor_control_pkg/build
creating /home/rat-trak/rat-trak/ros2_ws/build/motor_control_pkg/build/lib
creating /home/rat-trak/rat-trak/ros2_ws/build/motor_control_pkg/build/lib/motor_control_pkg
copying motor_control_pkg/__init__.py -> /home/rat-trak/rat-trak/ros2_ws/build/motor_control_pkg/build/lib/motor_control_pkg
copying motor_control_pkg/pwm_controller.py -> /home/rat-trak/rat-trak/ros2_ws/build/motor_control_pkg/build/lib/motor_control_pkg
running install
running install_lib
creating /home/rat-trak/rat-trak/ros2_ws/install/motor_control_pkg/lib/python3.12/site-packages/motor_control_pkg
copying /home/rat-trak/rat-trak/ros2_ws/build/motor_control_pkg/build/lib/motor_control_pkg/__init__.py -> /home/rat-trak/rat-trak/ros2_ws/install/motor_control_pkg/lib/python3.12/site-packages/motor_control_pkg
copying /home/rat-trak/rat-trak/ros2_ws/build/motor_control_pkg/build/lib/motor_control_pkg/pwm_controller.py -> /home/rat-trak/rat-trak/ros2_ws/install/motor_control_pkg/lib/python3.12/site-packages/motor_control_pkg
byte-compiling /home/rat-trak/rat-trak/ros2_ws/install/motor_control_pkg/lib/python3.12/site-packages/motor_control_pkg/__init__.py to __init__.cpython-312.pyc
byte-compiling /home/rat-trak/rat-trak/ros2_ws/install/motor_control_pkg/lib/python3.12/site-packages/motor_control_pkg/pwm_controller.py to pwm_controller.cpython-312.pyc
running install_data
creating /home/rat-trak/rat-trak/ros2_ws/install/motor_control_pkg/share/ament_index
creating /home/rat-trak/rat-trak/ros2_ws/install/motor_control_pkg/share/ament_index/resource_index
creating /home/rat-trak/rat-trak/ros2_ws/install/motor_control_pkg/share/ament_index/resource_index/packages
copying resource/motor_control_pkg -> /home/rat-trak/rat-trak/ros2_ws/install/motor_control_pkg/share/ament_index/resource_index/packages
copying package.xml -> /home/rat-trak/rat-trak/ros2_ws/install/motor_control_pkg/share/motor_control_pkg
running install_egg_info
Copying ../build/motor_control_pkg/motor_control_pkg.egg-info to /home/rat-trak/rat-trak/ros2_ws/install/motor_control_pkg/lib/python3.12/site-packages/motor_control_pkg-0.0.0-py3.12.egg-info
running install_scripts
Installing pwm_controller script to /home/rat-trak/rat-trak/ros2_ws/install/motor_control_pkg/lib/motor_control_pkg
writing list of installed files to '/home/rat-trak/rat-trak/ros2_ws/build/motor_control_pkg/install.log'
