[1.837s] Invoking command in '/home/pullen65/rat-trak/ros2_ws/src/image_viewer': PYTHONPATH=/home/pullen65/rat-trak/ros2_ws/build/image_viewer/prefix_override:/usr/lib/python3/dist-packages/colcon_core/task/python/colcon_distutils_commands:/home/pullen65/rat-trak/ros2_ws/install/image_viewer/lib/python3.12/site-packages:${PYTHONPATH} /usr/bin/python3 -W ignore:setup.py install is deprecated setup.py egg_info --egg-base ../../build/image_viewer build --build-base /home/pullen65/rat-trak/ros2_ws/build/image_viewer/build install --record /home/pullen65/rat-trak/ros2_ws/build/image_viewer/install.log --single-version-externally-managed install_data
[2.171s] running egg_info
[2.196s] writing ../../build/image_viewer/image_viewer.egg-info/PKG-INFO
[2.196s] writing dependency_links to ../../build/image_viewer/image_viewer.egg-info/dependency_links.txt
[2.197s] writing entry points to ../../build/image_viewer/image_viewer.egg-info/entry_points.txt
[2.197s] writing requirements to ../../build/image_viewer/image_viewer.egg-info/requires.txt
[2.197s] writing top-level names to ../../build/image_viewer/image_viewer.egg-info/top_level.txt
[2.243s] reading manifest file '../../build/image_viewer/image_viewer.egg-info/SOURCES.txt'
[2.245s] writing manifest file '../../build/image_viewer/image_viewer.egg-info/SOURCES.txt'
[2.245s] running build
[2.245s] running build_py
[2.246s] running install
[2.257s] running install_lib
[2.288s] running install_data
[2.289s] running install_egg_info
[2.317s] removing '/home/pullen65/rat-trak/ros2_ws/install/image_viewer/lib/python3.12/site-packages/image_viewer-0.0.0-py3.12.egg-info' (and everything under it)
[2.318s] Copying ../../build/image_viewer/image_viewer.egg-info to /home/pullen65/rat-trak/ros2_ws/install/image_viewer/lib/python3.12/site-packages/image_viewer-0.0.0-py3.12.egg-info
[2.319s] running install_scripts
[2.472s] Installing image_viewer script to /home/pullen65/rat-trak/ros2_ws/install/image_viewer/lib/image_viewer
[2.472s] writing list of installed files to '/home/pullen65/rat-trak/ros2_ws/build/image_viewer/install.log'
[2.545s] Invoked command in '/home/pullen65/rat-trak/ros2_ws/src/image_viewer' returned '0': PYTHONPATH=/home/pullen65/rat-trak/ros2_ws/build/image_viewer/prefix_override:/usr/lib/python3/dist-packages/colcon_core/task/python/colcon_distutils_commands:/home/pullen65/rat-trak/ros2_ws/install/image_viewer/lib/python3.12/site-packages:${PYTHONPATH} /usr/bin/python3 -W ignore:setup.py install is deprecated setup.py egg_info --egg-base ../../build/image_viewer build --build-base /home/pullen65/rat-trak/ros2_ws/build/image_viewer/build install --record /home/pullen65/rat-trak/ros2_ws/build/image_viewer/install.log --single-version-externally-managed install_data
