running develop
/usr/lib/python3/dist-packages/setuptools/command/develop.py:40: EasyInstallDeprecationWarning: easy_install command is deprecated.
!!

        ********************************************************************************
        Please avoid running ``setup.py`` and ``easy_install``.
        Instead, use pypa/build, pypa/installer or other
        standards-based tools.

        See https://github.com/pypa/setuptools/issues/917 for details.
        ********************************************************************************

!!
  easy_install.initialize_options(self)
Removing /home/pullen65/rat-trak/ros2_ws/install/image_viewer/lib/python3.12/site-packages/image-viewer.egg-link (link to .)
running egg_info
writing ../../build/image_viewer/image_viewer.egg-info/PKG-INFO
writing dependency_links to ../../build/image_viewer/image_viewer.egg-info/dependency_links.txt
writing entry points to ../../build/image_viewer/image_viewer.egg-info/entry_points.txt
writing requirements to ../../build/image_viewer/image_viewer.egg-info/requires.txt
writing top-level names to ../../build/image_viewer/image_viewer.egg-info/top_level.txt
reading manifest file '../../build/image_viewer/image_viewer.egg-info/SOURCES.txt'
writing manifest file '../../build/image_viewer/image_viewer.egg-info/SOURCES.txt'
running build
running build_py
running install
running install_lib
creating /home/pullen65/rat-trak/ros2_ws/install/image_viewer/lib/python3.12/site-packages/image_viewer
copying /home/pullen65/rat-trak/ros2_ws/build/image_viewer/build/lib/image_viewer/viewer_node.py -> /home/pullen65/rat-trak/ros2_ws/install/image_viewer/lib/python3.12/site-packages/image_viewer
copying /home/pullen65/rat-trak/ros2_ws/build/image_viewer/build/lib/image_viewer/__init__.py -> /home/pullen65/rat-trak/ros2_ws/install/image_viewer/lib/python3.12/site-packages/image_viewer
byte-compiling /home/pullen65/rat-trak/ros2_ws/install/image_viewer/lib/python3.12/site-packages/image_viewer/viewer_node.py to viewer_node.cpython-312.pyc
byte-compiling /home/pullen65/rat-trak/ros2_ws/install/image_viewer/lib/python3.12/site-packages/image_viewer/__init__.py to __init__.cpython-312.pyc
running install_data
copying resource/image_viewer -> /home/pullen65/rat-trak/ros2_ws/install/image_viewer/share/ament_index/resource_index/packages
copying package.xml -> /home/pullen65/rat-trak/ros2_ws/install/image_viewer/share/image_viewer
running install_egg_info
Copying ../../build/image_viewer/image_viewer.egg-info to /home/pullen65/rat-trak/ros2_ws/install/image_viewer/lib/python3.12/site-packages/image_viewer-0.0.0-py3.12.egg-info
running install_scripts
Installing image_viewer script to /home/pullen65/rat-trak/ros2_ws/install/image_viewer/lib/image_viewer
writing list of installed files to '/home/pullen65/rat-trak/ros2_ws/build/image_viewer/install.log'
