[1.271s] Invoking command in '/home/pullen65/rat-trak/ros2_ws/src/image_viewer': PYTHONPATH=/home/pullen65/rat-trak/ros2_ws/build/image_viewer/prefix_override:/usr/lib/python3/dist-packages/colcon_core/task/python/colcon_distutils_commands:/home/pullen65/rat-trak/ros2_ws/install/image_viewer/lib/python3.12/site-packages: /usr/bin/python3 -W ignore:setup.py install is deprecated setup.py egg_info --egg-base ../../build/image_viewer build --build-base /home/pullen65/rat-trak/ros2_ws/build/image_viewer/build install --record /home/pullen65/rat-trak/ros2_ws/build/image_viewer/install.log --single-version-externally-managed install_data
[1.540s] running egg_info
[1.552s] writing ../../build/image_viewer/image_viewer.egg-info/PKG-INFO
[1.553s] writing dependency_links to ../../build/image_viewer/image_viewer.egg-info/dependency_links.txt
[1.553s] writing entry points to ../../build/image_viewer/image_viewer.egg-info/entry_points.txt
[1.553s] writing requirements to ../../build/image_viewer/image_viewer.egg-info/requires.txt
[1.553s] writing top-level names to ../../build/image_viewer/image_viewer.egg-info/top_level.txt
[1.584s] reading manifest file '../../build/image_viewer/image_viewer.egg-info/SOURCES.txt'
[1.585s] writing manifest file '../../build/image_viewer/image_viewer.egg-info/SOURCES.txt'
[1.585s] running build
[1.586s] running build_py
[1.586s] running install
[1.595s] running install_lib
[1.610s] running install_data
[1.611s] running install_egg_info
[1.630s] removing '/home/pullen65/rat-trak/ros2_ws/install/image_viewer/lib/python3.12/site-packages/image_viewer-0.0.0-py3.12.egg-info' (and everything under it)
[1.630s] Copying ../../build/image_viewer/image_viewer.egg-info to /home/pullen65/rat-trak/ros2_ws/install/image_viewer/lib/python3.12/site-packages/image_viewer-0.0.0-py3.12.egg-info
[1.632s] running install_scripts
[1.759s] Installing image_viewer script to /home/pullen65/rat-trak/ros2_ws/install/image_viewer/lib/image_viewer
[1.760s] writing list of installed files to '/home/pullen65/rat-trak/ros2_ws/build/image_viewer/install.log'
[1.821s] Invoked command in '/home/pullen65/rat-trak/ros2_ws/src/image_viewer' returned '0': PYTHONPATH=/home/pullen65/rat-trak/ros2_ws/build/image_viewer/prefix_override:/usr/lib/python3/dist-packages/colcon_core/task/python/colcon_distutils_commands:/home/pullen65/rat-trak/ros2_ws/install/image_viewer/lib/python3.12/site-packages: /usr/bin/python3 -W ignore:setup.py install is deprecated setup.py egg_info --egg-base ../../build/image_viewer build --build-base /home/pullen65/rat-trak/ros2_ws/build/image_viewer/build install --record /home/pullen65/rat-trak/ros2_ws/build/image_viewer/install.log --single-version-externally-managed install_data
