[1.935s] Invoking command in '/home/pullen65/rat-trak/ros2_ws/build/motor_control_pkg': PYTHONPATH=/home/pullen65/rat-trak/ros2_ws/build/motor_control_pkg/prefix_override:/usr/lib/python3/dist-packages/colcon_core/task/python/colcon_distutils_commands:/home/pullen65/rat-trak/ros2_ws/install/motor_control_pkg/lib/python3.12/site-packages:${PYTHONPATH} /usr/bin/python3 -W ignore:setup.py install is deprecated setup.py develop --editable --build-directory /home/pullen65/rat-trak/ros2_ws/build/motor_control_pkg/build --no-deps symlink_data --force
[2.337s] running develop
[2.339s] /usr/lib/python3/dist-packages/setuptools/command/develop.py:40: EasyInstallDeprecationWarning: easy_install command is deprecated.
[2.339s] !!
[2.339s] 
[2.339s]         ********************************************************************************
[2.339s]         Please avoid running ``setup.py`` and ``easy_install``.
[2.339s]         Instead, use pypa/build, pypa/installer or other
[2.339s]         standards-based tools.
[2.339s] 
[2.339s]         See https://github.com/pypa/setuptools/issues/917 for details.
[2.339s]         ********************************************************************************
[2.339s] 
[2.339s] !!
[2.339s]   easy_install.initialize_options(self)
[2.601s] running egg_info
[2.620s] writing motor_control_pkg.egg-info/PKG-INFO
[2.620s] writing dependency_links to motor_control_pkg.egg-info/dependency_links.txt
[2.620s] writing entry points to motor_control_pkg.egg-info/entry_points.txt
[2.620s] writing requirements to motor_control_pkg.egg-info/requires.txt
[2.621s] writing top-level names to motor_control_pkg.egg-info/top_level.txt
[2.658s] reading manifest file 'motor_control_pkg.egg-info/SOURCES.txt'
[2.658s] writing manifest file 'motor_control_pkg.egg-info/SOURCES.txt'
[2.689s] running build_ext
[2.689s] Creating /home/pullen65/rat-trak/ros2_ws/install/motor_control_pkg/lib/python3.12/site-packages/motor-control-pkg.egg-link (link to .)
[2.692s] Installing pwm_controller script to /home/pullen65/rat-trak/ros2_ws/install/motor_control_pkg/lib/motor_control_pkg
[2.692s] 
[2.693s] Installed /home/pullen65/rat-trak/ros2_ws/build/motor_control_pkg
[2.693s] running symlink_data
[2.693s] symbolically linking /home/pullen65/rat-trak/ros2_ws/build/motor_control_pkg/resource/motor_control_pkg -> /home/pullen65/rat-trak/ros2_ws/install/motor_control_pkg/share/ament_index/resource_index/packages
[2.694s] symbolically linking /home/pullen65/rat-trak/ros2_ws/build/motor_control_pkg/package.xml -> /home/pullen65/rat-trak/ros2_ws/install/motor_control_pkg/share/motor_control_pkg
[2.781s] Invoked command in '/home/pullen65/rat-trak/ros2_ws/build/motor_control_pkg' returned '0': PYTHONPATH=/home/pullen65/rat-trak/ros2_ws/build/motor_control_pkg/prefix_override:/usr/lib/python3/dist-packages/colcon_core/task/python/colcon_distutils_commands:/home/pullen65/rat-trak/ros2_ws/install/motor_control_pkg/lib/python3.12/site-packages:${PYTHONPATH} /usr/bin/python3 -W ignore:setup.py install is deprecated setup.py develop --editable --build-directory /home/pullen65/rat-trak/ros2_ws/build/motor_control_pkg/build --no-deps symlink_data --force
