[0.434s] DEBUG:colcon:Command line arguments: ['/usr/bin/colcon', 'build']
[0.434s] DEBUG:colcon:Parsed command line arguments: Namespace(log_base=None, log_level=None, verb_name='build', build_base='build', install_base='install', merge_install=False, symlink_install=False, test_result_base=None, continue_on_error=False, executor='parallel', parallel_workers=4, event_handlers=None, ignore_user_meta=False, metas=['./colcon.meta'], base_paths=['.'], packages_ignore=None, packages_ignore_regex=None, paths=None, packages_up_to=None, packages_up_to_regex=None, packages_above=None, packages_above_and_dependencies=None, packages_above_depth=None, packages_select_by_dep=None, packages_skip_by_dep=None, packages_skip_up_to=None, packages_select_build_failed=False, packages_skip_build_finished=False, packages_select_test_failures=False, packages_skip_test_passed=False, packages_select=None, packages_skip=None, packages_select_regex=None, packages_skip_regex=None, packages_start=None, packages_end=None, allow_overriding=[], cmake_args=None, cmake_target=None, cmake_target_skip_unavailable=False, cmake_clean_cache=False, cmake_clean_first=False, cmake_force_configure=False, ament_cmake_args=None, catkin_cmake_args=None, catkin_skip_building_tests=False, mixin_files=None, mixin=None, verb_parser=<colcon_mixin.mixin.mixin_argument.MixinArgumentDecorator object at 0xffffa61c1fa0>, verb_extension=<colcon_core.verb.build.BuildVerb object at 0xffffa6380d10>, main=<bound method BuildVerb.main of <colcon_core.verb.build.BuildVerb object at 0xffffa6380d10>>, mixin_verb=('build',))
[0.542s] Level 1:colcon.colcon_core.package_discovery:discover_packages(colcon_meta) check parameters
[0.542s] Level 1:colcon.colcon_core.package_discovery:discover_packages(recursive) check parameters
[0.542s] Level 1:colcon.colcon_core.package_discovery:discover_packages(ignore) check parameters
[0.542s] Level 1:colcon.colcon_core.package_discovery:discover_packages(path) check parameters
[0.542s] Level 1:colcon.colcon_core.package_discovery:discover_packages(colcon_meta) discover
[0.543s] Level 1:colcon.colcon_core.package_discovery:discover_packages(recursive) discover
[0.543s] INFO:colcon.colcon_core.package_discovery:Crawling recursively for packages in '/home/rat-trak/rat-trak/ros2_ws'
[0.543s] Level 1:colcon.colcon_core.package_identification:_identify(.) by extensions ['ignore', 'ignore_ament_install']
[0.543s] Level 1:colcon.colcon_core.package_identification:_identify(.) by extension 'ignore'
[0.543s] Level 1:colcon.colcon_core.package_identification:_identify(.) by extension 'ignore_ament_install'
[0.543s] Level 1:colcon.colcon_core.package_identification:_identify(.) by extensions ['colcon_pkg']
[0.543s] Level 1:colcon.colcon_core.package_identification:_identify(.) by extension 'colcon_pkg'
[0.543s] Level 1:colcon.colcon_core.package_identification:_identify(.) by extensions ['colcon_meta']
[0.543s] Level 1:colcon.colcon_core.package_identification:_identify(.) by extension 'colcon_meta'
[0.543s] Level 1:colcon.colcon_core.package_identification:_identify(.) by extensions ['ros']
[0.543s] Level 1:colcon.colcon_core.package_identification:_identify(.) by extension 'ros'
[0.597s] Level 1:colcon.colcon_core.package_identification:_identify(.) by extensions ['cmake', 'python']
[0.598s] Level 1:colcon.colcon_core.package_identification:_identify(.) by extension 'cmake'
[0.598s] Level 1:colcon.colcon_core.package_identification:_identify(.) by extension 'python'
[0.598s] Level 1:colcon.colcon_core.package_identification:_identify(.) by extensions ['python_setup_py']
[0.598s] Level 1:colcon.colcon_core.package_identification:_identify(.) by extension 'python_setup_py'
[0.598s] Level 1:colcon.colcon_core.package_identification:_identify(build) by extensions ['ignore', 'ignore_ament_install']
[0.598s] Level 1:colcon.colcon_core.package_identification:_identify(build) by extension 'ignore'
[0.598s] Level 1:colcon.colcon_core.package_identification:_identify(build) ignored
[0.598s] Level 1:colcon.colcon_core.package_identification:_identify(install) by extensions ['ignore', 'ignore_ament_install']
[0.598s] Level 1:colcon.colcon_core.package_identification:_identify(install) by extension 'ignore'
[0.599s] Level 1:colcon.colcon_core.package_identification:_identify(install) ignored
[0.599s] Level 1:colcon.colcon_core.package_identification:_identify(log) by extensions ['ignore', 'ignore_ament_install']
[0.599s] Level 1:colcon.colcon_core.package_identification:_identify(log) by extension 'ignore'
[0.599s] Level 1:colcon.colcon_core.package_identification:_identify(log) ignored
[0.599s] Level 1:colcon.colcon_core.package_identification:_identify(src) by extensions ['ignore', 'ignore_ament_install']
[0.599s] Level 1:colcon.colcon_core.package_identification:_identify(src) by extension 'ignore'
[0.599s] Level 1:colcon.colcon_core.package_identification:_identify(src) by extension 'ignore_ament_install'
[0.599s] Level 1:colcon.colcon_core.package_identification:_identify(src) by extensions ['colcon_pkg']
[0.599s] Level 1:colcon.colcon_core.package_identification:_identify(src) by extension 'colcon_pkg'
[0.599s] Level 1:colcon.colcon_core.package_identification:_identify(src) by extensions ['colcon_meta']
[0.599s] Level 1:colcon.colcon_core.package_identification:_identify(src) by extension 'colcon_meta'
[0.599s] Level 1:colcon.colcon_core.package_identification:_identify(src) by extensions ['ros']
[0.599s] Level 1:colcon.colcon_core.package_identification:_identify(src) by extension 'ros'
[0.599s] Level 1:colcon.colcon_core.package_identification:_identify(src) by extensions ['cmake', 'python']
[0.599s] Level 1:colcon.colcon_core.package_identification:_identify(src) by extension 'cmake'
[0.600s] Level 1:colcon.colcon_core.package_identification:_identify(src) by extension 'python'
[0.600s] Level 1:colcon.colcon_core.package_identification:_identify(src) by extensions ['python_setup_py']
[0.600s] Level 1:colcon.colcon_core.package_identification:_identify(src) by extension 'python_setup_py'
[0.600s] Level 1:colcon.colcon_core.package_identification:_identify(src/camera_launch) by extensions ['ignore', 'ignore_ament_install']
[0.600s] Level 1:colcon.colcon_core.package_identification:_identify(src/camera_launch) by extension 'ignore'
[0.600s] Level 1:colcon.colcon_core.package_identification:_identify(src/camera_launch) by extension 'ignore_ament_install'
[0.600s] Level 1:colcon.colcon_core.package_identification:_identify(src/camera_launch) by extensions ['colcon_pkg']
[0.600s] Level 1:colcon.colcon_core.package_identification:_identify(src/camera_launch) by extension 'colcon_pkg'
[0.600s] Level 1:colcon.colcon_core.package_identification:_identify(src/camera_launch) by extensions ['colcon_meta']
[0.600s] Level 1:colcon.colcon_core.package_identification:_identify(src/camera_launch) by extension 'colcon_meta'
[0.600s] Level 1:colcon.colcon_core.package_identification:_identify(src/camera_launch) by extensions ['ros']
[0.600s] Level 1:colcon.colcon_core.package_identification:_identify(src/camera_launch) by extension 'ros'
[0.601s] Level 1:colcon.colcon_core.package_identification:_identify(src/camera_launch) by extensions ['cmake', 'python']
[0.601s] Level 1:colcon.colcon_core.package_identification:_identify(src/camera_launch) by extension 'cmake'
[0.601s] Level 1:colcon.colcon_core.package_identification:_identify(src/camera_launch) by extension 'python'
[0.601s] Level 1:colcon.colcon_core.package_identification:_identify(src/camera_launch) by extensions ['python_setup_py']
[0.601s] Level 1:colcon.colcon_core.package_identification:_identify(src/camera_launch) by extension 'python_setup_py'
[0.601s] Level 1:colcon.colcon_core.package_identification:_identify(src/image_pub) by extensions ['ignore', 'ignore_ament_install']
[0.601s] Level 1:colcon.colcon_core.package_identification:_identify(src/image_pub) by extension 'ignore'
[0.601s] Level 1:colcon.colcon_core.package_identification:_identify(src/image_pub) by extension 'ignore_ament_install'
[0.601s] Level 1:colcon.colcon_core.package_identification:_identify(src/image_pub) by extensions ['colcon_pkg']
[0.601s] Level 1:colcon.colcon_core.package_identification:_identify(src/image_pub) by extension 'colcon_pkg'
[0.601s] Level 1:colcon.colcon_core.package_identification:_identify(src/image_pub) by extensions ['colcon_meta']
[0.601s] Level 1:colcon.colcon_core.package_identification:_identify(src/image_pub) by extension 'colcon_meta'
[0.601s] Level 1:colcon.colcon_core.package_identification:_identify(src/image_pub) by extensions ['ros']
[0.601s] Level 1:colcon.colcon_core.package_identification:_identify(src/image_pub) by extension 'ros'
[0.606s] DEBUG:colcon.colcon_core.package_identification:Package 'src/image_pub' with type 'ros.ament_python' and name 'image_pub'
[0.607s] Level 1:colcon.colcon_core.package_identification:_identify(src/image_viewer) by extensions ['ignore', 'ignore_ament_install']
[0.607s] Level 1:colcon.colcon_core.package_identification:_identify(src/image_viewer) by extension 'ignore'
[0.607s] Level 1:colcon.colcon_core.package_identification:_identify(src/image_viewer) by extension 'ignore_ament_install'
[0.607s] Level 1:colcon.colcon_core.package_identification:_identify(src/image_viewer) by extensions ['colcon_pkg']
[0.607s] Level 1:colcon.colcon_core.package_identification:_identify(src/image_viewer) by extension 'colcon_pkg'
[0.607s] Level 1:colcon.colcon_core.package_identification:_identify(src/image_viewer) by extensions ['colcon_meta']
[0.607s] Level 1:colcon.colcon_core.package_identification:_identify(src/image_viewer) by extension 'colcon_meta'
[0.607s] Level 1:colcon.colcon_core.package_identification:_identify(src/image_viewer) by extensions ['ros']
[0.607s] Level 1:colcon.colcon_core.package_identification:_identify(src/image_viewer) by extension 'ros'
[0.608s] DEBUG:colcon.colcon_core.package_identification:Package 'src/image_viewer' with type 'ros.ament_python' and name 'image_viewer'
[0.608s] Level 1:colcon.colcon_core.package_identification:_identify(src/motor_control_pkg) by extensions ['ignore', 'ignore_ament_install']
[0.609s] Level 1:colcon.colcon_core.package_identification:_identify(src/motor_control_pkg) by extension 'ignore'
[0.609s] Level 1:colcon.colcon_core.package_identification:_identify(src/motor_control_pkg) by extension 'ignore_ament_install'
[0.609s] Level 1:colcon.colcon_core.package_identification:_identify(src/motor_control_pkg) by extensions ['colcon_pkg']
[0.609s] Level 1:colcon.colcon_core.package_identification:_identify(src/motor_control_pkg) by extension 'colcon_pkg'
[0.609s] Level 1:colcon.colcon_core.package_identification:_identify(src/motor_control_pkg) by extensions ['colcon_meta']
[0.609s] Level 1:colcon.colcon_core.package_identification:_identify(src/motor_control_pkg) by extension 'colcon_meta'
[0.609s] Level 1:colcon.colcon_core.package_identification:_identify(src/motor_control_pkg) by extensions ['ros']
[0.609s] Level 1:colcon.colcon_core.package_identification:_identify(src/motor_control_pkg) by extension 'ros'
[0.610s] DEBUG:colcon.colcon_core.package_identification:Package 'src/motor_control_pkg' with type 'ros.ament_python' and name 'motor_control_pkg'
[0.610s] Level 1:colcon.colcon_core.package_discovery:discover_packages(recursive) using defaults
[0.610s] Level 1:colcon.colcon_core.package_discovery:discover_packages(ignore) discover
[0.610s] Level 1:colcon.colcon_core.package_discovery:discover_packages(ignore) using defaults
[0.610s] Level 1:colcon.colcon_core.package_discovery:discover_packages(path) discover
[0.610s] Level 1:colcon.colcon_core.package_discovery:discover_packages(path) using defaults
[0.649s] Level 1:colcon.colcon_core.package_discovery:discover_packages(prefix_path) check parameters
[0.650s] Level 1:colcon.colcon_core.package_discovery:discover_packages(prefix_path) discover
[0.656s] DEBUG:colcon.colcon_installed_package_information.package_discovery:Found 285 installed packages in /opt/ros/jazzy
[0.657s] Level 1:colcon.colcon_core.package_discovery:discover_packages(prefix_path) using defaults
[0.720s] Level 5:colcon.colcon_core.verb:set package 'image_pub' build argument 'cmake_args' from command line to 'None'
[0.720s] Level 5:colcon.colcon_core.verb:set package 'image_pub' build argument 'cmake_target' from command line to 'None'
[0.720s] Level 5:colcon.colcon_core.verb:set package 'image_pub' build argument 'cmake_target_skip_unavailable' from command line to 'False'
[0.720s] Level 5:colcon.colcon_core.verb:set package 'image_pub' build argument 'cmake_clean_cache' from command line to 'False'
[0.720s] Level 5:colcon.colcon_core.verb:set package 'image_pub' build argument 'cmake_clean_first' from command line to 'False'
[0.720s] Level 5:colcon.colcon_core.verb:set package 'image_pub' build argument 'cmake_force_configure' from command line to 'False'
[0.720s] Level 5:colcon.colcon_core.verb:set package 'image_pub' build argument 'ament_cmake_args' from command line to 'None'
[0.720s] Level 5:colcon.colcon_core.verb:set package 'image_pub' build argument 'catkin_cmake_args' from command line to 'None'
[0.720s] Level 5:colcon.colcon_core.verb:set package 'image_pub' build argument 'catkin_skip_building_tests' from command line to 'False'
[0.720s] DEBUG:colcon.colcon_core.verb:Building package 'image_pub' with the following arguments: {'ament_cmake_args': None, 'build_base': '/home/rat-trak/rat-trak/ros2_ws/build/image_pub', 'catkin_cmake_args': None, 'catkin_skip_building_tests': False, 'cmake_args': None, 'cmake_clean_cache': False, 'cmake_clean_first': False, 'cmake_force_configure': False, 'cmake_target': None, 'cmake_target_skip_unavailable': False, 'install_base': '/home/rat-trak/rat-trak/ros2_ws/install/image_pub', 'merge_install': False, 'path': '/home/rat-trak/rat-trak/ros2_ws/src/image_pub', 'symlink_install': False, 'test_result_base': None}
[0.721s] Level 5:colcon.colcon_core.verb:set package 'image_viewer' build argument 'cmake_args' from command line to 'None'
[0.721s] Level 5:colcon.colcon_core.verb:set package 'image_viewer' build argument 'cmake_target' from command line to 'None'
[0.721s] Level 5:colcon.colcon_core.verb:set package 'image_viewer' build argument 'cmake_target_skip_unavailable' from command line to 'False'
[0.721s] Level 5:colcon.colcon_core.verb:set package 'image_viewer' build argument 'cmake_clean_cache' from command line to 'False'
[0.721s] Level 5:colcon.colcon_core.verb:set package 'image_viewer' build argument 'cmake_clean_first' from command line to 'False'
[0.721s] Level 5:colcon.colcon_core.verb:set package 'image_viewer' build argument 'cmake_force_configure' from command line to 'False'
[0.721s] Level 5:colcon.colcon_core.verb:set package 'image_viewer' build argument 'ament_cmake_args' from command line to 'None'
[0.721s] Level 5:colcon.colcon_core.verb:set package 'image_viewer' build argument 'catkin_cmake_args' from command line to 'None'
[0.721s] Level 5:colcon.colcon_core.verb:set package 'image_viewer' build argument 'catkin_skip_building_tests' from command line to 'False'
[0.721s] DEBUG:colcon.colcon_core.verb:Building package 'image_viewer' with the following arguments: {'ament_cmake_args': None, 'build_base': '/home/rat-trak/rat-trak/ros2_ws/build/image_viewer', 'catkin_cmake_args': None, 'catkin_skip_building_tests': False, 'cmake_args': None, 'cmake_clean_cache': False, 'cmake_clean_first': False, 'cmake_force_configure': False, 'cmake_target': None, 'cmake_target_skip_unavailable': False, 'install_base': '/home/rat-trak/rat-trak/ros2_ws/install/image_viewer', 'merge_install': False, 'path': '/home/rat-trak/rat-trak/ros2_ws/src/image_viewer', 'symlink_install': False, 'test_result_base': None}
[0.721s] Level 5:colcon.colcon_core.verb:set package 'motor_control_pkg' build argument 'cmake_args' from command line to 'None'
[0.721s] Level 5:colcon.colcon_core.verb:set package 'motor_control_pkg' build argument 'cmake_target' from command line to 'None'
[0.721s] Level 5:colcon.colcon_core.verb:set package 'motor_control_pkg' build argument 'cmake_target_skip_unavailable' from command line to 'False'
[0.721s] Level 5:colcon.colcon_core.verb:set package 'motor_control_pkg' build argument 'cmake_clean_cache' from command line to 'False'
[0.721s] Level 5:colcon.colcon_core.verb:set package 'motor_control_pkg' build argument 'cmake_clean_first' from command line to 'False'
[0.721s] Level 5:colcon.colcon_core.verb:set package 'motor_control_pkg' build argument 'cmake_force_configure' from command line to 'False'
[0.721s] Level 5:colcon.colcon_core.verb:set package 'motor_control_pkg' build argument 'ament_cmake_args' from command line to 'None'
[0.721s] Level 5:colcon.colcon_core.verb:set package 'motor_control_pkg' build argument 'catkin_cmake_args' from command line to 'None'
[0.721s] Level 5:colcon.colcon_core.verb:set package 'motor_control_pkg' build argument 'catkin_skip_building_tests' from command line to 'False'
[0.721s] DEBUG:colcon.colcon_core.verb:Building package 'motor_control_pkg' with the following arguments: {'ament_cmake_args': None, 'build_base': '/home/rat-trak/rat-trak/ros2_ws/build/motor_control_pkg', 'catkin_cmake_args': None, 'catkin_skip_building_tests': False, 'cmake_args': None, 'cmake_clean_cache': False, 'cmake_clean_first': False, 'cmake_force_configure': False, 'cmake_target': None, 'cmake_target_skip_unavailable': False, 'install_base': '/home/rat-trak/rat-trak/ros2_ws/install/motor_control_pkg', 'merge_install': False, 'path': '/home/rat-trak/rat-trak/ros2_ws/src/motor_control_pkg', 'symlink_install': False, 'test_result_base': None}
[0.721s] INFO:colcon.colcon_core.executor:Executing jobs using 'parallel' executor
[0.723s] DEBUG:colcon.colcon_parallel_executor.executor.parallel:run_until_complete
[0.723s] INFO:colcon.colcon_ros.task.ament_python.build:Building ROS package in '/home/rat-trak/rat-trak/ros2_ws/src/image_pub' with build type 'ament_python'
[0.724s] Level 1:colcon.colcon_core.shell:create_environment_hook('image_pub', 'ament_prefix_path')
[0.738s] INFO:colcon.colcon_core.plugin_system:Skipping extension 'colcon_core.shell.bat': Not used on non-Windows systems
[0.739s] INFO:colcon.colcon_core.shell:Creating environment hook '/home/rat-trak/rat-trak/ros2_ws/install/image_pub/share/image_pub/hook/ament_prefix_path.ps1'
[0.741s] INFO:colcon.colcon_core.shell:Creating environment descriptor '/home/rat-trak/rat-trak/ros2_ws/install/image_pub/share/image_pub/hook/ament_prefix_path.dsv'
[0.743s] INFO:colcon.colcon_core.shell:Creating environment hook '/home/rat-trak/rat-trak/ros2_ws/install/image_pub/share/image_pub/hook/ament_prefix_path.sh'
[0.746s] INFO:colcon.colcon_core.shell:Skip shell extension 'powershell' for command environment: Not usable outside of PowerShell
[0.746s] DEBUG:colcon.colcon_core.shell:Skip shell extension 'dsv' for command environment
[0.751s] INFO:colcon.colcon_ros.task.ament_python.build:Building ROS package in '/home/rat-trak/rat-trak/ros2_ws/src/image_viewer' with build type 'ament_python'
[0.751s] Level 1:colcon.colcon_core.shell:create_environment_hook('image_viewer', 'ament_prefix_path')
[0.752s] INFO:colcon.colcon_core.shell:Creating environment hook '/home/rat-trak/rat-trak/ros2_ws/install/image_viewer/share/image_viewer/hook/ament_prefix_path.ps1'
[0.755s] INFO:colcon.colcon_core.shell:Creating environment descriptor '/home/rat-trak/rat-trak/ros2_ws/install/image_viewer/share/image_viewer/hook/ament_prefix_path.dsv'
[0.757s] INFO:colcon.colcon_core.shell:Creating environment hook '/home/rat-trak/rat-trak/ros2_ws/install/image_viewer/share/image_viewer/hook/ament_prefix_path.sh'
[0.758s] INFO:colcon.colcon_core.shell:Skip shell extension 'powershell' for command environment: Not usable outside of PowerShell
[0.758s] DEBUG:colcon.colcon_core.shell:Skip shell extension 'dsv' for command environment
[0.765s] INFO:colcon.colcon_ros.task.ament_python.build:Building ROS package in '/home/rat-trak/rat-trak/ros2_ws/src/motor_control_pkg' with build type 'ament_python'
[0.765s] Level 1:colcon.colcon_core.shell:create_environment_hook('motor_control_pkg', 'ament_prefix_path')
[0.766s] INFO:colcon.colcon_core.shell:Creating environment hook '/home/rat-trak/rat-trak/ros2_ws/install/motor_control_pkg/share/motor_control_pkg/hook/ament_prefix_path.ps1'
[0.769s] INFO:colcon.colcon_core.shell:Creating environment descriptor '/home/rat-trak/rat-trak/ros2_ws/install/motor_control_pkg/share/motor_control_pkg/hook/ament_prefix_path.dsv'
[0.771s] INFO:colcon.colcon_core.shell:Creating environment hook '/home/rat-trak/rat-trak/ros2_ws/install/motor_control_pkg/share/motor_control_pkg/hook/ament_prefix_path.sh'
[0.773s] INFO:colcon.colcon_core.shell:Skip shell extension 'powershell' for command environment: Not usable outside of PowerShell
[0.773s] DEBUG:colcon.colcon_core.shell:Skip shell extension 'dsv' for command environment
[1.106s] INFO:colcon.colcon_core.task.python.build:Building Python package in '/home/rat-trak/rat-trak/ros2_ws/src/image_pub'
[1.107s] INFO:colcon.colcon_core.shell:Skip shell extension 'powershell' for command environment: Not usable outside of PowerShell
[1.107s] DEBUG:colcon.colcon_core.shell:Skip shell extension 'dsv' for command environment
[1.442s] INFO:colcon.colcon_core.task.python.build:Building Python package in '/home/rat-trak/rat-trak/ros2_ws/src/image_viewer'
[1.442s] INFO:colcon.colcon_core.shell:Skip shell extension 'powershell' for command environment: Not usable outside of PowerShell
[1.442s] DEBUG:colcon.colcon_core.shell:Skip shell extension 'dsv' for command environment
[1.768s] INFO:colcon.colcon_core.task.python.build:Building Python package in '/home/rat-trak/rat-trak/ros2_ws/src/motor_control_pkg'
[1.769s] INFO:colcon.colcon_core.shell:Skip shell extension 'powershell' for command environment: Not usable outside of PowerShell
[1.769s] DEBUG:colcon.colcon_core.shell:Skip shell extension 'dsv' for command environment
[3.180s] DEBUG:colcon.colcon_core.event_handler.log_command:Invoking command in '/home/rat-trak/rat-trak/ros2_ws/src/image_viewer': DEBUGINFOD_URLS=https://debuginfod.ubuntu.com PYTHONPATH=/home/rat-trak/rat-trak/ros2_ws/build/image_viewer/prefix_override:/usr/lib/python3/dist-packages/colcon_core/task/python/colcon_distutils_commands:/home/rat-trak/rat-trak/ros2_ws/install/image_viewer/lib/python3.12/site-packages:${PYTHONPATH} /usr/bin/python3 -W ignore:setup.py install is deprecated setup.py egg_info --egg-base ../../build/image_viewer build --build-base /home/rat-trak/rat-trak/ros2_ws/build/image_viewer/build install --record /home/rat-trak/rat-trak/ros2_ws/build/image_viewer/install.log --single-version-externally-managed install_data
[3.190s] DEBUG:colcon.colcon_core.event_handler.log_command:Invoking command in '/home/rat-trak/rat-trak/ros2_ws/src/image_pub': DEBUGINFOD_URLS=https://debuginfod.ubuntu.com PYTHONPATH=/home/rat-trak/rat-trak/ros2_ws/build/image_pub/prefix_override:/usr/lib/python3/dist-packages/colcon_core/task/python/colcon_distutils_commands:/home/rat-trak/rat-trak/ros2_ws/install/image_pub/lib/python3.12/site-packages:${PYTHONPATH} /usr/bin/python3 -W ignore:setup.py install is deprecated setup.py egg_info --egg-base ../../build/image_pub build --build-base /home/rat-trak/rat-trak/ros2_ws/build/image_pub/build install --record /home/rat-trak/rat-trak/ros2_ws/build/image_pub/install.log --single-version-externally-managed install_data
[3.193s] DEBUG:colcon.colcon_core.event_handler.log_command:Invoking command in '/home/rat-trak/rat-trak/ros2_ws/src/motor_control_pkg': DEBUGINFOD_URLS=https://debuginfod.ubuntu.com PYTHONPATH=/home/rat-trak/rat-trak/ros2_ws/build/motor_control_pkg/prefix_override:/usr/lib/python3/dist-packages/colcon_core/task/python/colcon_distutils_commands:/home/rat-trak/rat-trak/ros2_ws/install/motor_control_pkg/lib/python3.12/site-packages:${PYTHONPATH} /usr/bin/python3 -W ignore:setup.py install is deprecated setup.py egg_info --egg-base ../../build/motor_control_pkg build --build-base /home/rat-trak/rat-trak/ros2_ws/build/motor_control_pkg/build install --record /home/rat-trak/rat-trak/ros2_ws/build/motor_control_pkg/install.log --single-version-externally-managed install_data
[4.124s] DEBUG:colcon.colcon_core.event_handler.log_command:Invoked command in '/home/rat-trak/rat-trak/ros2_ws/src/motor_control_pkg' returned '0': DEBUGINFOD_URLS=https://debuginfod.ubuntu.com PYTHONPATH=/home/rat-trak/rat-trak/ros2_ws/build/motor_control_pkg/prefix_override:/usr/lib/python3/dist-packages/colcon_core/task/python/colcon_distutils_commands:/home/rat-trak/rat-trak/ros2_ws/install/motor_control_pkg/lib/python3.12/site-packages:${PYTHONPATH} /usr/bin/python3 -W ignore:setup.py install is deprecated setup.py egg_info --egg-base ../../build/motor_control_pkg build --build-base /home/rat-trak/rat-trak/ros2_ws/build/motor_control_pkg/build install --record /home/rat-trak/rat-trak/ros2_ws/build/motor_control_pkg/install.log --single-version-externally-managed install_data
[4.133s] Level 1:colcon.colcon_core.environment:checking '/home/rat-trak/rat-trak/ros2_ws/install/motor_control_pkg' for CMake module files
[4.134s] Level 1:colcon.colcon_core.environment:checking '/home/rat-trak/rat-trak/ros2_ws/install/motor_control_pkg' for CMake config files
[4.137s] Level 1:colcon.colcon_core.environment:checking '/home/rat-trak/rat-trak/ros2_ws/install/motor_control_pkg/lib'
[4.137s] Level 1:colcon.colcon_core.environment:checking '/home/rat-trak/rat-trak/ros2_ws/install/motor_control_pkg/bin'
[4.138s] Level 1:colcon.colcon_core.environment:checking '/home/rat-trak/rat-trak/ros2_ws/install/motor_control_pkg/lib/pkgconfig/motor_control_pkg.pc'
[4.138s] Level 1:colcon.colcon_core.environment:checking '/home/rat-trak/rat-trak/ros2_ws/install/motor_control_pkg/lib/python3.12/site-packages'
[4.138s] Level 1:colcon.colcon_core.shell:create_environment_hook('motor_control_pkg', 'pythonpath')
[4.139s] INFO:colcon.colcon_core.shell:Creating environment hook '/home/rat-trak/rat-trak/ros2_ws/install/motor_control_pkg/share/motor_control_pkg/hook/pythonpath.ps1'
[4.141s] INFO:colcon.colcon_core.shell:Creating environment descriptor '/home/rat-trak/rat-trak/ros2_ws/install/motor_control_pkg/share/motor_control_pkg/hook/pythonpath.dsv'
[4.142s] INFO:colcon.colcon_core.shell:Creating environment hook '/home/rat-trak/rat-trak/ros2_ws/install/motor_control_pkg/share/motor_control_pkg/hook/pythonpath.sh'
[4.143s] Level 1:colcon.colcon_core.environment:checking '/home/rat-trak/rat-trak/ros2_ws/install/motor_control_pkg/bin'
[4.143s] Level 1:colcon.colcon_core.environment:create_environment_scripts_only(motor_control_pkg)
[4.144s] INFO:colcon.colcon_core.shell:Creating package script '/home/rat-trak/rat-trak/ros2_ws/install/motor_control_pkg/share/motor_control_pkg/package.ps1'
[4.145s] INFO:colcon.colcon_core.shell:Creating package descriptor '/home/rat-trak/rat-trak/ros2_ws/install/motor_control_pkg/share/motor_control_pkg/package.dsv'
[4.148s] INFO:colcon.colcon_core.shell:Creating package script '/home/rat-trak/rat-trak/ros2_ws/install/motor_control_pkg/share/motor_control_pkg/package.sh'
[4.151s] INFO:colcon.colcon_core.shell:Creating package script '/home/rat-trak/rat-trak/ros2_ws/install/motor_control_pkg/share/motor_control_pkg/package.bash'
[4.154s] INFO:colcon.colcon_core.shell:Creating package script '/home/rat-trak/rat-trak/ros2_ws/install/motor_control_pkg/share/motor_control_pkg/package.zsh'
[4.157s] Level 1:colcon.colcon_core.environment:create_file_with_runtime_dependencies(/home/rat-trak/rat-trak/ros2_ws/install/motor_control_pkg/share/colcon-core/packages/motor_control_pkg)
[4.159s] Level 1:colcon.colcon_core.environment:checking '/home/rat-trak/rat-trak/ros2_ws/install/image_viewer' for CMake module files
[4.160s] DEBUG:colcon.colcon_core.event_handler.log_command:Invoked command in '/home/rat-trak/rat-trak/ros2_ws/src/image_viewer' returned '0': DEBUGINFOD_URLS=https://debuginfod.ubuntu.com PYTHONPATH=/home/rat-trak/rat-trak/ros2_ws/build/image_viewer/prefix_override:/usr/lib/python3/dist-packages/colcon_core/task/python/colcon_distutils_commands:/home/rat-trak/rat-trak/ros2_ws/install/image_viewer/lib/python3.12/site-packages:${PYTHONPATH} /usr/bin/python3 -W ignore:setup.py install is deprecated setup.py egg_info --egg-base ../../build/image_viewer build --build-base /home/rat-trak/rat-trak/ros2_ws/build/image_viewer/build install --record /home/rat-trak/rat-trak/ros2_ws/build/image_viewer/install.log --single-version-externally-managed install_data
[4.160s] Level 1:colcon.colcon_core.environment:checking '/home/rat-trak/rat-trak/ros2_ws/install/image_viewer' for CMake config files
[4.163s] Level 1:colcon.colcon_core.environment:checking '/home/rat-trak/rat-trak/ros2_ws/install/image_viewer/lib'
[4.163s] Level 1:colcon.colcon_core.environment:checking '/home/rat-trak/rat-trak/ros2_ws/install/image_viewer/bin'
[4.163s] Level 1:colcon.colcon_core.environment:checking '/home/rat-trak/rat-trak/ros2_ws/install/image_viewer/lib/pkgconfig/image_viewer.pc'
[4.164s] Level 1:colcon.colcon_core.environment:checking '/home/rat-trak/rat-trak/ros2_ws/install/image_viewer/lib/python3.12/site-packages'
[4.164s] Level 1:colcon.colcon_core.shell:create_environment_hook('image_viewer', 'pythonpath')
[4.165s] INFO:colcon.colcon_core.shell:Creating environment hook '/home/rat-trak/rat-trak/ros2_ws/install/image_viewer/share/image_viewer/hook/pythonpath.ps1'
[4.167s] INFO:colcon.colcon_core.shell:Creating environment descriptor '/home/rat-trak/rat-trak/ros2_ws/install/image_viewer/share/image_viewer/hook/pythonpath.dsv'
[4.168s] INFO:colcon.colcon_core.shell:Creating environment hook '/home/rat-trak/rat-trak/ros2_ws/install/image_viewer/share/image_viewer/hook/pythonpath.sh'
[4.170s] Level 1:colcon.colcon_core.environment:checking '/home/rat-trak/rat-trak/ros2_ws/install/image_viewer/bin'
[4.170s] Level 1:colcon.colcon_core.environment:create_environment_scripts_only(image_viewer)
[4.171s] INFO:colcon.colcon_core.shell:Creating package script '/home/rat-trak/rat-trak/ros2_ws/install/image_viewer/share/image_viewer/package.ps1'
[4.171s] INFO:colcon.colcon_core.shell:Creating package descriptor '/home/rat-trak/rat-trak/ros2_ws/install/image_viewer/share/image_viewer/package.dsv'
[4.173s] INFO:colcon.colcon_core.shell:Creating package script '/home/rat-trak/rat-trak/ros2_ws/install/image_viewer/share/image_viewer/package.sh'
[4.174s] INFO:colcon.colcon_core.shell:Creating package script '/home/rat-trak/rat-trak/ros2_ws/install/image_viewer/share/image_viewer/package.bash'
[4.176s] INFO:colcon.colcon_core.shell:Creating package script '/home/rat-trak/rat-trak/ros2_ws/install/image_viewer/share/image_viewer/package.zsh'
[4.177s] Level 1:colcon.colcon_core.environment:create_file_with_runtime_dependencies(/home/rat-trak/rat-trak/ros2_ws/install/image_viewer/share/colcon-core/packages/image_viewer)
[4.182s] Level 1:colcon.colcon_core.environment:checking '/home/rat-trak/rat-trak/ros2_ws/install/image_pub' for CMake module files
[4.183s] DEBUG:colcon.colcon_core.event_handler.log_command:Invoked command in '/home/rat-trak/rat-trak/ros2_ws/src/image_pub' returned '0': DEBUGINFOD_URLS=https://debuginfod.ubuntu.com PYTHONPATH=/home/rat-trak/rat-trak/ros2_ws/build/image_pub/prefix_override:/usr/lib/python3/dist-packages/colcon_core/task/python/colcon_distutils_commands:/home/rat-trak/rat-trak/ros2_ws/install/image_pub/lib/python3.12/site-packages:${PYTHONPATH} /usr/bin/python3 -W ignore:setup.py install is deprecated setup.py egg_info --egg-base ../../build/image_pub build --build-base /home/rat-trak/rat-trak/ros2_ws/build/image_pub/build install --record /home/rat-trak/rat-trak/ros2_ws/build/image_pub/install.log --single-version-externally-managed install_data
[4.184s] Level 1:colcon.colcon_core.environment:checking '/home/rat-trak/rat-trak/ros2_ws/install/image_pub' for CMake config files
[4.185s] Level 1:colcon.colcon_core.environment:checking '/home/rat-trak/rat-trak/ros2_ws/install/image_pub/lib'
[4.186s] Level 1:colcon.colcon_core.environment:checking '/home/rat-trak/rat-trak/ros2_ws/install/image_pub/bin'
[4.186s] Level 1:colcon.colcon_core.environment:checking '/home/rat-trak/rat-trak/ros2_ws/install/image_pub/lib/pkgconfig/image_pub.pc'
[4.186s] Level 1:colcon.colcon_core.environment:checking '/home/rat-trak/rat-trak/ros2_ws/install/image_pub/lib/python3.12/site-packages'
[4.186s] Level 1:colcon.colcon_core.shell:create_environment_hook('image_pub', 'pythonpath')
[4.187s] INFO:colcon.colcon_core.shell:Creating environment hook '/home/rat-trak/rat-trak/ros2_ws/install/image_pub/share/image_pub/hook/pythonpath.ps1'
[4.188s] INFO:colcon.colcon_core.shell:Creating environment descriptor '/home/rat-trak/rat-trak/ros2_ws/install/image_pub/share/image_pub/hook/pythonpath.dsv'
[4.191s] INFO:colcon.colcon_core.shell:Creating environment hook '/home/rat-trak/rat-trak/ros2_ws/install/image_pub/share/image_pub/hook/pythonpath.sh'
[4.193s] Level 1:colcon.colcon_core.environment:checking '/home/rat-trak/rat-trak/ros2_ws/install/image_pub/bin'
[4.193s] Level 1:colcon.colcon_core.environment:create_environment_scripts_only(image_pub)
[4.193s] INFO:colcon.colcon_core.shell:Creating package script '/home/rat-trak/rat-trak/ros2_ws/install/image_pub/share/image_pub/package.ps1'
[4.195s] INFO:colcon.colcon_core.shell:Creating package descriptor '/home/rat-trak/rat-trak/ros2_ws/install/image_pub/share/image_pub/package.dsv'
[4.197s] INFO:colcon.colcon_core.shell:Creating package script '/home/rat-trak/rat-trak/ros2_ws/install/image_pub/share/image_pub/package.sh'
[4.197s] INFO:colcon.colcon_core.shell:Creating package script '/home/rat-trak/rat-trak/ros2_ws/install/image_pub/share/image_pub/package.bash'
[4.198s] INFO:colcon.colcon_core.shell:Creating package script '/home/rat-trak/rat-trak/ros2_ws/install/image_pub/share/image_pub/package.zsh'
[4.199s] Level 1:colcon.colcon_core.environment:create_file_with_runtime_dependencies(/home/rat-trak/rat-trak/ros2_ws/install/image_pub/share/colcon-core/packages/image_pub)
[4.201s] DEBUG:colcon.colcon_parallel_executor.executor.parallel:closing loop
[4.201s] DEBUG:colcon.colcon_parallel_executor.executor.parallel:loop closed
[4.201s] DEBUG:colcon.colcon_parallel_executor.executor.parallel:run_until_complete finished with '0'
[4.201s] DEBUG:colcon.colcon_core.event_reactor:joining thread
[4.215s] INFO:colcon.colcon_core.plugin_system:Skipping extension 'colcon_notification.desktop_notification.terminal_notifier': Not used on non-Darwin systems
[4.216s] INFO:colcon.colcon_core.plugin_system:Skipping extension 'colcon_notification.desktop_notification.win32': Not used on non-Windows systems
[4.216s] INFO:colcon.colcon_notification.desktop_notification:Sending desktop notification using 'notify2'
[4.246s] DEBUG:colcon.colcon_core.event_reactor:joined thread
[4.247s] INFO:colcon.colcon_core.shell:Creating prefix script '/home/rat-trak/rat-trak/ros2_ws/install/local_setup.ps1'
[4.250s] INFO:colcon.colcon_core.shell:Creating prefix util module '/home/rat-trak/rat-trak/ros2_ws/install/_local_setup_util_ps1.py'
[4.253s] INFO:colcon.colcon_core.shell:Creating prefix chain script '/home/rat-trak/rat-trak/ros2_ws/install/setup.ps1'
[4.257s] INFO:colcon.colcon_core.shell:Creating prefix script '/home/rat-trak/rat-trak/ros2_ws/install/local_setup.sh'
[4.260s] INFO:colcon.colcon_core.shell:Creating prefix util module '/home/rat-trak/rat-trak/ros2_ws/install/_local_setup_util_sh.py'
[4.262s] INFO:colcon.colcon_core.shell:Creating prefix chain script '/home/rat-trak/rat-trak/ros2_ws/install/setup.sh'
[4.268s] INFO:colcon.colcon_core.shell:Creating prefix script '/home/rat-trak/rat-trak/ros2_ws/install/local_setup.bash'
[4.270s] INFO:colcon.colcon_core.shell:Creating prefix chain script '/home/rat-trak/rat-trak/ros2_ws/install/setup.bash'
[4.272s] INFO:colcon.colcon_core.shell:Creating prefix script '/home/rat-trak/rat-trak/ros2_ws/install/local_setup.zsh'
[4.274s] INFO:colcon.colcon_core.shell:Creating prefix chain script '/home/rat-trak/rat-trak/ros2_ws/install/setup.zsh'
