[2.124s] Invoking command in '/home/rat-trak/rat-trak/ros2_ws/src/motor_control_pkg': DEBUGINFOD_URLS=https://debuginfod.ubuntu.com PYTHONPATH=/home/rat-trak/rat-trak/ros2_ws/build/motor_control_pkg/prefix_override:/usr/lib/python3/dist-packages/colcon_core/task/python/colcon_distutils_commands:/home/rat-trak/rat-trak/ros2_ws/install/motor_control_pkg/lib/python3.12/site-packages:${PYTHONPATH} /usr/bin/python3 -W ignore:setup.py install is deprecated setup.py egg_info --egg-base ../../build/motor_control_pkg build --build-base /home/rat-trak/rat-trak/ros2_ws/build/motor_control_pkg/build install --record /home/rat-trak/rat-trak/ros2_ws/build/motor_control_pkg/install.log --single-version-externally-managed install_data
[2.658s] running egg_info
[2.688s] writing ../../build/motor_control_pkg/motor_control_pkg.egg-info/PKG-INFO
[2.690s] writing dependency_links to ../../build/motor_control_pkg/motor_control_pkg.egg-info/dependency_links.txt
[2.692s] writing entry points to ../../build/motor_control_pkg/motor_control_pkg.egg-info/entry_points.txt
[2.693s] writing requirements to ../../build/motor_control_pkg/motor_control_pkg.egg-info/requires.txt
[2.698s] writing top-level names to ../../build/motor_control_pkg/motor_control_pkg.egg-info/top_level.txt
[2.786s] reading manifest file '../../build/motor_control_pkg/motor_control_pkg.egg-info/SOURCES.txt'
[2.787s] writing manifest file '../../build/motor_control_pkg/motor_control_pkg.egg-info/SOURCES.txt'
[2.787s] running build
[2.788s] running build_py
[2.789s] running install
[2.800s] running install_lib
[2.848s] running install_data
[2.848s] running install_egg_info
[2.893s] removing '/home/rat-trak/rat-trak/ros2_ws/install/motor_control_pkg/lib/python3.12/site-packages/motor_control_pkg-0.0.0-py3.12.egg-info' (and everything under it)
[2.893s] Copying ../../build/motor_control_pkg/motor_control_pkg.egg-info to /home/rat-trak/rat-trak/ros2_ws/install/motor_control_pkg/lib/python3.12/site-packages/motor_control_pkg-0.0.0-py3.12.egg-info
[2.895s] running install_scripts
[3.181s] Installing pwm_controller script to /home/rat-trak/rat-trak/ros2_ws/install/motor_control_pkg/lib/motor_control_pkg
[3.182s] writing list of installed files to '/home/rat-trak/rat-trak/ros2_ws/build/motor_control_pkg/install.log'
[3.349s] Invoked command in '/home/rat-trak/rat-trak/ros2_ws/src/motor_control_pkg' returned '0': DEBUGINFOD_URLS=https://debuginfod.ubuntu.com PYTHONPATH=/home/rat-trak/rat-trak/ros2_ws/build/motor_control_pkg/prefix_override:/usr/lib/python3/dist-packages/colcon_core/task/python/colcon_distutils_commands:/home/rat-trak/rat-trak/ros2_ws/install/motor_control_pkg/lib/python3.12/site-packages:${PYTHONPATH} /usr/bin/python3 -W ignore:setup.py install is deprecated setup.py egg_info --egg-base ../../build/motor_control_pkg build --build-base /home/rat-trak/rat-trak/ros2_ws/build/motor_control_pkg/build install --record /home/rat-trak/rat-trak/ros2_ws/build/motor_control_pkg/install.log --single-version-externally-managed install_data
