[0.420s] DEBUG:colcon:Command line arguments: ['/usr/bin/colcon', 'build', '--symlink-install']
[0.420s] DEBUG:colcon:Parsed command line arguments: Namespace(log_base=None, log_level=None, verb_name='build', build_base='build', install_base='install', merge_install=False, symlink_install=True, test_result_base=None, continue_on_error=False, executor='parallel', parallel_workers=16, event_handlers=None, ignore_user_meta=False, metas=['./colcon.meta'], base_paths=['.'], packages_ignore=None, packages_ignore_regex=None, paths=None, packages_up_to=None, packages_up_to_regex=None, packages_above=None, packages_above_and_dependencies=None, packages_above_depth=None, packages_select_by_dep=None, packages_skip_by_dep=None, packages_skip_up_to=None, packages_select_build_failed=False, packages_skip_build_finished=False, packages_select_test_failures=False, packages_skip_test_passed=False, packages_select=None, packages_skip=None, packages_select_regex=None, packages_skip_regex=None, packages_start=None, packages_end=None, allow_overriding=[], cmake_args=None, cmake_target=None, cmake_target_skip_unavailable=False, cmake_clean_cache=False, cmake_clean_first=False, cmake_force_configure=False, ament_cmake_args=None, catkin_cmake_args=None, catkin_skip_building_tests=False, mixin_files=None, mixin=None, verb_parser=<colcon_mixin.mixin.mixin_argument.MixinArgumentDecorator object at 0x7f7ad1702fc0>, verb_extension=<colcon_core.verb.build.BuildVerb object at 0x7f7ad16e4830>, main=<bound method BuildVerb.main of <colcon_core.verb.build.BuildVerb object at 0x7f7ad16e4830>>, mixin_verb=('build',))
[0.473s] Level 1:colcon.colcon_core.package_discovery:discover_packages(colcon_meta) check parameters
[0.474s] Level 1:colcon.colcon_core.package_discovery:discover_packages(recursive) check parameters
[0.474s] Level 1:colcon.colcon_core.package_discovery:discover_packages(ignore) check parameters
[0.474s] Level 1:colcon.colcon_core.package_discovery:discover_packages(path) check parameters
[0.474s] Level 1:colcon.colcon_core.package_discovery:discover_packages(colcon_meta) discover
[0.474s] Level 1:colcon.colcon_core.package_discovery:discover_packages(recursive) discover
[0.474s] INFO:colcon.colcon_core.package_discovery:Crawling recursively for packages in '/home/pullen65/rat-trak/ros2_ws'
[0.474s] Level 1:colcon.colcon_core.package_identification:_identify(.) by extensions ['ignore', 'ignore_ament_install']
[0.474s] Level 1:colcon.colcon_core.package_identification:_identify(.) by extension 'ignore'
[0.474s] Level 1:colcon.colcon_core.package_identification:_identify(.) by extension 'ignore_ament_install'
[0.475s] Level 1:colcon.colcon_core.package_identification:_identify(.) by extensions ['colcon_pkg']
[0.475s] Level 1:colcon.colcon_core.package_identification:_identify(.) by extension 'colcon_pkg'
[0.475s] Level 1:colcon.colcon_core.package_identification:_identify(.) by extensions ['colcon_meta']
[0.475s] Level 1:colcon.colcon_core.package_identification:_identify(.) by extension 'colcon_meta'
[0.475s] Level 1:colcon.colcon_core.package_identification:_identify(.) by extensions ['ros']
[0.475s] Level 1:colcon.colcon_core.package_identification:_identify(.) by extension 'ros'
[0.519s] Level 1:colcon.colcon_core.package_identification:_identify(.) by extensions ['cmake', 'python']
[0.519s] Level 1:colcon.colcon_core.package_identification:_identify(.) by extension 'cmake'
[0.519s] Level 1:colcon.colcon_core.package_identification:_identify(.) by extension 'python'
[0.519s] Level 1:colcon.colcon_core.package_identification:_identify(.) by extensions ['python_setup_py']
[0.519s] Level 1:colcon.colcon_core.package_identification:_identify(.) by extension 'python_setup_py'
[0.519s] Level 1:colcon.colcon_core.package_identification:_identify(build) by extensions ['ignore', 'ignore_ament_install']
[0.519s] Level 1:colcon.colcon_core.package_identification:_identify(build) by extension 'ignore'
[0.519s] Level 1:colcon.colcon_core.package_identification:_identify(build) ignored
[0.520s] Level 1:colcon.colcon_core.package_identification:_identify(install) by extensions ['ignore', 'ignore_ament_install']
[0.520s] Level 1:colcon.colcon_core.package_identification:_identify(install) by extension 'ignore'
[0.520s] Level 1:colcon.colcon_core.package_identification:_identify(install) ignored
[0.520s] Level 1:colcon.colcon_core.package_identification:_identify(log) by extensions ['ignore', 'ignore_ament_install']
[0.520s] Level 1:colcon.colcon_core.package_identification:_identify(log) by extension 'ignore'
[0.520s] Level 1:colcon.colcon_core.package_identification:_identify(log) ignored
[0.520s] Level 1:colcon.colcon_core.package_identification:_identify(src) by extensions ['ignore', 'ignore_ament_install']
[0.520s] Level 1:colcon.colcon_core.package_identification:_identify(src) by extension 'ignore'
[0.520s] Level 1:colcon.colcon_core.package_identification:_identify(src) by extension 'ignore_ament_install'
[0.520s] Level 1:colcon.colcon_core.package_identification:_identify(src) by extensions ['colcon_pkg']
[0.520s] Level 1:colcon.colcon_core.package_identification:_identify(src) by extension 'colcon_pkg'
[0.520s] Level 1:colcon.colcon_core.package_identification:_identify(src) by extensions ['colcon_meta']
[0.520s] Level 1:colcon.colcon_core.package_identification:_identify(src) by extension 'colcon_meta'
[0.520s] Level 1:colcon.colcon_core.package_identification:_identify(src) by extensions ['ros']
[0.521s] Level 1:colcon.colcon_core.package_identification:_identify(src) by extension 'ros'
[0.521s] Level 1:colcon.colcon_core.package_identification:_identify(src) by extensions ['cmake', 'python']
[0.521s] Level 1:colcon.colcon_core.package_identification:_identify(src) by extension 'cmake'
[0.521s] Level 1:colcon.colcon_core.package_identification:_identify(src) by extension 'python'
[0.521s] Level 1:colcon.colcon_core.package_identification:_identify(src) by extensions ['python_setup_py']
[0.521s] Level 1:colcon.colcon_core.package_identification:_identify(src) by extension 'python_setup_py'
[0.521s] Level 1:colcon.colcon_core.package_identification:_identify(src/image_pub) by extensions ['ignore', 'ignore_ament_install']
[0.521s] Level 1:colcon.colcon_core.package_identification:_identify(src/image_pub) by extension 'ignore'
[0.521s] Level 1:colcon.colcon_core.package_identification:_identify(src/image_pub) by extension 'ignore_ament_install'
[0.521s] Level 1:colcon.colcon_core.package_identification:_identify(src/image_pub) by extensions ['colcon_pkg']
[0.521s] Level 1:colcon.colcon_core.package_identification:_identify(src/image_pub) by extension 'colcon_pkg'
[0.521s] Level 1:colcon.colcon_core.package_identification:_identify(src/image_pub) by extensions ['colcon_meta']
[0.521s] Level 1:colcon.colcon_core.package_identification:_identify(src/image_pub) by extension 'colcon_meta'
[0.521s] Level 1:colcon.colcon_core.package_identification:_identify(src/image_pub) by extensions ['ros']
[0.521s] Level 1:colcon.colcon_core.package_identification:_identify(src/image_pub) by extension 'ros'
[0.524s] DEBUG:colcon.colcon_core.package_identification:Package 'src/image_pub' with type 'ros.ament_python' and name 'image_pub'
[0.525s] Level 1:colcon.colcon_core.package_identification:_identify(src/image_viewer) by extensions ['ignore', 'ignore_ament_install']
[0.525s] Level 1:colcon.colcon_core.package_identification:_identify(src/image_viewer) by extension 'ignore'
[0.525s] Level 1:colcon.colcon_core.package_identification:_identify(src/image_viewer) by extension 'ignore_ament_install'
[0.525s] Level 1:colcon.colcon_core.package_identification:_identify(src/image_viewer) by extensions ['colcon_pkg']
[0.525s] Level 1:colcon.colcon_core.package_identification:_identify(src/image_viewer) by extension 'colcon_pkg'
[0.525s] Level 1:colcon.colcon_core.package_identification:_identify(src/image_viewer) by extensions ['colcon_meta']
[0.525s] Level 1:colcon.colcon_core.package_identification:_identify(src/image_viewer) by extension 'colcon_meta'
[0.525s] Level 1:colcon.colcon_core.package_identification:_identify(src/image_viewer) by extensions ['ros']
[0.525s] Level 1:colcon.colcon_core.package_identification:_identify(src/image_viewer) by extension 'ros'
[0.526s] DEBUG:colcon.colcon_core.package_identification:Package 'src/image_viewer' with type 'ros.ament_python' and name 'image_viewer'
[0.526s] Level 1:colcon.colcon_core.package_identification:_identify(src/motor_control_pkg) by extensions ['ignore', 'ignore_ament_install']
[0.527s] Level 1:colcon.colcon_core.package_identification:_identify(src/motor_control_pkg) by extension 'ignore'
[0.527s] Level 1:colcon.colcon_core.package_identification:_identify(src/motor_control_pkg) by extension 'ignore_ament_install'
[0.527s] Level 1:colcon.colcon_core.package_identification:_identify(src/motor_control_pkg) by extensions ['colcon_pkg']
[0.527s] Level 1:colcon.colcon_core.package_identification:_identify(src/motor_control_pkg) by extension 'colcon_pkg'
[0.527s] Level 1:colcon.colcon_core.package_identification:_identify(src/motor_control_pkg) by extensions ['colcon_meta']
[0.527s] Level 1:colcon.colcon_core.package_identification:_identify(src/motor_control_pkg) by extension 'colcon_meta'
[0.527s] Level 1:colcon.colcon_core.package_identification:_identify(src/motor_control_pkg) by extensions ['ros']
[0.527s] Level 1:colcon.colcon_core.package_identification:_identify(src/motor_control_pkg) by extension 'ros'
[0.528s] DEBUG:colcon.colcon_core.package_identification:Package 'src/motor_control_pkg' with type 'ros.ament_python' and name 'motor_control_pkg'
[0.528s] Level 1:colcon.colcon_core.package_identification:_identify(src/rat_tracking) by extensions ['ignore', 'ignore_ament_install']
[0.528s] Level 1:colcon.colcon_core.package_identification:_identify(src/rat_tracking) by extension 'ignore'
[0.528s] Level 1:colcon.colcon_core.package_identification:_identify(src/rat_tracking) by extension 'ignore_ament_install'
[0.528s] Level 1:colcon.colcon_core.package_identification:_identify(src/rat_tracking) by extensions ['colcon_pkg']
[0.528s] Level 1:colcon.colcon_core.package_identification:_identify(src/rat_tracking) by extension 'colcon_pkg'
[0.528s] Level 1:colcon.colcon_core.package_identification:_identify(src/rat_tracking) by extensions ['colcon_meta']
[0.528s] Level 1:colcon.colcon_core.package_identification:_identify(src/rat_tracking) by extension 'colcon_meta'
[0.528s] Level 1:colcon.colcon_core.package_identification:_identify(src/rat_tracking) by extensions ['ros']
[0.528s] Level 1:colcon.colcon_core.package_identification:_identify(src/rat_tracking) by extension 'ros'
[0.529s] DEBUG:colcon.colcon_core.package_identification:Package 'src/rat_tracking' with type 'ros.ament_python' and name 'rat_tracking'
[0.529s] Level 1:colcon.colcon_core.package_discovery:discover_packages(recursive) using defaults
[0.529s] Level 1:colcon.colcon_core.package_discovery:discover_packages(ignore) discover
[0.530s] Level 1:colcon.colcon_core.package_discovery:discover_packages(ignore) using defaults
[0.530s] Level 1:colcon.colcon_core.package_discovery:discover_packages(path) discover
[0.530s] Level 1:colcon.colcon_core.package_discovery:discover_packages(path) using defaults
[0.555s] Level 1:colcon.colcon_core.package_discovery:discover_packages(prefix_path) check parameters
[0.555s] Level 1:colcon.colcon_core.package_discovery:discover_packages(prefix_path) discover
[0.558s] DEBUG:colcon.colcon_installed_package_information.package_discovery:Found 285 installed packages in /opt/ros/jazzy
[0.558s] Level 1:colcon.colcon_core.package_discovery:discover_packages(prefix_path) using defaults
[0.608s] Level 5:colcon.colcon_core.verb:set package 'image_pub' build argument 'cmake_args' from command line to 'None'
[0.608s] Level 5:colcon.colcon_core.verb:set package 'image_pub' build argument 'cmake_target' from command line to 'None'
[0.608s] Level 5:colcon.colcon_core.verb:set package 'image_pub' build argument 'cmake_target_skip_unavailable' from command line to 'False'
[0.608s] Level 5:colcon.colcon_core.verb:set package 'image_pub' build argument 'cmake_clean_cache' from command line to 'False'
[0.608s] Level 5:colcon.colcon_core.verb:set package 'image_pub' build argument 'cmake_clean_first' from command line to 'False'
[0.608s] Level 5:colcon.colcon_core.verb:set package 'image_pub' build argument 'cmake_force_configure' from command line to 'False'
[0.608s] Level 5:colcon.colcon_core.verb:set package 'image_pub' build argument 'ament_cmake_args' from command line to 'None'
[0.608s] Level 5:colcon.colcon_core.verb:set package 'image_pub' build argument 'catkin_cmake_args' from command line to 'None'
[0.609s] Level 5:colcon.colcon_core.verb:set package 'image_pub' build argument 'catkin_skip_building_tests' from command line to 'False'
[0.609s] DEBUG:colcon.colcon_core.verb:Building package 'image_pub' with the following arguments: {'ament_cmake_args': None, 'build_base': '/home/pullen65/rat-trak/ros2_ws/build/image_pub', 'catkin_cmake_args': None, 'catkin_skip_building_tests': False, 'cmake_args': None, 'cmake_clean_cache': False, 'cmake_clean_first': False, 'cmake_force_configure': False, 'cmake_target': None, 'cmake_target_skip_unavailable': False, 'install_base': '/home/pullen65/rat-trak/ros2_ws/install/image_pub', 'merge_install': False, 'path': '/home/pullen65/rat-trak/ros2_ws/src/image_pub', 'symlink_install': True, 'test_result_base': None}
[0.609s] Level 5:colcon.colcon_core.verb:set package 'image_viewer' build argument 'cmake_args' from command line to 'None'
[0.609s] Level 5:colcon.colcon_core.verb:set package 'image_viewer' build argument 'cmake_target' from command line to 'None'
[0.609s] Level 5:colcon.colcon_core.verb:set package 'image_viewer' build argument 'cmake_target_skip_unavailable' from command line to 'False'
[0.609s] Level 5:colcon.colcon_core.verb:set package 'image_viewer' build argument 'cmake_clean_cache' from command line to 'False'
[0.609s] Level 5:colcon.colcon_core.verb:set package 'image_viewer' build argument 'cmake_clean_first' from command line to 'False'
[0.609s] Level 5:colcon.colcon_core.verb:set package 'image_viewer' build argument 'cmake_force_configure' from command line to 'False'
[0.609s] Level 5:colcon.colcon_core.verb:set package 'image_viewer' build argument 'ament_cmake_args' from command line to 'None'
[0.609s] Level 5:colcon.colcon_core.verb:set package 'image_viewer' build argument 'catkin_cmake_args' from command line to 'None'
[0.609s] Level 5:colcon.colcon_core.verb:set package 'image_viewer' build argument 'catkin_skip_building_tests' from command line to 'False'
[0.609s] DEBUG:colcon.colcon_core.verb:Building package 'image_viewer' with the following arguments: {'ament_cmake_args': None, 'build_base': '/home/pullen65/rat-trak/ros2_ws/build/image_viewer', 'catkin_cmake_args': None, 'catkin_skip_building_tests': False, 'cmake_args': None, 'cmake_clean_cache': False, 'cmake_clean_first': False, 'cmake_force_configure': False, 'cmake_target': None, 'cmake_target_skip_unavailable': False, 'install_base': '/home/pullen65/rat-trak/ros2_ws/install/image_viewer', 'merge_install': False, 'path': '/home/pullen65/rat-trak/ros2_ws/src/image_viewer', 'symlink_install': True, 'test_result_base': None}
[0.610s] Level 5:colcon.colcon_core.verb:set package 'motor_control_pkg' build argument 'cmake_args' from command line to 'None'
[0.610s] Level 5:colcon.colcon_core.verb:set package 'motor_control_pkg' build argument 'cmake_target' from command line to 'None'
[0.610s] Level 5:colcon.colcon_core.verb:set package 'motor_control_pkg' build argument 'cmake_target_skip_unavailable' from command line to 'False'
[0.610s] Level 5:colcon.colcon_core.verb:set package 'motor_control_pkg' build argument 'cmake_clean_cache' from command line to 'False'
[0.610s] Level 5:colcon.colcon_core.verb:set package 'motor_control_pkg' build argument 'cmake_clean_first' from command line to 'False'
[0.610s] Level 5:colcon.colcon_core.verb:set package 'motor_control_pkg' build argument 'cmake_force_configure' from command line to 'False'
[0.610s] Level 5:colcon.colcon_core.verb:set package 'motor_control_pkg' build argument 'ament_cmake_args' from command line to 'None'
[0.610s] Level 5:colcon.colcon_core.verb:set package 'motor_control_pkg' build argument 'catkin_cmake_args' from command line to 'None'
[0.610s] Level 5:colcon.colcon_core.verb:set package 'motor_control_pkg' build argument 'catkin_skip_building_tests' from command line to 'False'
[0.610s] DEBUG:colcon.colcon_core.verb:Building package 'motor_control_pkg' with the following arguments: {'ament_cmake_args': None, 'build_base': '/home/pullen65/rat-trak/ros2_ws/build/motor_control_pkg', 'catkin_cmake_args': None, 'catkin_skip_building_tests': False, 'cmake_args': None, 'cmake_clean_cache': False, 'cmake_clean_first': False, 'cmake_force_configure': False, 'cmake_target': None, 'cmake_target_skip_unavailable': False, 'install_base': '/home/pullen65/rat-trak/ros2_ws/install/motor_control_pkg', 'merge_install': False, 'path': '/home/pullen65/rat-trak/ros2_ws/src/motor_control_pkg', 'symlink_install': True, 'test_result_base': None}
[0.610s] Level 5:colcon.colcon_core.verb:set package 'rat_tracking' build argument 'cmake_args' from command line to 'None'
[0.610s] Level 5:colcon.colcon_core.verb:set package 'rat_tracking' build argument 'cmake_target' from command line to 'None'
[0.610s] Level 5:colcon.colcon_core.verb:set package 'rat_tracking' build argument 'cmake_target_skip_unavailable' from command line to 'False'
[0.610s] Level 5:colcon.colcon_core.verb:set package 'rat_tracking' build argument 'cmake_clean_cache' from command line to 'False'
[0.610s] Level 5:colcon.colcon_core.verb:set package 'rat_tracking' build argument 'cmake_clean_first' from command line to 'False'
[0.610s] Level 5:colcon.colcon_core.verb:set package 'rat_tracking' build argument 'cmake_force_configure' from command line to 'False'
[0.610s] Level 5:colcon.colcon_core.verb:set package 'rat_tracking' build argument 'ament_cmake_args' from command line to 'None'
[0.610s] Level 5:colcon.colcon_core.verb:set package 'rat_tracking' build argument 'catkin_cmake_args' from command line to 'None'
[0.610s] Level 5:colcon.colcon_core.verb:set package 'rat_tracking' build argument 'catkin_skip_building_tests' from command line to 'False'
[0.610s] DEBUG:colcon.colcon_core.verb:Building package 'rat_tracking' with the following arguments: {'ament_cmake_args': None, 'build_base': '/home/pullen65/rat-trak/ros2_ws/build/rat_tracking', 'catkin_cmake_args': None, 'catkin_skip_building_tests': False, 'cmake_args': None, 'cmake_clean_cache': False, 'cmake_clean_first': False, 'cmake_force_configure': False, 'cmake_target': None, 'cmake_target_skip_unavailable': False, 'install_base': '/home/pullen65/rat-trak/ros2_ws/install/rat_tracking', 'merge_install': False, 'path': '/home/pullen65/rat-trak/ros2_ws/src/rat_tracking', 'symlink_install': True, 'test_result_base': None}
[0.610s] INFO:colcon.colcon_core.executor:Executing jobs using 'parallel' executor
[0.612s] DEBUG:colcon.colcon_parallel_executor.executor.parallel:run_until_complete
[0.612s] INFO:colcon.colcon_ros.task.ament_python.build:Building ROS package in '/home/pullen65/rat-trak/ros2_ws/src/image_pub' with build type 'ament_python'
[0.613s] Level 1:colcon.colcon_core.shell:create_environment_hook('image_pub', 'ament_prefix_path')
[0.615s] INFO:colcon.colcon_core.plugin_system:Skipping extension 'colcon_core.shell.bat': Not used on non-Windows systems
[0.615s] INFO:colcon.colcon_core.shell:Creating environment hook '/home/pullen65/rat-trak/ros2_ws/install/image_pub/share/image_pub/hook/ament_prefix_path.ps1'
[0.616s] INFO:colcon.colcon_core.shell:Creating environment descriptor '/home/pullen65/rat-trak/ros2_ws/install/image_pub/share/image_pub/hook/ament_prefix_path.dsv'
[0.617s] INFO:colcon.colcon_core.shell:Creating environment hook '/home/pullen65/rat-trak/ros2_ws/install/image_pub/share/image_pub/hook/ament_prefix_path.sh'
[0.617s] INFO:colcon.colcon_core.shell:Skip shell extension 'powershell' for command environment: Not usable outside of PowerShell
[0.617s] DEBUG:colcon.colcon_core.shell:Skip shell extension 'dsv' for command environment
[0.620s] INFO:colcon.colcon_ros.task.ament_python.build:Building ROS package in '/home/pullen65/rat-trak/ros2_ws/src/image_viewer' with build type 'ament_python'
[0.620s] Level 1:colcon.colcon_core.shell:create_environment_hook('image_viewer', 'ament_prefix_path')
[0.621s] INFO:colcon.colcon_core.shell:Creating environment hook '/home/pullen65/rat-trak/ros2_ws/install/image_viewer/share/image_viewer/hook/ament_prefix_path.ps1'
[0.621s] INFO:colcon.colcon_core.shell:Creating environment descriptor '/home/pullen65/rat-trak/ros2_ws/install/image_viewer/share/image_viewer/hook/ament_prefix_path.dsv'
[0.622s] INFO:colcon.colcon_core.shell:Creating environment hook '/home/pullen65/rat-trak/ros2_ws/install/image_viewer/share/image_viewer/hook/ament_prefix_path.sh'
[0.622s] INFO:colcon.colcon_core.shell:Skip shell extension 'powershell' for command environment: Not usable outside of PowerShell
[0.623s] DEBUG:colcon.colcon_core.shell:Skip shell extension 'dsv' for command environment
[0.625s] INFO:colcon.colcon_ros.task.ament_python.build:Building ROS package in '/home/pullen65/rat-trak/ros2_ws/src/motor_control_pkg' with build type 'ament_python'
[0.625s] Level 1:colcon.colcon_core.shell:create_environment_hook('motor_control_pkg', 'ament_prefix_path')
[0.626s] INFO:colcon.colcon_core.shell:Creating environment hook '/home/pullen65/rat-trak/ros2_ws/install/motor_control_pkg/share/motor_control_pkg/hook/ament_prefix_path.ps1'
[0.626s] INFO:colcon.colcon_core.shell:Creating environment descriptor '/home/pullen65/rat-trak/ros2_ws/install/motor_control_pkg/share/motor_control_pkg/hook/ament_prefix_path.dsv'
[0.627s] INFO:colcon.colcon_core.shell:Creating environment hook '/home/pullen65/rat-trak/ros2_ws/install/motor_control_pkg/share/motor_control_pkg/hook/ament_prefix_path.sh'
[0.627s] INFO:colcon.colcon_core.shell:Skip shell extension 'powershell' for command environment: Not usable outside of PowerShell
[0.627s] DEBUG:colcon.colcon_core.shell:Skip shell extension 'dsv' for command environment
[0.631s] INFO:colcon.colcon_ros.task.ament_python.build:Building ROS package in '/home/pullen65/rat-trak/ros2_ws/src/rat_tracking' with build type 'ament_python'
[0.632s] Level 1:colcon.colcon_core.shell:create_environment_hook('rat_tracking', 'ament_prefix_path')
[0.633s] INFO:colcon.colcon_core.shell:Creating environment hook '/home/pullen65/rat-trak/ros2_ws/install/rat_tracking/share/rat_tracking/hook/ament_prefix_path.ps1'
[0.636s] INFO:colcon.colcon_core.shell:Creating environment descriptor '/home/pullen65/rat-trak/ros2_ws/install/rat_tracking/share/rat_tracking/hook/ament_prefix_path.dsv'
[0.637s] INFO:colcon.colcon_core.shell:Creating environment hook '/home/pullen65/rat-trak/ros2_ws/install/rat_tracking/share/rat_tracking/hook/ament_prefix_path.sh'
[0.639s] INFO:colcon.colcon_core.shell:Skip shell extension 'powershell' for command environment: Not usable outside of PowerShell
[0.639s] DEBUG:colcon.colcon_core.shell:Skip shell extension 'dsv' for command environment
[0.986s] INFO:colcon.colcon_core.task.python.build:Building Python package in '/home/pullen65/rat-trak/ros2_ws/src/image_pub'
[0.986s] INFO:colcon.colcon_core.shell:Skip shell extension 'powershell' for command environment: Not usable outside of PowerShell
[0.986s] DEBUG:colcon.colcon_core.shell:Skip shell extension 'dsv' for command environment
[1.279s] INFO:colcon.colcon_core.task.python.build:Building Python package in '/home/pullen65/rat-trak/ros2_ws/src/image_viewer'
[1.279s] INFO:colcon.colcon_core.shell:Skip shell extension 'powershell' for command environment: Not usable outside of PowerShell
[1.279s] DEBUG:colcon.colcon_core.shell:Skip shell extension 'dsv' for command environment
[1.527s] INFO:colcon.colcon_core.task.python.build:Building Python package in '/home/pullen65/rat-trak/ros2_ws/src/motor_control_pkg'
[1.528s] INFO:colcon.colcon_core.shell:Skip shell extension 'powershell' for command environment: Not usable outside of PowerShell
[1.528s] DEBUG:colcon.colcon_core.shell:Skip shell extension 'dsv' for command environment
[1.782s] INFO:colcon.colcon_core.task.python.build:Building Python package in '/home/pullen65/rat-trak/ros2_ws/src/rat_tracking'
[1.782s] INFO:colcon.colcon_core.shell:Skip shell extension 'powershell' for command environment: Not usable outside of PowerShell
[1.782s] DEBUG:colcon.colcon_core.shell:Skip shell extension 'dsv' for command environment
[2.553s] DEBUG:colcon.colcon_core.task.python.build:While undoing a previous installation files outside the Python library path are being ignored: /home/pullen65/rat-trak/ros2_ws/install/motor_control_pkg/share/ament_index/resource_index/packages/motor_control_pkg
[2.553s] DEBUG:colcon.colcon_core.task.python.build:While undoing a previous installation files outside the Python library path are being ignored: /home/pullen65/rat-trak/ros2_ws/install/motor_control_pkg/share/motor_control_pkg/package.xml
[2.553s] DEBUG:colcon.colcon_core.task.python.build:While undoing a previous installation files outside the Python library path are being ignored: /home/pullen65/rat-trak/ros2_ws/install/motor_control_pkg/lib/motor_control_pkg/pwm_controller
[2.562s] DEBUG:colcon.colcon_core.event_handler.log_command:Invoking command in '/home/pullen65/rat-trak/ros2_ws/build/motor_control_pkg': PYTHONPATH=/home/pullen65/rat-trak/ros2_ws/build/motor_control_pkg/prefix_override:/usr/lib/python3/dist-packages/colcon_core/task/python/colcon_distutils_commands:/home/pullen65/rat-trak/ros2_ws/install/motor_control_pkg/lib/python3.12/site-packages:${PYTHONPATH} /usr/bin/python3 -W ignore:setup.py install is deprecated setup.py develop --editable --build-directory /home/pullen65/rat-trak/ros2_ws/build/motor_control_pkg/build --no-deps symlink_data --force
[2.564s] DEBUG:colcon.colcon_core.task.python.build:While undoing a previous installation files outside the Python library path are being ignored: /home/pullen65/rat-trak/ros2_ws/install/image_viewer/share/ament_index/resource_index/packages/image_viewer
[2.564s] DEBUG:colcon.colcon_core.task.python.build:While undoing a previous installation files outside the Python library path are being ignored: /home/pullen65/rat-trak/ros2_ws/install/image_viewer/share/image_viewer/package.xml
[2.564s] DEBUG:colcon.colcon_core.task.python.build:While undoing a previous installation files outside the Python library path are being ignored: /home/pullen65/rat-trak/ros2_ws/install/image_viewer/lib/image_viewer/image_viewer
[2.569s] DEBUG:colcon.colcon_core.event_handler.log_command:Invoking command in '/home/pullen65/rat-trak/ros2_ws/build/image_viewer': PYTHONPATH=/home/pullen65/rat-trak/ros2_ws/build/image_viewer/prefix_override:/usr/lib/python3/dist-packages/colcon_core/task/python/colcon_distutils_commands:/home/pullen65/rat-trak/ros2_ws/install/image_viewer/lib/python3.12/site-packages:${PYTHONPATH} /usr/bin/python3 -W ignore:setup.py install is deprecated setup.py develop --editable --build-directory /home/pullen65/rat-trak/ros2_ws/build/image_viewer/build --no-deps symlink_data --force
[2.570s] DEBUG:colcon.colcon_core.task.python.build:While undoing a previous installation files outside the Python library path are being ignored: /home/pullen65/rat-trak/ros2_ws/install/image_pub/share/ament_index/resource_index/packages/image_pub
[2.570s] DEBUG:colcon.colcon_core.task.python.build:While undoing a previous installation files outside the Python library path are being ignored: /home/pullen65/rat-trak/ros2_ws/install/image_pub/share/image_pub/package.xml
[2.570s] DEBUG:colcon.colcon_core.task.python.build:While undoing a previous installation files outside the Python library path are being ignored: /home/pullen65/rat-trak/ros2_ws/install/image_pub/lib/image_pub/image_publisher
[2.574s] DEBUG:colcon.colcon_core.event_handler.log_command:Invoking command in '/home/pullen65/rat-trak/ros2_ws/build/image_pub': PYTHONPATH=/home/pullen65/rat-trak/ros2_ws/build/image_pub/prefix_override:/usr/lib/python3/dist-packages/colcon_core/task/python/colcon_distutils_commands:/home/pullen65/rat-trak/ros2_ws/install/image_pub/lib/python3.12/site-packages:${PYTHONPATH} /usr/bin/python3 -W ignore:setup.py install is deprecated setup.py develop --editable --build-directory /home/pullen65/rat-trak/ros2_ws/build/image_pub/build --no-deps symlink_data --force
[2.579s] DEBUG:colcon.colcon_core.event_handler.log_command:Invoking command in '/home/pullen65/rat-trak/ros2_ws/build/rat_tracking': PYTHONPATH=/home/pullen65/rat-trak/ros2_ws/build/rat_tracking/prefix_override:/usr/lib/python3/dist-packages/colcon_core/task/python/colcon_distutils_commands:/home/pullen65/rat-trak/ros2_ws/install/rat_tracking/lib/python3.12/site-packages:${PYTHONPATH} /usr/bin/python3 -W ignore:setup.py install is deprecated setup.py develop --editable --build-directory /home/pullen65/rat-trak/ros2_ws/build/rat_tracking/build --no-deps symlink_data
[3.371s] Level 1:colcon.colcon_core.shell:create_environment_hook('image_viewer', 'pythonpath_develop')
[3.371s] INFO:colcon.colcon_core.shell:Creating environment hook '/home/pullen65/rat-trak/ros2_ws/build/image_viewer/share/image_viewer/hook/pythonpath_develop.ps1'
[3.373s] DEBUG:colcon.colcon_core.event_handler.log_command:Invoked command in '/home/pullen65/rat-trak/ros2_ws/build/image_viewer' returned '0': PYTHONPATH=/home/pullen65/rat-trak/ros2_ws/build/image_viewer/prefix_override:/usr/lib/python3/dist-packages/colcon_core/task/python/colcon_distutils_commands:/home/pullen65/rat-trak/ros2_ws/install/image_viewer/lib/python3.12/site-packages:${PYTHONPATH} /usr/bin/python3 -W ignore:setup.py install is deprecated setup.py develop --editable --build-directory /home/pullen65/rat-trak/ros2_ws/build/image_viewer/build --no-deps symlink_data --force
[3.373s] INFO:colcon.colcon_core.shell:Creating environment descriptor '/home/pullen65/rat-trak/ros2_ws/build/image_viewer/share/image_viewer/hook/pythonpath_develop.dsv'
[3.374s] INFO:colcon.colcon_core.shell:Creating environment hook '/home/pullen65/rat-trak/ros2_ws/build/image_viewer/share/image_viewer/hook/pythonpath_develop.sh'
[3.378s] Level 1:colcon.colcon_core.environment:checking '/home/pullen65/rat-trak/ros2_ws/install/image_viewer' for CMake module files
[3.379s] Level 1:colcon.colcon_core.environment:checking '/home/pullen65/rat-trak/ros2_ws/install/image_viewer' for CMake config files
[3.380s] Level 1:colcon.colcon_core.environment:checking '/home/pullen65/rat-trak/ros2_ws/install/image_viewer/lib'
[3.380s] Level 1:colcon.colcon_core.environment:checking '/home/pullen65/rat-trak/ros2_ws/install/image_viewer/bin'
[3.380s] Level 1:colcon.colcon_core.environment:checking '/home/pullen65/rat-trak/ros2_ws/install/image_viewer/lib/pkgconfig/image_viewer.pc'
[3.381s] Level 1:colcon.colcon_core.environment:checking '/home/pullen65/rat-trak/ros2_ws/install/image_viewer/lib/python3.12/site-packages'
[3.381s] Level 1:colcon.colcon_core.shell:create_environment_hook('image_viewer', 'pythonpath')
[3.382s] INFO:colcon.colcon_core.shell:Creating environment hook '/home/pullen65/rat-trak/ros2_ws/install/image_viewer/share/image_viewer/hook/pythonpath.ps1'
[3.383s] INFO:colcon.colcon_core.shell:Creating environment descriptor '/home/pullen65/rat-trak/ros2_ws/install/image_viewer/share/image_viewer/hook/pythonpath.dsv'
[3.383s] INFO:colcon.colcon_core.shell:Creating environment hook '/home/pullen65/rat-trak/ros2_ws/install/image_viewer/share/image_viewer/hook/pythonpath.sh'
[3.385s] Level 1:colcon.colcon_core.environment:checking '/home/pullen65/rat-trak/ros2_ws/install/image_viewer/bin'
[3.385s] Level 1:colcon.colcon_core.environment:create_environment_scripts_only(image_viewer)
[3.385s] INFO:colcon.colcon_core.shell:Creating package script '/home/pullen65/rat-trak/ros2_ws/install/image_viewer/share/image_viewer/package.ps1'
[3.387s] INFO:colcon.colcon_core.shell:Creating package descriptor '/home/pullen65/rat-trak/ros2_ws/install/image_viewer/share/image_viewer/package.dsv'
[3.389s] INFO:colcon.colcon_core.shell:Creating package script '/home/pullen65/rat-trak/ros2_ws/install/image_viewer/share/image_viewer/package.sh'
[3.390s] INFO:colcon.colcon_core.shell:Creating package script '/home/pullen65/rat-trak/ros2_ws/install/image_viewer/share/image_viewer/package.bash'
[3.391s] INFO:colcon.colcon_core.shell:Creating package script '/home/pullen65/rat-trak/ros2_ws/install/image_viewer/share/image_viewer/package.zsh'
[3.392s] Level 1:colcon.colcon_core.environment:create_file_with_runtime_dependencies(/home/pullen65/rat-trak/ros2_ws/install/image_viewer/share/colcon-core/packages/image_viewer)
[3.393s] Level 1:colcon.colcon_core.shell:create_environment_hook('image_pub', 'pythonpath_develop')
[3.394s] INFO:colcon.colcon_core.shell:Creating environment hook '/home/pullen65/rat-trak/ros2_ws/build/image_pub/share/image_pub/hook/pythonpath_develop.ps1'
[3.395s] DEBUG:colcon.colcon_core.event_handler.log_command:Invoked command in '/home/pullen65/rat-trak/ros2_ws/build/image_pub' returned '0': PYTHONPATH=/home/pullen65/rat-trak/ros2_ws/build/image_pub/prefix_override:/usr/lib/python3/dist-packages/colcon_core/task/python/colcon_distutils_commands:/home/pullen65/rat-trak/ros2_ws/install/image_pub/lib/python3.12/site-packages:${PYTHONPATH} /usr/bin/python3 -W ignore:setup.py install is deprecated setup.py develop --editable --build-directory /home/pullen65/rat-trak/ros2_ws/build/image_pub/build --no-deps symlink_data --force
[3.396s] INFO:colcon.colcon_core.shell:Creating environment descriptor '/home/pullen65/rat-trak/ros2_ws/build/image_pub/share/image_pub/hook/pythonpath_develop.dsv'
[3.396s] INFO:colcon.colcon_core.shell:Creating environment hook '/home/pullen65/rat-trak/ros2_ws/build/image_pub/share/image_pub/hook/pythonpath_develop.sh'
[3.397s] Level 1:colcon.colcon_core.environment:checking '/home/pullen65/rat-trak/ros2_ws/install/image_pub' for CMake module files
[3.397s] Level 1:colcon.colcon_core.environment:checking '/home/pullen65/rat-trak/ros2_ws/install/image_pub' for CMake config files
[3.398s] Level 1:colcon.colcon_core.environment:checking '/home/pullen65/rat-trak/ros2_ws/install/image_pub/lib'
[3.398s] Level 1:colcon.colcon_core.environment:checking '/home/pullen65/rat-trak/ros2_ws/install/image_pub/bin'
[3.398s] Level 1:colcon.colcon_core.environment:checking '/home/pullen65/rat-trak/ros2_ws/install/image_pub/lib/pkgconfig/image_pub.pc'
[3.398s] Level 1:colcon.colcon_core.environment:checking '/home/pullen65/rat-trak/ros2_ws/install/image_pub/lib/python3.12/site-packages'
[3.398s] Level 1:colcon.colcon_core.shell:create_environment_hook('image_pub', 'pythonpath')
[3.399s] INFO:colcon.colcon_core.shell:Creating environment hook '/home/pullen65/rat-trak/ros2_ws/install/image_pub/share/image_pub/hook/pythonpath.ps1'
[3.399s] INFO:colcon.colcon_core.shell:Creating environment descriptor '/home/pullen65/rat-trak/ros2_ws/install/image_pub/share/image_pub/hook/pythonpath.dsv'
[3.399s] INFO:colcon.colcon_core.shell:Creating environment hook '/home/pullen65/rat-trak/ros2_ws/install/image_pub/share/image_pub/hook/pythonpath.sh'
[3.400s] Level 1:colcon.colcon_core.environment:checking '/home/pullen65/rat-trak/ros2_ws/install/image_pub/bin'
[3.401s] Level 1:colcon.colcon_core.environment:create_environment_scripts_only(image_pub)
[3.401s] INFO:colcon.colcon_core.shell:Creating package script '/home/pullen65/rat-trak/ros2_ws/install/image_pub/share/image_pub/package.ps1'
[3.401s] INFO:colcon.colcon_core.shell:Creating package descriptor '/home/pullen65/rat-trak/ros2_ws/install/image_pub/share/image_pub/package.dsv'
[3.402s] INFO:colcon.colcon_core.shell:Creating package script '/home/pullen65/rat-trak/ros2_ws/install/image_pub/share/image_pub/package.sh'
[3.402s] INFO:colcon.colcon_core.shell:Creating package script '/home/pullen65/rat-trak/ros2_ws/install/image_pub/share/image_pub/package.bash'
[3.403s] INFO:colcon.colcon_core.shell:Creating package script '/home/pullen65/rat-trak/ros2_ws/install/image_pub/share/image_pub/package.zsh'
[3.403s] Level 1:colcon.colcon_core.environment:create_file_with_runtime_dependencies(/home/pullen65/rat-trak/ros2_ws/install/image_pub/share/colcon-core/packages/image_pub)
[3.405s] Level 1:colcon.colcon_core.shell:create_environment_hook('motor_control_pkg', 'pythonpath_develop')
[3.405s] INFO:colcon.colcon_core.shell:Creating environment hook '/home/pullen65/rat-trak/ros2_ws/build/motor_control_pkg/share/motor_control_pkg/hook/pythonpath_develop.ps1'
[3.406s] DEBUG:colcon.colcon_core.event_handler.log_command:Invoked command in '/home/pullen65/rat-trak/ros2_ws/build/motor_control_pkg' returned '0': PYTHONPATH=/home/pullen65/rat-trak/ros2_ws/build/motor_control_pkg/prefix_override:/usr/lib/python3/dist-packages/colcon_core/task/python/colcon_distutils_commands:/home/pullen65/rat-trak/ros2_ws/install/motor_control_pkg/lib/python3.12/site-packages:${PYTHONPATH} /usr/bin/python3 -W ignore:setup.py install is deprecated setup.py develop --editable --build-directory /home/pullen65/rat-trak/ros2_ws/build/motor_control_pkg/build --no-deps symlink_data --force
[3.407s] INFO:colcon.colcon_core.shell:Creating environment descriptor '/home/pullen65/rat-trak/ros2_ws/build/motor_control_pkg/share/motor_control_pkg/hook/pythonpath_develop.dsv'
[3.407s] INFO:colcon.colcon_core.shell:Creating environment hook '/home/pullen65/rat-trak/ros2_ws/build/motor_control_pkg/share/motor_control_pkg/hook/pythonpath_develop.sh'
[3.408s] Level 1:colcon.colcon_core.environment:checking '/home/pullen65/rat-trak/ros2_ws/install/motor_control_pkg' for CMake module files
[3.408s] Level 1:colcon.colcon_core.environment:checking '/home/pullen65/rat-trak/ros2_ws/install/motor_control_pkg' for CMake config files
[3.409s] Level 1:colcon.colcon_core.environment:checking '/home/pullen65/rat-trak/ros2_ws/install/motor_control_pkg/lib'
[3.409s] Level 1:colcon.colcon_core.environment:checking '/home/pullen65/rat-trak/ros2_ws/install/motor_control_pkg/bin'
[3.409s] Level 1:colcon.colcon_core.environment:checking '/home/pullen65/rat-trak/ros2_ws/install/motor_control_pkg/lib/pkgconfig/motor_control_pkg.pc'
[3.409s] Level 1:colcon.colcon_core.environment:checking '/home/pullen65/rat-trak/ros2_ws/install/motor_control_pkg/lib/python3.12/site-packages'
[3.409s] Level 1:colcon.colcon_core.shell:create_environment_hook('motor_control_pkg', 'pythonpath')
[3.409s] INFO:colcon.colcon_core.shell:Creating environment hook '/home/pullen65/rat-trak/ros2_ws/install/motor_control_pkg/share/motor_control_pkg/hook/pythonpath.ps1'
[3.410s] INFO:colcon.colcon_core.shell:Creating environment descriptor '/home/pullen65/rat-trak/ros2_ws/install/motor_control_pkg/share/motor_control_pkg/hook/pythonpath.dsv'
[3.410s] INFO:colcon.colcon_core.shell:Creating environment hook '/home/pullen65/rat-trak/ros2_ws/install/motor_control_pkg/share/motor_control_pkg/hook/pythonpath.sh'
[3.411s] Level 1:colcon.colcon_core.environment:checking '/home/pullen65/rat-trak/ros2_ws/install/motor_control_pkg/bin'
[3.411s] Level 1:colcon.colcon_core.environment:create_environment_scripts_only(motor_control_pkg)
[3.412s] INFO:colcon.colcon_core.shell:Creating package script '/home/pullen65/rat-trak/ros2_ws/install/motor_control_pkg/share/motor_control_pkg/package.ps1'
[3.413s] INFO:colcon.colcon_core.shell:Creating package descriptor '/home/pullen65/rat-trak/ros2_ws/install/motor_control_pkg/share/motor_control_pkg/package.dsv'
[3.415s] INFO:colcon.colcon_core.shell:Creating package script '/home/pullen65/rat-trak/ros2_ws/install/motor_control_pkg/share/motor_control_pkg/package.sh'
[3.416s] INFO:colcon.colcon_core.shell:Creating package script '/home/pullen65/rat-trak/ros2_ws/install/motor_control_pkg/share/motor_control_pkg/package.bash'
[3.417s] INFO:colcon.colcon_core.shell:Creating package script '/home/pullen65/rat-trak/ros2_ws/install/motor_control_pkg/share/motor_control_pkg/package.zsh'
[3.417s] Level 1:colcon.colcon_core.environment:create_file_with_runtime_dependencies(/home/pullen65/rat-trak/ros2_ws/install/motor_control_pkg/share/colcon-core/packages/motor_control_pkg)
[3.426s] Level 1:colcon.colcon_core.shell:create_environment_hook('rat_tracking', 'pythonpath_develop')
[3.427s] INFO:colcon.colcon_core.shell:Creating environment hook '/home/pullen65/rat-trak/ros2_ws/build/rat_tracking/share/rat_tracking/hook/pythonpath_develop.ps1'
[3.428s] DEBUG:colcon.colcon_core.event_handler.log_command:Invoked command in '/home/pullen65/rat-trak/ros2_ws/build/rat_tracking' returned '0': PYTHONPATH=/home/pullen65/rat-trak/ros2_ws/build/rat_tracking/prefix_override:/usr/lib/python3/dist-packages/colcon_core/task/python/colcon_distutils_commands:/home/pullen65/rat-trak/ros2_ws/install/rat_tracking/lib/python3.12/site-packages:${PYTHONPATH} /usr/bin/python3 -W ignore:setup.py install is deprecated setup.py develop --editable --build-directory /home/pullen65/rat-trak/ros2_ws/build/rat_tracking/build --no-deps symlink_data
[3.428s] INFO:colcon.colcon_core.shell:Creating environment descriptor '/home/pullen65/rat-trak/ros2_ws/build/rat_tracking/share/rat_tracking/hook/pythonpath_develop.dsv'
[3.429s] INFO:colcon.colcon_core.shell:Creating environment hook '/home/pullen65/rat-trak/ros2_ws/build/rat_tracking/share/rat_tracking/hook/pythonpath_develop.sh'
[3.430s] Level 1:colcon.colcon_core.environment:checking '/home/pullen65/rat-trak/ros2_ws/install/rat_tracking' for CMake module files
[3.430s] Level 1:colcon.colcon_core.environment:checking '/home/pullen65/rat-trak/ros2_ws/install/rat_tracking' for CMake config files
[3.431s] Level 1:colcon.colcon_core.environment:checking '/home/pullen65/rat-trak/ros2_ws/install/rat_tracking/lib'
[3.431s] Level 1:colcon.colcon_core.environment:checking '/home/pullen65/rat-trak/ros2_ws/install/rat_tracking/bin'
[3.431s] Level 1:colcon.colcon_core.environment:checking '/home/pullen65/rat-trak/ros2_ws/install/rat_tracking/lib/pkgconfig/rat_tracking.pc'
[3.431s] Level 1:colcon.colcon_core.environment:checking '/home/pullen65/rat-trak/ros2_ws/install/rat_tracking/lib/python3.12/site-packages'
[3.431s] Level 1:colcon.colcon_core.shell:create_environment_hook('rat_tracking', 'pythonpath')
[3.431s] INFO:colcon.colcon_core.shell:Creating environment hook '/home/pullen65/rat-trak/ros2_ws/install/rat_tracking/share/rat_tracking/hook/pythonpath.ps1'
[3.432s] INFO:colcon.colcon_core.shell:Creating environment descriptor '/home/pullen65/rat-trak/ros2_ws/install/rat_tracking/share/rat_tracking/hook/pythonpath.dsv'
[3.432s] INFO:colcon.colcon_core.shell:Creating environment hook '/home/pullen65/rat-trak/ros2_ws/install/rat_tracking/share/rat_tracking/hook/pythonpath.sh'
[3.433s] Level 1:colcon.colcon_core.environment:checking '/home/pullen65/rat-trak/ros2_ws/install/rat_tracking/bin'
[3.433s] Level 1:colcon.colcon_core.environment:create_environment_scripts_only(rat_tracking)
[3.433s] INFO:colcon.colcon_core.shell:Creating package script '/home/pullen65/rat-trak/ros2_ws/install/rat_tracking/share/rat_tracking/package.ps1'
[3.434s] INFO:colcon.colcon_core.shell:Creating package descriptor '/home/pullen65/rat-trak/ros2_ws/install/rat_tracking/share/rat_tracking/package.dsv'
[3.434s] INFO:colcon.colcon_core.shell:Creating package script '/home/pullen65/rat-trak/ros2_ws/install/rat_tracking/share/rat_tracking/package.sh'
[3.435s] INFO:colcon.colcon_core.shell:Creating package script '/home/pullen65/rat-trak/ros2_ws/install/rat_tracking/share/rat_tracking/package.bash'
[3.435s] INFO:colcon.colcon_core.shell:Creating package script '/home/pullen65/rat-trak/ros2_ws/install/rat_tracking/share/rat_tracking/package.zsh'
[3.435s] Level 1:colcon.colcon_core.environment:create_file_with_runtime_dependencies(/home/pullen65/rat-trak/ros2_ws/install/rat_tracking/share/colcon-core/packages/rat_tracking)
[3.436s] DEBUG:colcon.colcon_parallel_executor.executor.parallel:closing loop
[3.437s] DEBUG:colcon.colcon_parallel_executor.executor.parallel:loop closed
[3.438s] DEBUG:colcon.colcon_parallel_executor.executor.parallel:run_until_complete finished with '0'
[3.438s] DEBUG:colcon.colcon_core.event_reactor:joining thread
[3.574s] INFO:colcon.colcon_core.plugin_system:Skipping extension 'colcon_notification.desktop_notification.notify_send': Could not find 'notify-send'
[3.575s] INFO:colcon.colcon_core.plugin_system:Skipping extension 'colcon_notification.desktop_notification.terminal_notifier': Not used on non-Darwin systems
[3.575s] INFO:colcon.colcon_core.plugin_system:Skipping extension 'colcon_notification.desktop_notification.win32': Not used on non-Windows systems
[3.575s] INFO:colcon.colcon_notification.desktop_notification:Sending desktop notification using 'notify2'
[3.578s] DEBUG:colcon.colcon_notification.desktop_notification.notify2:Failed to initialize notify2: org.freedesktop.DBus.Error.ServiceUnknown: The name org.freedesktop.Notifications was not provided by any .service files
[3.578s] DEBUG:colcon.colcon_core.event_reactor:joined thread
[3.579s] INFO:colcon.colcon_core.shell:Creating prefix script '/home/pullen65/rat-trak/ros2_ws/install/local_setup.ps1'
[3.580s] INFO:colcon.colcon_core.shell:Creating prefix util module '/home/pullen65/rat-trak/ros2_ws/install/_local_setup_util_ps1.py'
[3.582s] INFO:colcon.colcon_core.shell:Creating prefix chain script '/home/pullen65/rat-trak/ros2_ws/install/setup.ps1'
[3.583s] INFO:colcon.colcon_core.shell:Creating prefix script '/home/pullen65/rat-trak/ros2_ws/install/local_setup.sh'
[3.584s] INFO:colcon.colcon_core.shell:Creating prefix util module '/home/pullen65/rat-trak/ros2_ws/install/_local_setup_util_sh.py'
[3.584s] INFO:colcon.colcon_core.shell:Creating prefix chain script '/home/pullen65/rat-trak/ros2_ws/install/setup.sh'
[3.586s] INFO:colcon.colcon_core.shell:Creating prefix script '/home/pullen65/rat-trak/ros2_ws/install/local_setup.bash'
[3.586s] INFO:colcon.colcon_core.shell:Creating prefix chain script '/home/pullen65/rat-trak/ros2_ws/install/setup.bash'
[3.587s] INFO:colcon.colcon_core.shell:Creating prefix script '/home/pullen65/rat-trak/ros2_ws/install/local_setup.zsh'
[3.588s] INFO:colcon.colcon_core.shell:Creating prefix chain script '/home/pullen65/rat-trak/ros2_ws/install/setup.zsh'
