[1.297s] Invoking command in '/home/pullen65/rat-trak/ros2_ws/src/image_pub': PYTHONPATH=/home/pullen65/rat-trak/ros2_ws/build/image_pub/prefix_override:/usr/lib/python3/dist-packages/colcon_core/task/python/colcon_distutils_commands:/home/pullen65/rat-trak/ros2_ws/install/image_pub/lib/python3.12/site-packages: /usr/bin/python3 -W ignore:setup.py install is deprecated setup.py egg_info --egg-base ../../build/image_pub build --build-base /home/pullen65/rat-trak/ros2_ws/build/image_pub/build install --record /home/pullen65/rat-trak/ros2_ws/build/image_pub/install.log --single-version-externally-managed install_data
[1.555s] running egg_info
[1.573s] writing ../../build/image_pub/image_pub.egg-info/PKG-INFO
[1.573s] writing dependency_links to ../../build/image_pub/image_pub.egg-info/dependency_links.txt
[1.573s] writing entry points to ../../build/image_pub/image_pub.egg-info/entry_points.txt
[1.574s] writing requirements to ../../build/image_pub/image_pub.egg-info/requires.txt
[1.574s] writing top-level names to ../../build/image_pub/image_pub.egg-info/top_level.txt
[1.608s] reading manifest file '../../build/image_pub/image_pub.egg-info/SOURCES.txt'
[1.609s] writing manifest file '../../build/image_pub/image_pub.egg-info/SOURCES.txt'
[1.610s] running build
[1.610s] running build_py
[1.610s] running install
[1.620s] running install_lib
[1.641s] running install_data
[1.641s] running install_egg_info
[1.662s] removing '/home/pullen65/rat-trak/ros2_ws/install/image_pub/lib/python3.12/site-packages/image_pub-0.0.0-py3.12.egg-info' (and everything under it)
[1.662s] Copying ../../build/image_pub/image_pub.egg-info to /home/pullen65/rat-trak/ros2_ws/install/image_pub/lib/python3.12/site-packages/image_pub-0.0.0-py3.12.egg-info
[1.664s] running install_scripts
[1.776s] Installing image_publisher script to /home/pullen65/rat-trak/ros2_ws/install/image_pub/lib/image_pub
[1.776s] writing list of installed files to '/home/pullen65/rat-trak/ros2_ws/build/image_pub/install.log'
[1.849s] Invoked command in '/home/pullen65/rat-trak/ros2_ws/src/image_pub' returned '0': PYTHONPATH=/home/pullen65/rat-trak/ros2_ws/build/image_pub/prefix_override:/usr/lib/python3/dist-packages/colcon_core/task/python/colcon_distutils_commands:/home/pullen65/rat-trak/ros2_ws/install/image_pub/lib/python3.12/site-packages: /usr/bin/python3 -W ignore:setup.py install is deprecated setup.py egg_info --egg-base ../../build/image_pub build --build-base /home/pullen65/rat-trak/ros2_ws/build/image_pub/build install --record /home/pullen65/rat-trak/ros2_ws/build/image_pub/install.log --single-version-externally-managed install_data
