running develop
/usr/lib/python3/dist-packages/setuptools/command/develop.py:40: EasyInstallDeprecationWarning: easy_install command is deprecated.
!!

        ********************************************************************************
        Please avoid running ``setup.py`` and ``easy_install``.
        Instead, use pypa/build, pypa/installer or other
        standards-based tools.

        See https://github.com/pypa/setuptools/issues/917 for details.
        ********************************************************************************

!!
  easy_install.initialize_options(self)
Removing /home/pullen65/rat-trak/ros2_ws/install/rat_tracking/lib/python3.12/site-packages/rat-tracking.egg-link (link to .)
running egg_info
writing ../../build/rat_tracking/rat_tracking.egg-info/PKG-INFO
writing dependency_links to ../../build/rat_tracking/rat_tracking.egg-info/dependency_links.txt
writing entry points to ../../build/rat_tracking/rat_tracking.egg-info/entry_points.txt
writing requirements to ../../build/rat_tracking/rat_tracking.egg-info/requires.txt
writing top-level names to ../../build/rat_tracking/rat_tracking.egg-info/top_level.txt
reading manifest file '../../build/rat_tracking/rat_tracking.egg-info/SOURCES.txt'
writing manifest file '../../build/rat_tracking/rat_tracking.egg-info/SOURCES.txt'
running build
running build_py
creating /home/pullen65/rat-trak/ros2_ws/build/rat_tracking/build
creating /home/pullen65/rat-trak/ros2_ws/build/rat_tracking/build/lib
creating /home/pullen65/rat-trak/ros2_ws/build/rat_tracking/build/lib/rat_tracking
copying rat_tracking/__init__.py -> /home/pullen65/rat-trak/ros2_ws/build/rat_tracking/build/lib/rat_tracking
running install
running install_lib
creating /home/pullen65/rat-trak/ros2_ws/install/rat_tracking/lib/python3.12/site-packages/rat_tracking
copying /home/pullen65/rat-trak/ros2_ws/build/rat_tracking/build/lib/rat_tracking/__init__.py -> /home/pullen65/rat-trak/ros2_ws/install/rat_tracking/lib/python3.12/site-packages/rat_tracking
byte-compiling /home/pullen65/rat-trak/ros2_ws/install/rat_tracking/lib/python3.12/site-packages/rat_tracking/__init__.py to __init__.cpython-312.pyc
running install_data
copying resource/rat_tracking -> /home/pullen65/rat-trak/ros2_ws/install/rat_tracking/share/ament_index/resource_index/packages
copying package.xml -> /home/pullen65/rat-trak/ros2_ws/install/rat_tracking/share/rat_tracking
running install_egg_info
Copying ../../build/rat_tracking/rat_tracking.egg-info to /home/pullen65/rat-trak/ros2_ws/install/rat_tracking/lib/python3.12/site-packages/rat_tracking-0.0.0-py3.12.egg-info
running install_scripts
Installing rat_tracker script to /home/pullen65/rat-trak/ros2_ws/install/rat_tracking/lib/rat_tracking
writing list of installed files to '/home/pullen65/rat-trak/ros2_ws/build/rat_tracking/install.log'
