[2.075s] Invoking command in '/home/rat-trak/rat-trak/ros2_ws/src/motor_control_pkg': DEBUGINFOD_URLS=https://debuginfod.ubuntu.com PYTHONPATH=/home/rat-trak/rat-trak/ros2_ws/build/motor_control_pkg/prefix_override:/usr/lib/python3/dist-packages/colcon_core/task/python/colcon_distutils_commands:/home/rat-trak/rat-trak/ros2_ws/install/motor_control_pkg/lib/python3.12/site-packages:${PYTHONPATH} /usr/bin/python3 -W ignore:setup.py install is deprecated setup.py egg_info --egg-base ../../build/motor_control_pkg build --build-base /home/rat-trak/rat-trak/ros2_ws/build/motor_control_pkg/build install --record /home/rat-trak/rat-trak/ros2_ws/build/motor_control_pkg/install.log --single-version-externally-managed install_data
[2.507s] running egg_info
[2.532s] writing ../../build/motor_control_pkg/motor_control_pkg.egg-info/PKG-INFO
[2.532s] writing dependency_links to ../../build/motor_control_pkg/motor_control_pkg.egg-info/dependency_links.txt
[2.534s] writing entry points to ../../build/motor_control_pkg/motor_control_pkg.egg-info/entry_points.txt
[2.535s] writing requirements to ../../build/motor_control_pkg/motor_control_pkg.egg-info/requires.txt
[2.537s] writing top-level names to ../../build/motor_control_pkg/motor_control_pkg.egg-info/top_level.txt
[2.596s] reading manifest file '../../build/motor_control_pkg/motor_control_pkg.egg-info/SOURCES.txt'
[2.597s] writing manifest file '../../build/motor_control_pkg/motor_control_pkg.egg-info/SOURCES.txt'
[2.598s] running build
[2.598s] running build_py
[2.598s] running install
[2.609s] running install_lib
[2.635s] running install_data
[2.635s] running install_egg_info
[2.663s] removing '/home/rat-trak/rat-trak/ros2_ws/install/motor_control_pkg/lib/python3.12/site-packages/motor_control_pkg-0.0.0-py3.12.egg-info' (and everything under it)
[2.664s] Copying ../../build/motor_control_pkg/motor_control_pkg.egg-info to /home/rat-trak/rat-trak/ros2_ws/install/motor_control_pkg/lib/python3.12/site-packages/motor_control_pkg-0.0.0-py3.12.egg-info
[2.665s] running install_scripts
[2.869s] Installing pwm_controller script to /home/rat-trak/rat-trak/ros2_ws/install/motor_control_pkg/lib/motor_control_pkg
[2.870s] writing list of installed files to '/home/rat-trak/rat-trak/ros2_ws/build/motor_control_pkg/install.log'
[3.045s] Invoked command in '/home/rat-trak/rat-trak/ros2_ws/src/motor_control_pkg' returned '0': DEBUGINFOD_URLS=https://debuginfod.ubuntu.com PYTHONPATH=/home/rat-trak/rat-trak/ros2_ws/build/motor_control_pkg/prefix_override:/usr/lib/python3/dist-packages/colcon_core/task/python/colcon_distutils_commands:/home/rat-trak/rat-trak/ros2_ws/install/motor_control_pkg/lib/python3.12/site-packages:${PYTHONPATH} /usr/bin/python3 -W ignore:setup.py install is deprecated setup.py egg_info --egg-base ../../build/motor_control_pkg build --build-base /home/rat-trak/rat-trak/ros2_ws/build/motor_control_pkg/build install --record /home/rat-trak/rat-trak/ros2_ws/build/motor_control_pkg/install.log --single-version-externally-managed install_data
